<?xml version="1.0" encoding="UTF-8"?>
<coverage generated="1774579877864" clover="3.2.0">
  <project timestamp="1774579877864" name="All files">
    <metrics statements="847" coveredstatements="674" conditionals="431" coveredconditionals="295" methods="275" coveredmethods="199" elements="1553" coveredelements="1168" complexity="0" loc="847" ncloc="847" packages="6" files="35" classes="35"/>
    <package name="app">
      <metrics statements="186" coveredstatements="94" conditionals="138" coveredconditionals="60" methods="62" coveredmethods="25"/>
      <file name="+html.tsx" path="/Users/jaamaalxyz/training/capital-cohort/app/+html.tsx">
        <metrics statements="2" coveredstatements="0" conditionals="0" coveredconditionals="0" methods="1" coveredmethods="0"/>
        <line num="9" count="0" type="stmt"/>
        <line num="27" count="0" type="stmt"/>
      </file>
      <file name="+not-found.tsx" path="/Users/jaamaalxyz/training/capital-cohort/app/+not-found.tsx">
        <metrics statements="9" coveredstatements="0" conditionals="2" coveredconditionals="0" methods="4" coveredmethods="0"/>
        <line num="9" count="0" type="stmt"/>
        <line num="10" count="0" type="stmt"/>
        <line num="11" count="0" type="stmt"/>
        <line num="12" count="0" type="stmt"/>
        <line num="14" count="0" type="stmt"/>
        <line num="20" count="0" type="stmt"/>
        <line num="24" count="0" type="stmt"/>
        <line num="32" count="0" type="stmt"/>
        <line num="33" count="0" type="stmt"/>
      </file>
      <file name="_layout.tsx" path="/Users/jaamaalxyz/training/capital-cohort/app/_layout.tsx">
        <metrics statements="21" coveredstatements="0" conditionals="16" coveredconditionals="0" methods="5" coveredmethods="0"/>
        <line num="15" count="0" type="stmt"/>
        <line num="16" count="0" type="stmt"/>
        <line num="17" count="0" type="stmt"/>
        <line num="18" count="0" type="stmt"/>
        <line num="20" count="0" type="stmt"/>
        <line num="21" count="0" type="cond" truecount="0" falsecount="2"/>
        <line num="23" count="0" type="stmt"/>
        <line num="25" count="0" type="cond" truecount="0" falsecount="4"/>
        <line num="27" count="0" type="stmt"/>
        <line num="28" count="0" type="cond" truecount="0" falsecount="4"/>
        <line num="30" count="0" type="stmt"/>
        <line num="34" count="0" type="cond" truecount="0" falsecount="2"/>
        <line num="35" count="0" type="stmt"/>
        <line num="49" count="0" type="stmt"/>
        <line num="81" count="0" type="stmt"/>
        <line num="83" count="0" type="stmt"/>
        <line num="84" count="0" type="stmt"/>
        <line num="85" count="0" type="stmt"/>
        <line num="89" count="0" type="cond" truecount="0" falsecount="2"/>
        <line num="90" count="0" type="stmt"/>
        <line num="104" count="0" type="stmt"/>
      </file>
      <file name="add-expense.tsx" path="/Users/jaamaalxyz/training/capital-cohort/app/add-expense.tsx">
        <metrics statements="40" coveredstatements="25" conditionals="30" coveredconditionals="15" methods="12" coveredmethods="5"/>
        <line num="26" count="21" type="stmt"/>
        <line num="27" count="21" type="stmt"/>
        <line num="28" count="21" type="stmt"/>
        <line num="29" count="21" type="stmt"/>
        <line num="31" count="21" type="stmt"/>
        <line num="32" count="21" type="cond" truecount="1" falsecount="1"/>
        <line num="34" count="21" type="stmt"/>
        <line num="35" count="21" type="stmt"/>
        <line num="36" count="21" type="stmt"/>
        <line num="37" count="21" type="stmt"/>
        <line num="38" count="21" type="stmt"/>
        <line num="40" count="21" type="stmt"/>
        <line num="41" count="1" type="stmt"/>
        <line num="48" count="1" type="stmt"/>
        <line num="50" count="1" type="cond" truecount="1" falsecount="1"/>
        <line num="52" count="1" type="cond" truecount="2" falsecount="2"/>
        <line num="53" count="1" type="stmt"/>
        <line num="54" count="0" type="cond" truecount="0" falsecount="2"/>
        <line num="55" count="0" type="stmt"/>
        <line num="56" count="0" type="cond" truecount="0" falsecount="2"/>
        <line num="57" count="0" type="stmt"/>
        <line num="59" count="1" type="stmt"/>
        <line num="62" count="0" type="stmt"/>
        <line num="71" count="0" type="stmt"/>
        <line num="72" count="0" type="stmt"/>
        <line num="75" count="21" type="stmt"/>
        <line num="76" count="1" type="cond" truecount="3" falsecount="1"/>
        <line num="77" count="0" type="stmt"/>
        <line num="85" count="0" type="stmt"/>
        <line num="90" count="1" type="stmt"/>
        <line num="94" count="21" type="stmt"/>
        <line num="120" count="0" type="stmt"/>
        <line num="121" count="0" type="stmt"/>
        <line num="139" count="0" type="stmt"/>
        <line num="140" count="0" type="stmt"/>
        <line num="157" count="0" type="stmt"/>
        <line num="158" count="0" type="stmt"/>
        <line num="182" count="21" type="stmt"/>
        <line num="197" count="1" type="stmt"/>
        <line num="198" count="21" type="stmt"/>
      </file>
      <file name="add-recurring.tsx" path="/Users/jaamaalxyz/training/capital-cohort/app/add-recurring.tsx">
        <metrics statements="26" coveredstatements="21" conditionals="22" coveredconditionals="14" methods="5" coveredmethods="4"/>
        <line num="23" count="4" type="stmt"/>
        <line num="24" count="4" type="stmt"/>
        <line num="25" count="4" type="stmt"/>
        <line num="26" count="4" type="stmt"/>
        <line num="27" count="4" type="stmt"/>
        <line num="29" count="4" type="cond" truecount="1" falsecount="1"/>
        <line num="30" count="4" type="cond" truecount="1" falsecount="1"/>
        <line num="32" count="4" type="cond" truecount="2" falsecount="0"/>
        <line num="33" count="4" type="cond" truecount="2" falsecount="0"/>
        <line num="34" count="4" type="cond" truecount="2" falsecount="0"/>
        <line num="35" count="4" type="cond" truecount="2" falsecount="0"/>
        <line num="37" count="4" type="stmt"/>
        <line num="38" count="1" type="stmt"/>
        <line num="39" count="1" type="stmt"/>
        <line num="40" count="1" type="cond" truecount="1" falsecount="1"/>
        <line num="41" count="1" type="stmt"/>
        <line num="42" count="1" type="stmt"/>
        <line num="45" count="0" type="cond" truecount="0" falsecount="2"/>
        <line num="46" count="0" type="stmt"/>
        <line num="48" count="0" type="stmt"/>
        <line num="57" count="0" type="stmt"/>
        <line num="59" count="0" type="stmt"/>
        <line num="62" count="4" type="stmt"/>
        <line num="114" count="4" type="cond" truecount="1" falsecount="1"/>
        <line num="123" count="1" type="stmt"/>
        <line num="124" count="4" type="stmt"/>
      </file>
      <file name="onboarding.tsx" path="/Users/jaamaalxyz/training/capital-cohort/app/onboarding.tsx">
        <metrics statements="72" coveredstatements="35" conditionals="62" coveredconditionals="27" methods="27" coveredmethods="11"/>
        <line num="28" count="35" type="stmt"/>
        <line num="29" count="35" type="stmt"/>
        <line num="31" count="35" type="stmt"/>
        <line num="32" count="35" type="stmt"/>
        <line num="34" count="35" type="stmt"/>
        <line num="36" count="35" type="stmt"/>
        <line num="37" count="35" type="stmt"/>
        <line num="38" count="35" type="stmt"/>
        <line num="39" count="35" type="stmt"/>
        <line num="42" count="35" type="stmt"/>
        <line num="49" count="35" type="stmt"/>
        <line num="50" count="8" type="cond" truecount="1" falsecount="1"/>
        <line num="51" count="8" type="stmt"/>
        <line num="54" count="0" type="stmt"/>
        <line num="55" count="0" type="stmt"/>
        <line num="56" count="0" type="stmt"/>
        <line num="57" count="0" type="stmt"/>
        <line num="61" count="35" type="stmt"/>
        <line num="62" count="1" type="cond" truecount="1" falsecount="1"/>
        <line num="63" count="1" type="stmt"/>
        <line num="67" count="35" type="stmt"/>
        <line num="68" count="0" type="stmt"/>
        <line num="69" count="0" type="stmt"/>
        <line num="70" count="0" type="stmt"/>
        <line num="71" count="0" type="stmt"/>
        <line num="72" count="0" type="cond" truecount="0" falsecount="2"/>
        <line num="73" count="0" type="stmt"/>
        <line num="74" count="0" type="stmt"/>
        <line num="75" count="0" type="stmt"/>
        <line num="78" count="0" type="stmt"/>
        <line num="79" count="0" type="stmt"/>
        <line num="84" count="0" type="stmt"/>
        <line num="94" count="0" type="cond" truecount="0" falsecount="2"/>
        <line num="96" count="0" type="stmt"/>
        <line num="104" count="0" type="stmt"/>
        <line num="106" count="0" type="stmt"/>
        <line num="108" count="0" type="stmt"/>
        <line num="109" count="0" type="stmt"/>
        <line num="111" count="0" type="stmt"/>
        <line num="115" count="35" type="stmt"/>
        <line num="116" count="35" type="stmt"/>
        <line num="118" count="210" type="stmt"/>
        <line num="130" count="35" type="stmt"/>
        <line num="137" count="35" type="stmt"/>
        <line num="143" count="35" type="stmt"/>
        <line num="144" count="27" type="stmt"/>
        <line num="164" count="35" type="stmt"/>
        <line num="165" count="7" type="stmt"/>
        <line num="202" count="35" type="stmt"/>
        <line num="203" count="1" type="stmt"/>
        <line num="210" count="2" type="stmt"/>
        <line num="217" count="0" type="stmt"/>
        <line num="221" count="0" type="stmt"/>
        <line num="252" count="35" type="stmt"/>
        <line num="253" count="0" type="stmt"/>
        <line num="255" count="0" type="cond" truecount="0" falsecount="2"/>
        <line num="259" count="0" type="stmt"/>
        <line num="278" count="0" type="stmt"/>
        <line num="282" count="0" type="stmt"/>
        <line num="288" count="0" type="stmt"/>
        <line num="320" count="35" type="stmt"/>
        <line num="321" count="0" type="stmt"/>
        <line num="322" count="0" type="stmt"/>
        <line num="332" count="0" type="stmt"/>
        <line num="357" count="35" type="stmt"/>
        <line num="358" count="0" type="stmt"/>
        <line num="359" count="0" type="stmt"/>
        <line num="361" count="0" type="stmt"/>
        <line num="382" count="0" type="cond" truecount="0" falsecount="2"/>
        <line num="440" count="35" type="stmt"/>
        <line num="473" count="1" type="stmt"/>
        <line num="474" count="35" type="stmt"/>
      </file>
      <file name="recurring.tsx" path="/Users/jaamaalxyz/training/capital-cohort/app/recurring.tsx">
        <metrics statements="16" coveredstatements="13" conditionals="6" coveredconditionals="4" methods="8" coveredmethods="5"/>
        <line num="19" count="9" type="stmt"/>
        <line num="20" count="9" type="stmt"/>
        <line num="21" count="9" type="stmt"/>
        <line num="22" count="9" type="stmt"/>
        <line num="24" count="9" type="cond" truecount="1" falsecount="1"/>
        <line num="26" count="9" type="stmt"/>
        <line num="27" count="0" type="stmt"/>
        <line num="30" count="9" type="stmt"/>
        <line num="31" count="0" type="stmt"/>
        <line num="39" count="0" type="stmt"/>
        <line num="45" count="9" type="stmt"/>
        <line num="64" count="2" type="stmt"/>
        <line num="77" count="9" type="cond" truecount="1" falsecount="1"/>
        <line num="78" count="1" type="stmt"/>
        <line num="86" count="1" type="stmt"/>
        <line num="87" count="9" type="stmt"/>
      </file>
    </package>
    <package name="app.(tabs)">
      <metrics statements="191" coveredstatements="124" conditionals="92" coveredconditionals="46" methods="68" coveredmethods="34"/>
      <file name="_layout.tsx" path="/Users/jaamaalxyz/training/capital-cohort/app/(tabs)/_layout.tsx">
        <metrics statements="11" coveredstatements="0" conditionals="0" coveredconditionals="0" methods="6" coveredmethods="0"/>
        <line num="9" count="0" type="stmt"/>
        <line num="10" count="0" type="stmt"/>
        <line num="11" count="0" type="stmt"/>
        <line num="13" count="0" type="stmt"/>
        <line num="15" count="0" type="stmt"/>
        <line num="33" count="0" type="stmt"/>
        <line num="42" count="0" type="stmt"/>
        <line num="51" count="0" type="stmt"/>
        <line num="60" count="0" type="stmt"/>
        <line num="68" count="0" type="stmt"/>
        <line num="69" count="0" type="stmt"/>
      </file>
      <file name="expenses.tsx" path="/Users/jaamaalxyz/training/capital-cohort/app/(tabs)/expenses.tsx">
        <metrics statements="28" coveredstatements="26" conditionals="14" coveredconditionals="13" methods="12" coveredmethods="9"/>
        <line num="24" count="17" type="stmt"/>
        <line num="25" count="17" type="stmt"/>
        <line num="26" count="17" type="stmt"/>
        <line num="27" count="17" type="stmt"/>
        <line num="28" count="17" type="cond" truecount="1" falsecount="1"/>
        <line num="30" count="17" type="stmt"/>
        <line num="32" count="17" type="stmt"/>
        <line num="39" count="17" type="stmt"/>
        <line num="40" count="17" type="cond" truecount="2" falsecount="0"/>
        <line num="41" count="16" type="stmt"/>
        <line num="43" count="1" type="stmt"/>
        <line num="46" count="17" type="stmt"/>
        <line num="47" count="17" type="stmt"/>
        <line num="51" count="17" type="stmt"/>
        <line num="52" count="0" type="stmt"/>
        <line num="57" count="0" type="stmt"/>
        <line num="62" count="17" type="stmt"/>
        <line num="63" count="2" type="stmt"/>
        <line num="64" count="2" type="stmt"/>
        <line num="68" count="2" type="stmt"/>
        <line num="79" count="17" type="stmt"/>
        <line num="90" count="68" type="stmt"/>
        <line num="92" count="68" type="cond" truecount="2" falsecount="0"/>
        <line num="96" count="68" type="stmt"/>
        <line num="103" count="2" type="stmt"/>
        <line num="136" count="4" type="stmt"/>
        <line num="145" count="1" type="stmt"/>
        <line num="146" count="17" type="stmt"/>
      </file>
      <file name="index.tsx" path="/Users/jaamaalxyz/training/capital-cohort/app/(tabs)/index.tsx">
        <metrics statements="17" coveredstatements="15" conditionals="12" coveredconditionals="9" methods="7" coveredmethods="5"/>
        <line num="27" count="15" type="stmt"/>
        <line num="28" count="15" type="stmt"/>
        <line num="29" count="15" type="stmt"/>
        <line num="30" count="15" type="stmt"/>
        <line num="32" count="15" type="stmt"/>
        <line num="34" count="15" type="cond" truecount="2" falsecount="0"/>
        <line num="35" count="7" type="stmt"/>
        <line num="42" count="8" type="stmt"/>
        <line num="43" count="8" type="cond" truecount="1" falsecount="1"/>
        <line num="45" count="8" type="stmt"/>
        <line num="55" count="1" type="stmt"/>
        <line num="64" count="0" type="stmt"/>
        <line num="84" count="0" type="stmt"/>
        <line num="138" count="8" type="cond" truecount="1" falsecount="1"/>
        <line num="139" count="1" type="stmt"/>
        <line num="147" count="1" type="stmt"/>
        <line num="148" count="15" type="stmt"/>
      </file>
      <file name="reports.tsx" path="/Users/jaamaalxyz/training/capital-cohort/app/(tabs)/reports.tsx">
        <metrics statements="8" coveredstatements="8" conditionals="4" coveredconditionals="4" methods="2" coveredmethods="2"/>
        <line num="18" count="1" type="stmt"/>
        <line num="21" count="18" type="stmt"/>
        <line num="22" count="18" type="stmt"/>
        <line num="24" count="18" type="stmt"/>
        <line num="25" count="18" type="stmt"/>
        <line num="29" count="18" type="stmt"/>
        <line num="31" count="18" type="stmt"/>
        <line num="122" count="1" type="stmt"/>
      </file>
      <file name="settings.tsx" path="/Users/jaamaalxyz/training/capital-cohort/app/(tabs)/settings.tsx">
        <metrics statements="127" coveredstatements="75" conditionals="62" coveredconditionals="20" methods="41" coveredmethods="18"/>
        <line num="45" count="14" type="stmt"/>
        <line num="46" count="14" type="stmt"/>
        <line num="48" count="14" type="stmt"/>
        <line num="49" count="14" type="stmt"/>
        <line num="50" count="14" type="stmt"/>
        <line num="51" count="14" type="stmt"/>
        <line num="52" count="14" type="stmt"/>
        <line num="53" count="14" type="stmt"/>
        <line num="54" count="14" type="stmt"/>
        <line num="55" count="14" type="stmt"/>
        <line num="57" count="14" type="stmt"/>
        <line num="59" count="14" type="stmt"/>
        <line num="60" count="7" type="stmt"/>
        <line num="63" count="14" type="stmt"/>
        <line num="64" count="14" type="cond" truecount="1" falsecount="1"/>
        <line num="66" count="14" type="stmt"/>
        <line num="67" count="7" type="stmt"/>
        <line num="69" count="7" type="cond" truecount="1" falsecount="1"/>
        <line num="70" count="7" type="stmt"/>
        <line num="73" count="0" type="stmt"/>
        <line num="75" count="0" type="cond" truecount="0" falsecount="3"/>
        <line num="81" count="14" type="stmt"/>
        <line num="82" count="7" type="stmt"/>
        <line num="84" count="7" type="cond" truecount="1" falsecount="1"/>
        <line num="85" count="7" type="stmt"/>
        <line num="88" count="0" type="stmt"/>
        <line num="90" count="0" type="cond" truecount="0" falsecount="3"/>
        <line num="96" count="14" type="stmt"/>
        <line num="97" count="0" type="stmt"/>
        <line num="98" count="0" type="stmt"/>
        <line num="101" count="14" type="stmt"/>
        <line num="102" count="1" type="stmt"/>
        <line num="103" count="1" type="stmt"/>
        <line num="104" count="1" type="stmt"/>
        <line num="105" count="1" type="stmt"/>
        <line num="107" count="1" type="stmt"/>
        <line num="108" count="1" type="stmt"/>
        <line num="113" count="0" type="stmt"/>
        <line num="117" count="14" type="stmt"/>
        <line num="118" count="1" type="stmt"/>
        <line num="119" count="1" type="stmt"/>
        <line num="124" count="1" type="stmt"/>
        <line num="125" count="1" type="stmt"/>
        <line num="126" count="1" type="stmt"/>
        <line num="127" count="1" type="stmt"/>
        <line num="132" count="0" type="stmt"/>
        <line num="136" count="14" type="stmt"/>
        <line num="137" count="1" type="stmt"/>
        <line num="138" count="1" type="stmt"/>
        <line num="141" count="1" type="cond" truecount="3" falsecount="1"/>
        <line num="142" count="1" type="stmt"/>
        <line num="143" count="1" type="stmt"/>
        <line num="144" count="1" type="stmt"/>
        <line num="145" count="1" type="stmt"/>
        <line num="146" count="0" type="stmt"/>
        <line num="155" count="0" type="stmt"/>
        <line num="165" count="1" type="cond" truecount="1" falsecount="1"/>
        <line num="169" count="14" type="stmt"/>
        <line num="170" count="0" type="stmt"/>
        <line num="176" count="0" type="stmt"/>
        <line num="177" count="0" type="stmt"/>
        <line num="178" count="0" type="stmt"/>
        <line num="184" count="14" type="stmt"/>
        <line num="186" count="0" type="stmt"/>
        <line num="187" count="0" type="stmt"/>
        <line num="188" count="0" type="stmt"/>
        <line num="193" count="14" type="stmt"/>
        <line num="194" count="0" type="stmt"/>
        <line num="195" count="0" type="stmt"/>
        <line num="198" count="14" type="stmt"/>
        <line num="199" count="0" type="stmt"/>
        <line num="200" count="0" type="stmt"/>
        <line num="201" count="0" type="stmt"/>
        <line num="202" count="0" type="cond" truecount="0" falsecount="2"/>
        <line num="203" count="0" type="stmt"/>
        <line num="207" count="0" type="stmt"/>
        <line num="208" count="0" type="stmt"/>
        <line num="211" count="0" type="stmt"/>
        <line num="212" count="0" type="stmt"/>
        <line num="217" count="0" type="stmt"/>
        <line num="225" count="0" type="stmt"/>
        <line num="226" count="0" type="stmt"/>
        <line num="228" count="0" type="stmt"/>
        <line num="232" count="14" type="stmt"/>
        <line num="233" count="0" type="stmt"/>
        <line num="234" count="0" type="stmt"/>
        <line num="237" count="14" type="stmt"/>
        <line num="238" count="0" type="stmt"/>
        <line num="239" count="0" type="stmt"/>
        <line num="242" count="14" type="stmt"/>
        <line num="243" count="0" type="stmt"/>
        <line num="244" count="0" type="stmt"/>
        <line num="247" count="14" type="stmt"/>
        <line num="248" count="0" type="stmt"/>
        <line num="249" count="0" type="stmt"/>
        <line num="252" count="14" type="stmt"/>
        <line num="255" count="14" type="stmt"/>
        <line num="258" count="14" type="stmt"/>
        <line num="262" count="14" type="stmt"/>
        <line num="264" count="14" type="stmt"/>
        <line num="266" count="14" type="stmt"/>
        <line num="268" count="0" type="stmt"/>
        <line num="269" count="0" type="stmt"/>
        <line num="275" count="0" type="stmt"/>
        <line num="291" count="14" type="stmt"/>
        <line num="293" count="0" type="stmt"/>
        <line num="294" count="0" type="stmt"/>
        <line num="301" count="0" type="stmt"/>
        <line num="302" count="0" type="stmt"/>
        <line num="316" count="14" type="stmt"/>
        <line num="417" count="14" type="stmt"/>
        <line num="440" count="14" type="stmt"/>
        <line num="450" count="14" type="stmt"/>
        <line num="455" count="14" type="stmt"/>
        <line num="466" count="14" type="stmt"/>
        <line num="518" count="14" type="stmt"/>
        <line num="522" count="0" type="stmt"/>
        <line num="574" count="14" type="stmt"/>
        <line num="586" count="14" type="stmt"/>
        <line num="599" count="14" type="stmt"/>
        <line num="616" count="14" type="stmt"/>
        <line num="672" count="0" type="stmt"/>
        <line num="676" count="0" type="stmt"/>
        <line num="729" count="0" type="stmt"/>
        <line num="733" count="0" type="stmt"/>
        <line num="748" count="2" type="stmt"/>
        <line num="749" count="14" type="stmt"/>
      </file>
    </package>
    <package name="components">
      <metrics statements="76" coveredstatements="76" conditionals="46" coveredconditionals="42" methods="24" coveredmethods="24"/>
      <file name="AmountInput.tsx" path="/Users/jaamaalxyz/training/capital-cohort/components/AmountInput.tsx">
        <metrics statements="22" coveredstatements="22" conditionals="11" coveredconditionals="10" methods="4" coveredmethods="4"/>
        <line num="22" count="53" type="stmt"/>
        <line num="23" count="53" type="stmt"/>
        <line num="24" count="53" type="stmt"/>
        <line num="26" count="53" type="stmt"/>
        <line num="28" count="53" type="stmt"/>
        <line num="29" count="29" type="cond" truecount="2" falsecount="0"/>
        <line num="30" count="1" type="stmt"/>
        <line num="32" count="28" type="stmt"/>
        <line num="36" count="53" type="stmt"/>
        <line num="38" count="4" type="stmt"/>
        <line num="41" count="4" type="stmt"/>
        <line num="42" count="4" type="stmt"/>
        <line num="43" count="4" type="cond" truecount="2" falsecount="0"/>
        <line num="44" count="2" type="stmt"/>
        <line num="47" count="4" type="stmt"/>
        <line num="50" count="4" type="stmt"/>
        <line num="51" count="4" type="cond" truecount="2" falsecount="0"/>
        <line num="52" count="3" type="stmt"/>
        <line num="54" count="1" type="stmt"/>
        <line num="58" count="53" type="stmt"/>
        <line num="77" count="6" type="stmt"/>
        <line num="78" count="53" type="stmt"/>
      </file>
      <file name="BudgetCard.tsx" path="/Users/jaamaalxyz/training/capital-cohort/components/BudgetCard.tsx">
        <metrics statements="9" coveredstatements="9" conditionals="10" coveredconditionals="8" methods="3" coveredmethods="3"/>
        <line num="23" count="34" type="stmt"/>
        <line num="24" count="34" type="stmt"/>
        <line num="25" count="34" type="stmt"/>
        <line num="27" count="34" type="stmt"/>
        <line num="28" count="34" type="stmt"/>
        <line num="30" count="34" type="stmt"/>
        <line num="32" count="34" type="cond" truecount="1" falsecount="1"/>
        <line num="78" count="2" type="stmt"/>
        <line num="79" count="34" type="stmt"/>
      </file>
      <file name="CategoryPicker.tsx" path="/Users/jaamaalxyz/training/capital-cohort/components/CategoryPicker.tsx">
        <metrics statements="11" coveredstatements="11" conditionals="4" coveredconditionals="4" methods="4" coveredmethods="4"/>
        <line num="13" count="3" type="stmt"/>
        <line num="16" count="33" type="stmt"/>
        <line num="17" count="33" type="stmt"/>
        <line num="19" count="33" type="stmt"/>
        <line num="21" count="33" type="stmt"/>
        <line num="24" count="99" type="stmt"/>
        <line num="25" count="99" type="stmt"/>
        <line num="27" count="99" type="stmt"/>
        <line num="37" count="3" type="stmt"/>
        <line num="55" count="3" type="stmt"/>
        <line num="56" count="33" type="stmt"/>
      </file>
      <file name="ExpenseItem.tsx" path="/Users/jaamaalxyz/training/capital-cohort/components/ExpenseItem.tsx">
        <metrics statements="8" coveredstatements="8" conditionals="5" coveredconditionals="4" methods="3" coveredmethods="3"/>
        <line num="20" count="12" type="stmt"/>
        <line num="21" count="12" type="stmt"/>
        <line num="22" count="12" type="stmt"/>
        <line num="24" count="12" type="stmt"/>
        <line num="26" count="12" type="stmt"/>
        <line num="53" count="1" type="stmt"/>
        <line num="66" count="2" type="stmt"/>
        <line num="67" count="12" type="stmt"/>
      </file>
      <file name="ProgressBar.tsx" path="/Users/jaamaalxyz/training/capital-cohort/components/ProgressBar.tsx">
        <metrics statements="7" coveredstatements="7" conditionals="2" coveredconditionals="2" methods="2" coveredmethods="2"/>
        <line num="16" count="41" type="stmt"/>
        <line num="17" count="41" type="stmt"/>
        <line num="18" count="41" type="cond" truecount="2" falsecount="0"/>
        <line num="20" count="41" type="stmt"/>
        <line num="22" count="41" type="stmt"/>
        <line num="37" count="3" type="stmt"/>
        <line num="38" count="41" type="stmt"/>
      </file>
      <file name="RecurringItem.tsx" path="/Users/jaamaalxyz/training/capital-cohort/components/RecurringItem.tsx">
        <metrics statements="8" coveredstatements="8" conditionals="3" coveredconditionals="3" methods="4" coveredmethods="4"/>
        <line num="16" count="10" type="stmt"/>
        <line num="17" count="10" type="stmt"/>
        <line num="18" count="10" type="stmt"/>
        <line num="20" count="10" type="stmt"/>
        <line num="43" count="1" type="stmt"/>
        <line num="51" count="1" type="stmt"/>
        <line num="63" count="2" type="stmt"/>
        <line num="64" count="10" type="stmt"/>
      </file>
      <file name="ScreenContainer.tsx" path="/Users/jaamaalxyz/training/capital-cohort/components/ScreenContainer.tsx">
        <metrics statements="3" coveredstatements="3" conditionals="1" coveredconditionals="1" methods="1" coveredmethods="1"/>
        <line num="17" count="62" type="stmt"/>
        <line num="18" count="62" type="stmt"/>
        <line num="29" count="4" type="stmt"/>
      </file>
      <file name="ThemePicker.tsx" path="/Users/jaamaalxyz/training/capital-cohort/components/ThemePicker.tsx">
        <metrics statements="8" coveredstatements="8" conditionals="10" coveredconditionals="10" methods="3" coveredmethods="3"/>
        <line num="9" count="5" type="stmt"/>
        <line num="10" count="5" type="stmt"/>
        <line num="17" count="5" type="stmt"/>
        <line num="38" count="5" type="stmt"/>
        <line num="41" count="15" type="stmt"/>
        <line num="42" count="15" type="stmt"/>
        <line num="52" count="1" type="stmt"/>
        <line num="83" count="2" type="stmt"/>
      </file>
    </package>
    <package name="components.charts">
      <metrics statements="58" coveredstatements="58" conditionals="8" coveredconditionals="8" methods="9" coveredmethods="9"/>
      <file name="BarChart.tsx" path="/Users/jaamaalxyz/training/capital-cohort/components/charts/BarChart.tsx">
        <metrics statements="16" coveredstatements="16" conditionals="3" coveredconditionals="3" methods="3" coveredmethods="3"/>
        <line num="7" count="2" type="stmt"/>
        <line num="12" count="2" type="stmt"/>
        <line num="13" count="2" type="stmt"/>
        <line num="14" count="2" type="stmt"/>
        <line num="21" count="2" type="cond" truecount="1" falsecount="0"/>
        <line num="22" count="14" type="cond" truecount="2" falsecount="0"/>
        <line num="23" count="1" type="stmt"/>
        <line num="32" count="49" type="stmt"/>
        <line num="34" count="13" type="stmt"/>
        <line num="38" count="49" type="stmt"/>
        <line num="39" count="49" type="stmt"/>
        <line num="41" count="49" type="stmt"/>
        <line num="42" count="49" type="stmt"/>
        <line num="43" count="49" type="stmt"/>
        <line num="45" count="49" type="stmt"/>
        <line num="85" count="2" type="stmt"/>
      </file>
      <file name="ChartLegend.tsx" path="/Users/jaamaalxyz/training/capital-cohort/components/charts/ChartLegend.tsx">
        <metrics statements="3" coveredstatements="3" conditionals="0" coveredconditionals="0" methods="1" coveredmethods="1"/>
        <line num="12" count="1" type="stmt"/>
        <line num="13" count="18" type="stmt"/>
        <line num="20" count="1" type="stmt"/>
      </file>
      <file name="DonutChart.tsx" path="/Users/jaamaalxyz/training/capital-cohort/components/charts/DonutChart.tsx">
        <metrics statements="36" coveredstatements="36" conditionals="5" coveredconditionals="5" methods="4" coveredmethods="4"/>
        <line num="8" count="2" type="stmt"/>
        <line num="9" count="2" type="stmt"/>
        <line num="10" count="2" type="stmt"/>
        <line num="11" count="2" type="stmt"/>
        <line num="12" count="2" type="stmt"/>
        <line num="14" count="2" type="stmt"/>
        <line num="42" count="34" type="stmt"/>
        <line num="43" count="34" type="stmt"/>
        <line num="45" count="34" type="stmt"/>
        <line num="46" count="34" type="stmt"/>
        <line num="47" count="34" type="stmt"/>
        <line num="48" count="34" type="stmt"/>
        <line num="49" count="34" type="stmt"/>
        <line num="50" count="34" type="stmt"/>
        <line num="51" count="34" type="stmt"/>
        <line num="52" count="34" type="stmt"/>
        <line num="53" count="34" type="cond" truecount="2" falsecount="0"/>
        <line num="55" count="34" type="stmt"/>
        <line num="64" count="2" type="stmt"/>
        <line num="69" count="14" type="stmt"/>
        <line num="71" count="14" type="cond" truecount="2" falsecount="0"/>
        <line num="72" count="1" type="stmt"/>
        <line num="79" count="13" type="stmt"/>
        <line num="83" count="39" type="stmt"/>
        <line num="85" count="13" type="stmt"/>
        <line num="86" count="13" type="stmt"/>
        <line num="87" count="13" type="stmt"/>
        <line num="88" count="13" type="stmt"/>
        <line num="90" count="13" type="stmt"/>
        <line num="92" count="13" type="stmt"/>
        <line num="96" count="34" type="stmt"/>
        <line num="97" count="34" type="stmt"/>
        <line num="98" count="34" type="stmt"/>
        <line num="99" count="34" type="stmt"/>
        <line num="100" count="34" type="stmt"/>
        <line num="119" count="2" type="stmt"/>
      </file>
      <file name="SpendingInsightCard.tsx" path="/Users/jaamaalxyz/training/capital-cohort/components/charts/SpendingInsightCard.tsx">
        <metrics statements="3" coveredstatements="3" conditionals="0" coveredconditionals="0" methods="1" coveredmethods="1"/>
        <line num="11" count="1" type="stmt"/>
        <line num="17" count="12" type="stmt"/>
        <line num="26" count="1" type="stmt"/>
      </file>
    </package>
    <package name="context">
      <metrics statements="109" coveredstatements="97" conditionals="47" coveredconditionals="39" methods="34" coveredmethods="29"/>
      <file name="BudgetContext.tsx" path="/Users/jaamaalxyz/training/capital-cohort/context/BudgetContext.tsx">
        <metrics statements="86" coveredstatements="74" conditionals="35" coveredconditionals="28" methods="29" coveredmethods="24"/>
        <line num="40" count="13" type="stmt"/>
        <line num="52" count="111" type="cond" truecount="10" falsecount="5"/>
        <line num="54" count="0" type="stmt"/>
        <line num="56" count="5" type="stmt"/>
        <line num="58" count="12" type="stmt"/>
        <line num="60" count="1" type="stmt"/>
        <line num="62" count="2" type="stmt"/>
        <line num="65" count="80" type="stmt"/>
        <line num="67" count="6" type="stmt"/>
        <line num="69" count="0" type="stmt"/>
        <line num="71" count="2" type="stmt"/>
        <line num="73" count="0" type="stmt"/>
        <line num="75" count="1" type="stmt"/>
        <line num="77" count="0" type="stmt"/>
        <line num="80" count="0" type="cond" truecount="0" falsecount="2"/>
        <line num="84" count="1" type="stmt"/>
        <line num="86" count="1" type="stmt"/>
        <line num="89" count="2" type="stmt"/>
        <line num="95" count="1" type="stmt"/>
        <line num="101" count="0" type="stmt"/>
        <line num="123" count="13" type="stmt"/>
        <line num="126" count="184" type="stmt"/>
        <line num="129" count="184" type="stmt"/>
        <line num="131" count="80" type="stmt"/>
        <line num="133" count="80" type="stmt"/>
        <line num="141" count="80" type="stmt"/>
        <line num="153" count="0" type="stmt"/>
        <line num="154" count="0" type="stmt"/>
        <line num="157" count="80" type="stmt"/>
        <line num="161" count="184" type="stmt"/>
        <line num="162" count="165" type="cond" truecount="2" falsecount="0"/>
        <line num="163" count="85" type="stmt"/>
        <line num="168" count="184" type="stmt"/>
        <line num="169" count="172" type="cond" truecount="2" falsecount="0"/>
        <line num="170" count="92" type="stmt"/>
        <line num="175" count="184" type="stmt"/>
        <line num="176" count="160" type="cond" truecount="2" falsecount="0"/>
        <line num="177" count="80" type="stmt"/>
        <line num="182" count="184" type="stmt"/>
        <line num="183" count="162" type="cond" truecount="2" falsecount="0"/>
        <line num="184" count="82" type="stmt"/>
        <line num="189" count="184" type="stmt"/>
        <line num="190" count="160" type="cond" truecount="2" falsecount="0"/>
        <line num="191" count="80" type="stmt"/>
        <line num="196" count="184" type="stmt"/>
        <line num="197" count="165" type="cond" truecount="2" falsecount="0"/>
        <line num="198" count="85" type="stmt"/>
        <line num="203" count="184" type="stmt"/>
        <line num="204" count="166" type="cond" truecount="2" falsecount="0"/>
        <line num="205" count="86" type="stmt"/>
        <line num="209" count="86" type="cond" truecount="2" falsecount="0"/>
        <line num="210" count="2" type="stmt"/>
        <line num="218" count="184" type="stmt"/>
        <line num="219" count="178" type="stmt"/>
        <line num="223" count="184" type="stmt"/>
        <line num="224" count="179" type="stmt"/>
        <line num="228" count="184" type="stmt"/>
        <line num="229" count="5" type="stmt"/>
        <line num="232" count="184" type="stmt"/>
        <line num="233" count="12" type="stmt"/>
        <line num="236" count="184" type="stmt"/>
        <line num="237" count="1" type="stmt"/>
        <line num="240" count="184" type="stmt"/>
        <line num="241" count="6" type="stmt"/>
        <line num="244" count="184" type="stmt"/>
        <line num="245" count="0" type="stmt"/>
        <line num="248" count="184" type="stmt"/>
        <line num="249" count="2" type="stmt"/>
        <line num="252" count="184" type="stmt"/>
        <line num="253" count="0" type="stmt"/>
        <line num="256" count="184" type="stmt"/>
        <line num="257" count="1" type="stmt"/>
        <line num="258" count="1" type="stmt"/>
        <line num="261" count="184" type="stmt"/>
        <line num="262" count="0" type="stmt"/>
        <line num="265" count="184" type="stmt"/>
        <line num="266" count="1" type="stmt"/>
        <line num="269" count="184" type="stmt"/>
        <line num="270" count="0" type="stmt"/>
        <line num="273" count="184" type="stmt"/>
        <line num="274" count="1" type="stmt"/>
        <line num="277" count="184" type="stmt"/>
        <line num="303" count="198" type="stmt"/>
        <line num="304" count="197" type="cond" truecount="2" falsecount="0"/>
        <line num="305" count="2" type="stmt"/>
        <line num="307" count="195" type="stmt"/>
      </file>
      <file name="ThemeContext.tsx" path="/Users/jaamaalxyz/training/capital-cohort/context/ThemeContext.tsx">
        <metrics statements="23" coveredstatements="23" conditionals="12" coveredconditionals="11" methods="5" coveredmethods="5"/>
        <line num="15" count="15" type="stmt"/>
        <line num="18" count="210" type="stmt"/>
        <line num="19" count="210" type="stmt"/>
        <line num="20" count="210" type="stmt"/>
        <line num="22" count="210" type="stmt"/>
        <line num="24" count="104" type="stmt"/>
        <line num="25" count="104" type="cond" truecount="2" falsecount="0"/>
        <line num="26" count="2" type="stmt"/>
        <line num="28" count="104" type="stmt"/>
        <line num="30" count="104" type="stmt"/>
        <line num="33" count="210" type="stmt"/>
        <line num="34" count="2" type="stmt"/>
        <line num="35" count="2" type="stmt"/>
        <line num="39" count="210" type="cond" truecount="3" falsecount="1"/>
        <line num="41" count="210" type="stmt"/>
        <line num="42" count="210" type="cond" truecount="2" falsecount="0"/>
        <line num="44" count="210" type="cond" truecount="2" falsecount="0"/>
        <line num="45" count="104" type="stmt"/>
        <line num="48" count="106" type="stmt"/>
        <line num="64" count="333" type="stmt"/>
        <line num="65" count="332" type="cond" truecount="2" falsecount="0"/>
        <line num="66" count="2" type="stmt"/>
        <line num="68" count="330" type="stmt"/>
      </file>
    </package>
    <package name="utils">
      <metrics statements="227" coveredstatements="225" conditionals="100" coveredconditionals="100" methods="78" coveredmethods="78"/>
      <file name="calculations.ts" path="/Users/jaamaalxyz/training/capital-cohort/utils/calculations.ts">
        <metrics statements="19" coveredstatements="19" conditionals="4" coveredconditionals="4" methods="9" coveredmethods="9"/>
        <line num="5" count="182" type="stmt"/>
        <line num="13" count="561" type="stmt"/>
        <line num="14" count="561" type="stmt"/>
        <line num="15" count="561" type="stmt"/>
        <line num="16" count="126" type="stmt"/>
        <line num="17" count="45" type="stmt"/>
        <line num="19" count="561" type="stmt"/>
        <line num="32" count="184" type="stmt"/>
        <line num="33" count="184" type="stmt"/>
        <line num="34" count="184" type="stmt"/>
        <line num="36" count="184" type="stmt"/>
        <line num="38" count="184" type="stmt"/>
        <line num="49" count="21" type="stmt"/>
        <line num="51" count="21" type="stmt"/>
        <line num="52" count="7" type="stmt"/>
        <line num="55" count="21" type="stmt"/>
        <line num="56" count="9" type="cond" truecount="2" falsecount="0"/>
        <line num="57" count="9" type="stmt"/>
        <line num="60" count="21" type="stmt"/>
      </file>
      <file name="exportData.ts" path="/Users/jaamaalxyz/training/capital-cohort/utils/exportData.ts">
        <metrics statements="10" coveredstatements="10" conditionals="5" coveredconditionals="5" methods="5" coveredmethods="5"/>
        <line num="3" count="3" type="stmt"/>
        <line num="6" count="5" type="cond" truecount="5" falsecount="0"/>
        <line num="7" count="2" type="stmt"/>
        <line num="9" count="3" type="stmt"/>
        <line num="13" count="7" type="stmt"/>
        <line num="14" count="5" type="stmt"/>
        <line num="21" count="7" type="stmt"/>
        <line num="29" count="5" type="stmt"/>
        <line num="36" count="5" type="stmt"/>
        <line num="40" count="5" type="stmt"/>
      </file>
      <file name="formatters.ts" path="/Users/jaamaalxyz/training/capital-cohort/utils/formatters.ts">
        <metrics statements="31" coveredstatements="31" conditionals="17" coveredconditionals="17" methods="10" coveredmethods="10"/>
        <line num="4" count="192" type="stmt"/>
        <line num="5" count="192" type="cond" truecount="2" falsecount="0"/>
        <line num="6" count="192" type="cond" truecount="2" falsecount="0"/>
        <line num="8" count="192" type="stmt"/>
        <line num="13" count="192" type="stmt"/>
        <line num="17" count="6" type="stmt"/>
        <line num="18" count="6" type="stmt"/>
        <line num="19" count="6" type="cond" truecount="2" falsecount="0"/>
        <line num="23" count="49" type="stmt"/>
        <line num="24" count="49" type="stmt"/>
        <line num="28" count="28" type="stmt"/>
        <line num="29" count="28" type="stmt"/>
        <line num="30" count="28" type="cond" truecount="2" falsecount="0"/>
        <line num="31" count="28" type="cond" truecount="2" falsecount="0"/>
        <line num="32" count="28" type="stmt"/>
        <line num="36" count="26" type="stmt"/>
        <line num="37" count="26" type="cond" truecount="2" falsecount="0"/>
        <line num="38" count="26" type="cond" truecount="2" falsecount="0"/>
        <line num="39" count="26" type="stmt"/>
        <line num="47" count="45" type="stmt"/>
        <line num="48" count="45" type="stmt"/>
        <line num="52" count="15" type="stmt"/>
        <line num="53" count="465" type="stmt"/>
        <line num="54" count="465" type="cond" truecount="2" falsecount="0"/>
        <line num="55" count="465" type="stmt"/>
        <line num="60" count="9" type="stmt"/>
        <line num="61" count="9" type="stmt"/>
        <line num="62" count="9" type="stmt"/>
        <line num="66" count="5" type="stmt"/>
        <line num="67" count="5" type="stmt"/>
        <line num="68" count="5" type="stmt"/>
      </file>
      <file name="importData.ts" path="/Users/jaamaalxyz/training/capital-cohort/utils/importData.ts">
        <metrics statements="22" coveredstatements="22" conditionals="18" coveredconditionals="18" methods="4" coveredmethods="4"/>
        <line num="5" count="14" type="stmt"/>
        <line num="6" count="14" type="stmt"/>
        <line num="10" count="4" type="stmt"/>
        <line num="13" count="8" type="cond" truecount="4" falsecount="0"/>
        <line num="14" count="1" type="stmt"/>
        <line num="16" count="7" type="stmt"/>
        <line num="17" count="7" type="stmt"/>
        <line num="18" count="7" type="stmt"/>
        <line num="19" count="31" type="cond" truecount="2" falsecount="0"/>
        <line num="21" count="4" type="cond" truecount="2" falsecount="0"/>
        <line num="22" count="3" type="cond" truecount="2" falsecount="0"/>
        <line num="23" count="2" type="stmt"/>
        <line num="25" count="1" type="stmt"/>
        <line num="30" count="15" type="stmt"/>
        <line num="31" count="15" type="stmt"/>
        <line num="33" count="2" type="stmt"/>
        <line num="35" count="13" type="cond" truecount="4" falsecount="0"/>
        <line num="36" count="12" type="stmt"/>
        <line num="37" count="12" type="cond" truecount="2" falsecount="0"/>
        <line num="38" count="10" type="cond" truecount="2" falsecount="0"/>
        <line num="39" count="8" type="stmt"/>
        <line num="40" count="1" type="stmt"/>
      </file>
      <file name="localization.ts" path="/Users/jaamaalxyz/training/capital-cohort/utils/localization.ts">
        <metrics statements="6" coveredstatements="6" conditionals="4" coveredconditionals="4" methods="1" coveredmethods="1"/>
        <line num="6" count="2" type="stmt"/>
        <line num="15" count="2" type="stmt"/>
        <line num="101" count="14" type="cond" truecount="2" falsecount="0"/>
        <line num="102" count="2" type="stmt"/>
        <line num="105" count="12" type="stmt"/>
        <line num="110" count="12" type="cond" truecount="2" falsecount="0"/>
      </file>
      <file name="recurringExpenses.ts" path="/Users/jaamaalxyz/training/capital-cohort/utils/recurringExpenses.ts">
        <metrics statements="22" coveredstatements="22" conditionals="16" coveredconditionals="16" methods="6" coveredmethods="6"/>
        <line num="5" count="14" type="cond" truecount="2" falsecount="0"/>
        <line num="6" count="11" type="cond" truecount="2" falsecount="0"/>
        <line num="7" count="5" type="stmt"/>
        <line num="11" count="11" type="stmt"/>
        <line num="12" count="11" type="stmt"/>
        <line num="16" count="11" type="stmt"/>
        <line num="17" count="11" type="stmt"/>
        <line num="18" count="11" type="stmt"/>
        <line num="19" count="11" type="stmt"/>
        <line num="34" count="91" type="stmt"/>
        <line num="35" count="91" type="stmt"/>
        <line num="36" count="10" type="cond" truecount="2" falsecount="0"/>
        <line num="37" count="5" type="stmt"/>
        <line num="38" count="5" type="stmt"/>
        <line num="40" count="91" type="stmt"/>
        <line num="46" count="7" type="cond" truecount="4" falsecount="0"/>
        <line num="47" count="2" type="stmt"/>
        <line num="49" count="5" type="cond" truecount="2" falsecount="0"/>
        <line num="50" count="1" type="stmt"/>
        <line num="52" count="4" type="cond" truecount="4" falsecount="0"/>
        <line num="53" count="2" type="stmt"/>
        <line num="55" count="2" type="stmt"/>
      </file>
      <file name="reportCalculations.ts" path="/Users/jaamaalxyz/training/capital-cohort/utils/reportCalculations.ts">
        <metrics statements="42" coveredstatements="42" conditionals="6" coveredconditionals="6" methods="26" coveredmethods="26"/>
        <line num="9" count="18" type="stmt"/>
        <line num="10" count="18" type="stmt"/>
        <line num="15" count="143" type="stmt"/>
        <line num="16" count="143" type="stmt"/>
        <line num="17" count="143" type="stmt"/>
        <line num="33" count="29" type="stmt"/>
        <line num="34" count="29" type="stmt"/>
        <line num="35" count="143" type="stmt"/>
        <line num="38" count="29" type="stmt"/>
        <line num="39" count="144" type="stmt"/>
        <line num="40" count="143" type="stmt"/>
        <line num="41" count="33" type="stmt"/>
        <line num="42" count="16" type="stmt"/>
        <line num="43" count="143" type="stmt"/>
        <line num="44" count="33" type="stmt"/>
        <line num="45" count="9" type="stmt"/>
        <line num="46" count="143" type="stmt"/>
        <line num="47" count="33" type="stmt"/>
        <line num="48" count="8" type="stmt"/>
        <line num="49" count="143" type="stmt"/>
        <line num="58" count="27" type="stmt"/>
        <line num="59" count="27" type="cond" truecount="2" falsecount="0"/>
        <line num="60" count="26" type="stmt"/>
        <line num="61" count="13" type="stmt"/>
        <line num="70" count="28" type="cond" truecount="2" falsecount="0"/>
        <line num="71" count="14" type="stmt"/>
        <line num="72" count="14" type="stmt"/>
        <line num="73" count="31" type="stmt"/>
        <line num="75" count="14" type="stmt"/>
        <line num="76" count="28" type="cond" truecount="2" falsecount="0"/>
        <line num="85" count="23" type="stmt"/>
        <line num="86" count="23" type="stmt"/>
        <line num="87" count="25" type="stmt"/>
        <line num="90" count="23" type="stmt"/>
        <line num="92" count="22" type="stmt"/>
        <line num="93" count="10" type="stmt"/>
        <line num="95" count="22" type="stmt"/>
        <line num="96" count="6" type="stmt"/>
        <line num="98" count="22" type="stmt"/>
        <line num="99" count="6" type="stmt"/>
        <line num="102" count="23" type="stmt"/>
        <line num="107" count="25" type="stmt"/>
      </file>
      <file name="storage.ts" path="/Users/jaamaalxyz/training/capital-cohort/utils/storage.ts">
        <metrics statements="61" coveredstatements="59" conditionals="16" coveredconditionals="16" methods="15" coveredmethods="15"/>
        <line num="7" count="88" type="stmt"/>
        <line num="8" count="88" type="stmt"/>
        <line num="10" count="1" type="stmt"/>
        <line num="15" count="83" type="stmt"/>
        <line num="16" count="83" type="stmt"/>
        <line num="17" count="82" type="cond" truecount="2" falsecount="0"/>
        <line num="19" count="1" type="stmt"/>
        <line num="20" count="1" type="stmt"/>
        <line num="25" count="96" type="stmt"/>
        <line num="26" count="96" type="stmt"/>
        <line num="28" count="1" type="stmt"/>
        <line num="33" count="84" type="stmt"/>
        <line num="34" count="84" type="stmt"/>
        <line num="35" count="83" type="cond" truecount="2" falsecount="0"/>
        <line num="37" count="1" type="stmt"/>
        <line num="38" count="1" type="stmt"/>
        <line num="43" count="82" type="stmt"/>
        <line num="44" count="82" type="stmt"/>
        <line num="46" count="1" type="stmt"/>
        <line num="51" count="83" type="stmt"/>
        <line num="52" count="83" type="stmt"/>
        <line num="53" count="82" type="cond" truecount="2" falsecount="0"/>
        <line num="55" count="1" type="stmt"/>
        <line num="56" count="1" type="stmt"/>
        <line num="61" count="85" type="stmt"/>
        <line num="62" count="85" type="cond" truecount="4" falsecount="0"/>
        <line num="63" count="82" type="stmt"/>
        <line num="65" count="3" type="stmt"/>
        <line num="71" count="0" type="stmt"/>
        <line num="76" count="83" type="stmt"/>
        <line num="77" count="83" type="stmt"/>
        <line num="78" count="82" type="cond" truecount="2" falsecount="0"/>
        <line num="80" count="1" type="stmt"/>
        <line num="81" count="1" type="stmt"/>
        <line num="88" count="83" type="stmt"/>
        <line num="89" count="83" type="stmt"/>
        <line num="94" count="1" type="stmt"/>
        <line num="99" count="84" type="stmt"/>
        <line num="100" count="84" type="stmt"/>
        <line num="101" count="83" type="cond" truecount="2" falsecount="0"/>
        <line num="103" count="1" type="stmt"/>
        <line num="104" count="1" type="stmt"/>
        <line num="109" count="87" type="stmt"/>
        <line num="110" count="87" type="stmt"/>
        <line num="112" count="0" type="stmt"/>
        <line num="117" count="84" type="stmt"/>
        <line num="118" count="84" type="stmt"/>
        <line num="119" count="83" type="cond" truecount="2" falsecount="0"/>
        <line num="121" count="1" type="stmt"/>
        <line num="122" count="1" type="stmt"/>
        <line num="127" count="7" type="stmt"/>
        <line num="128" count="7" type="stmt"/>
        <line num="130" count="1" type="stmt"/>
        <line num="135" count="110" type="stmt"/>
        <line num="136" count="110" type="stmt"/>
        <line num="137" count="109" type="stmt"/>
        <line num="139" count="1" type="stmt"/>
        <line num="140" count="1" type="stmt"/>
        <line num="145" count="4" type="stmt"/>
        <line num="146" count="4" type="stmt"/>
        <line num="158" count="1" type="stmt"/>
      </file>
      <file name="validation.ts" path="/Users/jaamaalxyz/training/capital-cohort/utils/validation.ts">
        <metrics statements="14" coveredstatements="14" conditionals="14" coveredconditionals="14" methods="2" coveredmethods="2"/>
        <line num="4" count="14" type="cond" truecount="4" falsecount="0"/>
        <line num="5" count="4" type="stmt"/>
        <line num="8" count="10" type="cond" truecount="2" falsecount="0"/>
        <line num="9" count="2" type="stmt"/>
        <line num="12" count="8" type="cond" truecount="2" falsecount="0"/>
        <line num="13" count="1" type="stmt"/>
        <line num="16" count="7" type="cond" truecount="2" falsecount="0"/>
        <line num="17" count="2" type="stmt"/>
        <line num="20" count="5" type="stmt"/>
        <line num="24" count="5" type="cond" truecount="2" falsecount="0"/>
        <line num="25" count="1" type="stmt"/>
        <line num="28" count="4" type="cond" truecount="2" falsecount="0"/>
        <line num="29" count="1" type="stmt"/>
        <line num="32" count="3" type="stmt"/>
      </file>
    </package>
  </project>
</coverage>
