{"/Users/jaamaalxyz/training/capital-cohort/app/+html.tsx": {"path":"/Users/jaamaalxyz/training/capital-cohort/app/+html.tsx","statementMap":{"0":{"start":{"line":9,"column":2},"end":{"line":24,"column":4}},"1":{"start":{"line":27,"column":29},"end":{"line":36,"column":1}}},"fnMap":{"0":{"name":"Root","decl":{"start":{"line":8,"column":24},"end":{"line":8,"column":28}},"loc":{"start":{"line":8,"column":62},"end":{"line":25,"column":1}},"line":8}},"branchMap":{},"s":{"0":0,"1":0},"f":{"0":0},"b":{}}
,"/Users/jaamaalxyz/training/capital-cohort/app/+not-found.tsx": {"path":"/Users/jaamaalxyz/training/capital-cohort/app/+not-found.tsx","statementMap":{"0":{"start":{"line":9,"column":17},"end":{"line":9,"column":28}},"1":{"start":{"line":10,"column":16},"end":{"line":10,"column":32}},"2":{"start":{"line":11,"column":21},"end":{"line":11,"column":31}},"3":{"start":{"line":12,"column":17},"end":{"line":12,"column":37}},"4":{"start":{"line":14,"column":2},"end":{"line":29,"column":4}},"5":{"start":{"line":20,"column":32},"end":{"line":23,"column":9}},"6":{"start":{"line":24,"column":23},"end":{"line":24,"column":42}},"7":{"start":{"line":32,"column":21},"end":{"line":71,"column":4}},"8":{"start":{"line":33,"column":2},"end":{"line":71,"column":4}}},"fnMap":{"0":{"name":"NotFoundScreen","decl":{"start":{"line":8,"column":24},"end":{"line":8,"column":38}},"loc":{"start":{"line":8,"column":41},"end":{"line":30,"column":1}},"line":8},"1":{"name":"(anonymous_1)","decl":{"start":{"line":20,"column":15},"end":{"line":20,"column":16}},"loc":{"start":{"line":20,"column":32},"end":{"line":23,"column":9}},"line":20},"2":{"name":"(anonymous_2)","decl":{"start":{"line":24,"column":17},"end":{"line":24,"column":18}},"loc":{"start":{"line":24,"column":23},"end":{"line":24,"column":42}},"line":24},"3":{"name":"(anonymous_3)","decl":{"start":{"line":32,"column":21},"end":{"line":32,"column":22}},"loc":{"start":{"line":33,"column":2},"end":{"line":71,"column":4}},"line":33}},"branchMap":{"0":{"loc":{"start":{"line":22,"column":10},"end":{"line":22,"column":41}},"type":"binary-expr","locations":[{"start":{"line":22,"column":10},"end":{"line":22,"column":17}},{"start":{"line":22,"column":21},"end":{"line":22,"column":41}}],"line":22}},"s":{"0":0,"1":0,"2":0,"3":0,"4":0,"5":0,"6":0,"7":0,"8":0},"f":{"0":0,"1":0,"2":0,"3":0},"b":{"0":[0,0]}}
,"/Users/jaamaalxyz/training/capital-cohort/app/_layout.tsx": {"path":"/Users/jaamaalxyz/training/capital-cohort/app/_layout.tsx","statementMap":{"0":{"start":{"line":15,"column":20},"end":{"line":15,"column":31}},"1":{"start":{"line":16,"column":29},"end":{"line":16,"column":39}},"2":{"start":{"line":17,"column":19},"end":{"line":17,"column":32}},"3":{"start":{"line":18,"column":17},"end":{"line":18,"column":28}},"4":{"start":{"line":20,"column":2},"end":{"line":32,"column":61}},"5":{"start":{"line":21,"column":4},"end":{"line":21,"column":32}},"6":{"start":{"line":21,"column":25},"end":{"line":21,"column":32}},"7":{"start":{"line":23,"column":30},"end":{"line":23,"column":58}},"8":{"start":{"line":25,"column":4},"end":{"line":31,"column":5}},"9":{"start":{"line":27,"column":6},"end":{"line":27,"column":36}},"10":{"start":{"line":28,"column":11},"end":{"line":31,"column":5}},"11":{"start":{"line":30,"column":6},"end":{"line":30,"column":26}},"12":{"start":{"line":34,"column":2},"end":{"line":47,"column":3}},"13":{"start":{"line":35,"column":4},"end":{"line":46,"column":6}},"14":{"start":{"line":49,"column":2},"end":{"line":77,"column":4}},"15":{"start":{"line":81,"column":52},"end":{"line":81,"column":67}},"16":{"start":{"line":83,"column":2},"end":{"line":87,"column":9}},"17":{"start":{"line":84,"column":4},"end":{"line":86,"column":7}},"18":{"start":{"line":85,"column":6},"end":{"line":85,"column":33}},"19":{"start":{"line":89,"column":2},"end":{"line":102,"column":3}},"20":{"start":{"line":90,"column":4},"end":{"line":101,"column":6}},"21":{"start":{"line":104,"column":2},"end":{"line":114,"column":4}}},"fnMap":{"0":{"name":"AppContent","decl":{"start":{"line":14,"column":9},"end":{"line":14,"column":19}},"loc":{"start":{"line":14,"column":22},"end":{"line":78,"column":1}},"line":14},"1":{"name":"(anonymous_1)","decl":{"start":{"line":20,"column":12},"end":{"line":20,"column":13}},"loc":{"start":{"line":20,"column":18},"end":{"line":32,"column":3}},"line":20},"2":{"name":"RootLayout","decl":{"start":{"line":80,"column":24},"end":{"line":80,"column":34}},"loc":{"start":{"line":80,"column":37},"end":{"line":115,"column":1}},"line":80},"3":{"name":"(anonymous_3)","decl":{"start":{"line":83,"column":12},"end":{"line":83,"column":13}},"loc":{"start":{"line":83,"column":18},"end":{"line":87,"column":3}},"line":83},"4":{"name":"(anonymous_4)","decl":{"start":{"line":84,"column":20},"end":{"line":84,"column":21}},"loc":{"start":{"line":84,"column":26},"end":{"line":86,"column":5}},"line":84}},"branchMap":{"0":{"loc":{"start":{"line":21,"column":4},"end":{"line":21,"column":32}},"type":"if","locations":[{"start":{"line":21,"column":4},"end":{"line":21,"column":32}},{"start":{},"end":{}}],"line":21},"1":{"loc":{"start":{"line":25,"column":4},"end":{"line":31,"column":5}},"type":"if","locations":[{"start":{"line":25,"column":4},"end":{"line":31,"column":5}},{"start":{"line":28,"column":11},"end":{"line":31,"column":5}}],"line":25},"2":{"loc":{"start":{"line":25,"column":8},"end":{"line":25,"column":56}},"type":"binary-expr","locations":[{"start":{"line":25,"column":8},"end":{"line":25,"column":34}},{"start":{"line":25,"column":38},"end":{"line":25,"column":56}}],"line":25},"3":{"loc":{"start":{"line":28,"column":11},"end":{"line":31,"column":5}},"type":"if","locations":[{"start":{"line":28,"column":11},"end":{"line":31,"column":5}},{"start":{},"end":{}}],"line":28},"4":{"loc":{"start":{"line":28,"column":15},"end":{"line":28,"column":61}},"type":"binary-expr","locations":[{"start":{"line":28,"column":15},"end":{"line":28,"column":40}},{"start":{"line":28,"column":44},"end":{"line":28,"column":61}}],"line":28},"5":{"loc":{"start":{"line":34,"column":2},"end":{"line":47,"column":3}},"type":"if","locations":[{"start":{"line":34,"column":2},"end":{"line":47,"column":3}},{"start":{},"end":{}}],"line":34},"6":{"loc":{"start":{"line":51,"column":24},"end":{"line":51,"column":49}},"type":"cond-expr","locations":[{"start":{"line":51,"column":33},"end":{"line":51,"column":40}},{"start":{"line":51,"column":43},"end":{"line":51,"column":49}}],"line":51},"7":{"loc":{"start":{"line":89,"column":2},"end":{"line":102,"column":3}},"type":"if","locations":[{"start":{"line":89,"column":2},"end":{"line":102,"column":3}},{"start":{},"end":{}}],"line":89}},"s":{"0":0,"1":0,"2":0,"3":0,"4":0,"5":0,"6":0,"7":0,"8":0,"9":0,"10":0,"11":0,"12":0,"13":0,"14":0,"15":0,"16":0,"17":0,"18":0,"19":0,"20":0,"21":0},"f":{"0":0,"1":0,"2":0,"3":0,"4":0},"b":{"0":[0,0],"1":[0,0],"2":[0,0],"3":[0,0],"4":[0,0],"5":[0,0],"6":[0,0],"7":[0,0]}}
,"/Users/jaamaalxyz/training/capital-cohort/app/add-expense.tsx": {"path":"/Users/jaamaalxyz/training/capital-cohort/app/add-expense.tsx","statementMap":{"0":{"start":{"line":26,"column":17},"end":{"line":26,"column":28}},"1":{"start":{"line":27,"column":16},"end":{"line":27,"column":32}},"2":{"start":{"line":28,"column":32},"end":{"line":28,"column":43}},"3":{"start":{"line":29,"column":21},"end":{"line":29,"column":31}},"4":{"start":{"line":31,"column":17},"end":{"line":31,"column":37}},"5":{"start":{"line":32,"column":25},"end":{"line":32,"column":73}},"6":{"start":{"line":34,"column":30},"end":{"line":34,"column":41}},"7":{"start":{"line":35,"column":40},"end":{"line":35,"column":52}},"8":{"start":{"line":36,"column":34},"end":{"line":36,"column":65}},"9":{"start":{"line":37,"column":26},"end":{"line":37,"column":46}},"10":{"start":{"line":38,"column":30},"end":{"line":38,"column":66}},"11":{"start":{"line":40,"column":23},"end":{"line":73,"column":3}},"12":{"start":{"line":41,"column":38},"end":{"line":46,"column":5}},"13":{"start":{"line":48,"column":23},"end":{"line":48,"column":47}},"14":{"start":{"line":50,"column":4},"end":{"line":60,"column":5}},"15":{"start":{"line":52,"column":6},"end":{"line":58,"column":7}},"16":{"start":{"line":53,"column":8},"end":{"line":53,"column":61}},"17":{"start":{"line":54,"column":13},"end":{"line":58,"column":7}},"18":{"start":{"line":55,"column":8},"end":{"line":55,"column":61}},"19":{"start":{"line":56,"column":13},"end":{"line":58,"column":7}},"20":{"start":{"line":57,"column":8},"end":{"line":57,"column":64}},"21":{"start":{"line":59,"column":6},"end":{"line":59,"column":13}},"22":{"start":{"line":62,"column":32},"end":{"line":69,"column":5}},"23":{"start":{"line":71,"column":4},"end":{"line":71,"column":27}},"24":{"start":{"line":72,"column":4},"end":{"line":72,"column":18}},"25":{"start":{"line":75,"column":22},"end":{"line":92,"column":3}},"26":{"start":{"line":76,"column":4},"end":{"line":91,"column":5}},"27":{"start":{"line":77,"column":6},"end":{"line":88,"column":8}},"28":{"start":{"line":85,"column":27},"end":{"line":85,"column":40}},"29":{"start":{"line":90,"column":6},"end":{"line":90,"column":20}},"30":{"start":{"line":94,"column":2},"end":{"line":194,"column":4}},"31":{"start":{"line":120,"column":14},"end":{"line":120,"column":31}},"32":{"start":{"line":121,"column":14},"end":{"line":121,"column":61}},"33":{"start":{"line":121,"column":35},"end":{"line":121,"column":58}},"34":{"start":{"line":139,"column":14},"end":{"line":139,"column":35}},"35":{"start":{"line":140,"column":14},"end":{"line":140,"column":66}},"36":{"start":{"line":140,"column":35},"end":{"line":140,"column":63}},"37":{"start":{"line":157,"column":14},"end":{"line":157,"column":31}},"38":{"start":{"line":158,"column":14},"end":{"line":158,"column":63}},"39":{"start":{"line":158,"column":35},"end":{"line":158,"column":60}},"40":{"start":{"line":182,"column":34},"end":{"line":185,"column":11}},"41":{"start":{"line":197,"column":21},"end":{"line":293,"column":4}},"42":{"start":{"line":198,"column":2},"end":{"line":293,"column":4}}},"fnMap":{"0":{"name":"AddExpenseScreen","decl":{"start":{"line":25,"column":24},"end":{"line":25,"column":40}},"loc":{"start":{"line":25,"column":43},"end":{"line":195,"column":1}},"line":25},"1":{"name":"(anonymous_1)","decl":{"start":{"line":40,"column":23},"end":{"line":40,"column":24}},"loc":{"start":{"line":40,"column":29},"end":{"line":73,"column":3}},"line":40},"2":{"name":"(anonymous_2)","decl":{"start":{"line":75,"column":22},"end":{"line":75,"column":23}},"loc":{"start":{"line":75,"column":28},"end":{"line":92,"column":3}},"line":75},"3":{"name":"(anonymous_3)","decl":{"start":{"line":85,"column":21},"end":{"line":85,"column":22}},"loc":{"start":{"line":85,"column":27},"end":{"line":85,"column":40}},"line":85},"4":{"name":"(anonymous_4)","decl":{"start":{"line":119,"column":27},"end":{"line":119,"column":28}},"loc":{"start":{"line":119,"column":38},"end":{"line":122,"column":13}},"line":119},"5":{"name":"(anonymous_5)","decl":{"start":{"line":121,"column":24},"end":{"line":121,"column":25}},"loc":{"start":{"line":121,"column":35},"end":{"line":121,"column":58}},"line":121},"6":{"name":"(anonymous_6)","decl":{"start":{"line":138,"column":26},"end":{"line":138,"column":27}},"loc":{"start":{"line":138,"column":36},"end":{"line":141,"column":13}},"line":138},"7":{"name":"(anonymous_7)","decl":{"start":{"line":140,"column":24},"end":{"line":140,"column":25}},"loc":{"start":{"line":140,"column":35},"end":{"line":140,"column":63}},"line":140},"8":{"name":"(anonymous_8)","decl":{"start":{"line":156,"column":22},"end":{"line":156,"column":23}},"loc":{"start":{"line":156,"column":31},"end":{"line":159,"column":13}},"line":156},"9":{"name":"(anonymous_9)","decl":{"start":{"line":158,"column":24},"end":{"line":158,"column":25}},"loc":{"start":{"line":158,"column":35},"end":{"line":158,"column":60}},"line":158},"10":{"name":"(anonymous_10)","decl":{"start":{"line":182,"column":17},"end":{"line":182,"column":18}},"loc":{"start":{"line":182,"column":34},"end":{"line":185,"column":11}},"line":182},"11":{"name":"(anonymous_11)","decl":{"start":{"line":197,"column":21},"end":{"line":197,"column":22}},"loc":{"start":{"line":198,"column":2},"end":{"line":293,"column":4}},"line":198}},"branchMap":{"0":{"loc":{"start":{"line":32,"column":25},"end":{"line":32,"column":73}},"type":"binary-expr","locations":[{"start":{"line":32,"column":25},"end":{"line":32,"column":66}},{"start":{"line":32,"column":70},"end":{"line":32,"column":73}}],"line":32},"1":{"loc":{"start":{"line":44,"column":16},"end":{"line":44,"column":37}},"type":"binary-expr","locations":[{"start":{"line":44,"column":16},"end":{"line":44,"column":24}},{"start":{"line":44,"column":28},"end":{"line":44,"column":37}}],"line":44},"2":{"loc":{"start":{"line":50,"column":4},"end":{"line":60,"column":5}},"type":"if","locations":[{"start":{"line":50,"column":4},"end":{"line":60,"column":5}},{"start":{},"end":{}}],"line":50},"3":{"loc":{"start":{"line":52,"column":6},"end":{"line":58,"column":7}},"type":"if","locations":[{"start":{"line":52,"column":6},"end":{"line":58,"column":7}},{"start":{"line":54,"column":13},"end":{"line":58,"column":7}}],"line":52},"4":{"loc":{"start":{"line":52,"column":10},"end":{"line":52,"column":32}},"type":"binary-expr","locations":[{"start":{"line":52,"column":10},"end":{"line":52,"column":17}},{"start":{"line":52,"column":21},"end":{"line":52,"column":32}}],"line":52},"5":{"loc":{"start":{"line":54,"column":13},"end":{"line":58,"column":7}},"type":"if","locations":[{"start":{"line":54,"column":13},"end":{"line":58,"column":7}},{"start":{"line":56,"column":13},"end":{"line":58,"column":7}}],"line":54},"6":{"loc":{"start":{"line":56,"column":13},"end":{"line":58,"column":7}},"type":"if","locations":[{"start":{"line":56,"column":13},"end":{"line":58,"column":7}},{"start":{},"end":{}}],"line":56},"7":{"loc":{"start":{"line":76,"column":4},"end":{"line":91,"column":5}},"type":"if","locations":[{"start":{"line":76,"column":4},"end":{"line":91,"column":5}},{"start":{"line":89,"column":11},"end":{"line":91,"column":5}}],"line":76},"8":{"loc":{"start":{"line":76,"column":8},"end":{"line":76,"column":40}},"type":"binary-expr","locations":[{"start":{"line":76,"column":8},"end":{"line":76,"column":18}},{"start":{"line":76,"column":22},"end":{"line":76,"column":40}}],"line":76},"9":{"loc":{"start":{"line":97,"column":16},"end":{"line":97,"column":60}},"type":"cond-expr","locations":[{"start":{"line":97,"column":40},"end":{"line":97,"column":49}},{"start":{"line":97,"column":52},"end":{"line":97,"column":60}}],"line":97},"10":{"loc":{"start":{"line":135,"column":14},"end":{"line":135,"column":57}},"type":"binary-expr","locations":[{"start":{"line":135,"column":14},"end":{"line":135,"column":32}},{"start":{"line":135,"column":36},"end":{"line":135,"column":57}}],"line":135},"11":{"loc":{"start":{"line":146,"column":11},"end":{"line":148,"column":11}},"type":"binary-expr","locations":[{"start":{"line":146,"column":11},"end":{"line":146,"column":29}},{"start":{"line":147,"column":12},"end":{"line":147,"column":70}}],"line":146},"12":{"loc":{"start":{"line":161,"column":11},"end":{"line":163,"column":11}},"type":"binary-expr","locations":[{"start":{"line":161,"column":11},"end":{"line":161,"column":26}},{"start":{"line":162,"column":12},"end":{"line":162,"column":67}}],"line":161},"13":{"loc":{"start":{"line":171,"column":15},"end":{"line":173,"column":34}},"type":"cond-expr","locations":[{"start":{"line":172,"column":18},"end":{"line":172,"column":62}},{"start":{"line":173,"column":18},"end":{"line":173,"column":34}}],"line":171},"14":{"loc":{"start":{"line":184,"column":12},"end":{"line":184,"column":49}},"type":"binary-expr","locations":[{"start":{"line":184,"column":12},"end":{"line":184,"column":19}},{"start":{"line":184,"column":23},"end":{"line":184,"column":49}}],"line":184}},"s":{"0":21,"1":21,"2":21,"3":21,"4":21,"5":21,"6":21,"7":21,"8":21,"9":21,"10":21,"11":21,"12":1,"13":1,"14":1,"15":1,"16":1,"17":0,"18":0,"19":0,"20":0,"21":1,"22":0,"23":0,"24":0,"25":21,"26":1,"27":0,"28":0,"29":1,"30":21,"31":0,"32":0,"33":0,"34":0,"35":0,"36":0,"37":0,"38":0,"39":0,"40":21,"41":1,"42":21},"f":{"0":21,"1":1,"2":1,"3":0,"4":0,"5":0,"6":0,"7":0,"8":0,"9":0,"10":21,"11":21},"b":{"0":[21,0],"1":[1,1],"2":[1,0],"3":[1,0],"4":[1,0],"5":[0,0],"6":[0,0],"7":[0,1],"8":[1,1],"9":[21,0],"10":[21,0],"11":[21,0],"12":[21,0],"13":[21,0],"14":[21,0]},"_coverageSchema":"1a1c01bbd47fc00a2c39e90264f33305004495a9","hash":"61050ecb4a9784a4d9d41c3b6cb09d93dbd99dda"}
,"/Users/jaamaalxyz/training/capital-cohort/app/add-recurring.tsx": {"path":"/Users/jaamaalxyz/training/capital-cohort/app/add-recurring.tsx","statementMap":{"0":{"start":{"line":23,"column":17},"end":{"line":23,"column":28}},"1":{"start":{"line":24,"column":17},"end":{"line":24,"column":56}},"2":{"start":{"line":25,"column":67},"end":{"line":25,"column":78}},"3":{"start":{"line":26,"column":21},"end":{"line":26,"column":31}},"4":{"start":{"line":27,"column":17},"end":{"line":27,"column":37}},"5":{"start":{"line":29,"column":25},"end":{"line":29,"column":73}},"6":{"start":{"line":30,"column":19},"end":{"line":30,"column":80}},"7":{"start":{"line":30,"column":61},"end":{"line":30,"column":72}},"8":{"start":{"line":32,"column":30},"end":{"line":32,"column":61}},"9":{"start":{"line":33,"column":40},"end":{"line":33,"column":77}},"10":{"start":{"line":34,"column":34},"end":{"line":34,"column":83}},"11":{"start":{"line":35,"column":38},"end":{"line":35,"column":81}},"12":{"start":{"line":37,"column":21},"end":{"line":60,"column":3}},"13":{"start":{"line":38,"column":16},"end":{"line":38,"column":40}},"14":{"start":{"line":39,"column":23},"end":{"line":39,"column":100}},"15":{"start":{"line":40,"column":4},"end":{"line":43,"column":5}},"16":{"start":{"line":41,"column":6},"end":{"line":41,"column":53}},"17":{"start":{"line":42,"column":6},"end":{"line":42,"column":13}},"18":{"start":{"line":45,"column":4},"end":{"line":58,"column":5}},"19":{"start":{"line":46,"column":6},"end":{"line":46,"column":95}},"20":{"start":{"line":48,"column":42},"end":{"line":56,"column":7}},"21":{"start":{"line":57,"column":6},"end":{"line":57,"column":37}},"22":{"start":{"line":59,"column":4},"end":{"line":59,"column":18}},"23":{"start":{"line":62,"column":2},"end":{"line":120,"column":4}},"24":{"start":{"line":114,"column":32},"end":{"line":114,"column":117}},"25":{"start":{"line":123,"column":21},"end":{"line":157,"column":4}},"26":{"start":{"line":124,"column":2},"end":{"line":157,"column":4}}},"fnMap":{"0":{"name":"AddRecurringScreen","decl":{"start":{"line":22,"column":24},"end":{"line":22,"column":42}},"loc":{"start":{"line":22,"column":45},"end":{"line":121,"column":1}},"line":22},"1":{"name":"(anonymous_1)","decl":{"start":{"line":30,"column":54},"end":{"line":30,"column":55}},"loc":{"start":{"line":30,"column":61},"end":{"line":30,"column":72}},"line":30},"2":{"name":"(anonymous_2)","decl":{"start":{"line":37,"column":21},"end":{"line":37,"column":22}},"loc":{"start":{"line":37,"column":27},"end":{"line":60,"column":3}},"line":37},"3":{"name":"(anonymous_3)","decl":{"start":{"line":114,"column":15},"end":{"line":114,"column":16}},"loc":{"start":{"line":114,"column":32},"end":{"line":114,"column":117}},"line":114},"4":{"name":"(anonymous_4)","decl":{"start":{"line":123,"column":21},"end":{"line":123,"column":22}},"loc":{"start":{"line":124,"column":2},"end":{"line":157,"column":4}},"line":124}},"branchMap":{"0":{"loc":{"start":{"line":29,"column":25},"end":{"line":29,"column":73}},"type":"binary-expr","locations":[{"start":{"line":29,"column":25},"end":{"line":29,"column":66}},{"start":{"line":29,"column":70},"end":{"line":29,"column":73}}],"line":29},"1":{"loc":{"start":{"line":30,"column":19},"end":{"line":30,"column":80}},"type":"cond-expr","locations":[{"start":{"line":30,"column":24},"end":{"line":30,"column":73}},{"start":{"line":30,"column":76},"end":{"line":30,"column":80}}],"line":30},"2":{"loc":{"start":{"line":32,"column":39},"end":{"line":32,"column":60}},"type":"binary-expr","locations":[{"start":{"line":32,"column":39},"end":{"line":32,"column":55}},{"start":{"line":32,"column":59},"end":{"line":32,"column":60}}],"line":32},"3":{"loc":{"start":{"line":33,"column":49},"end":{"line":33,"column":76}},"type":"binary-expr","locations":[{"start":{"line":33,"column":49},"end":{"line":33,"column":70}},{"start":{"line":33,"column":74},"end":{"line":33,"column":76}}],"line":33},"4":{"loc":{"start":{"line":34,"column":53},"end":{"line":34,"column":82}},"type":"binary-expr","locations":[{"start":{"line":34,"column":53},"end":{"line":34,"column":71}},{"start":{"line":34,"column":75},"end":{"line":34,"column":82}}],"line":34},"5":{"loc":{"start":{"line":35,"column":54},"end":{"line":35,"column":79}},"type":"binary-expr","locations":[{"start":{"line":35,"column":54},"end":{"line":35,"column":74}},{"start":{"line":35,"column":78},"end":{"line":35,"column":79}}],"line":35},"6":{"loc":{"start":{"line":40,"column":4},"end":{"line":43,"column":5}},"type":"if","locations":[{"start":{"line":40,"column":4},"end":{"line":43,"column":5}},{"start":{},"end":{}}],"line":40},"7":{"loc":{"start":{"line":45,"column":4},"end":{"line":58,"column":5}},"type":"if","locations":[{"start":{"line":45,"column":4},"end":{"line":58,"column":5}},{"start":{"line":47,"column":11},"end":{"line":58,"column":5}}],"line":45},"8":{"loc":{"start":{"line":69,"column":9},"end":{"line":69,"column":54}},"type":"cond-expr","locations":[{"start":{"line":69,"column":20},"end":{"line":69,"column":36}},{"start":{"line":69,"column":39},"end":{"line":69,"column":54}}],"line":69},"9":{"loc":{"start":{"line":114,"column":84},"end":{"line":114,"column":116}},"type":"binary-expr","locations":[{"start":{"line":114,"column":84},"end":{"line":114,"column":91}},{"start":{"line":114,"column":95},"end":{"line":114,"column":116}}],"line":114},"10":{"loc":{"start":{"line":117,"column":42},"end":{"line":117,"column":69}},"type":"cond-expr","locations":[{"start":{"line":117,"column":53},"end":{"line":117,"column":61}},{"start":{"line":117,"column":64},"end":{"line":117,"column":69}}],"line":117}},"s":{"0":4,"1":4,"2":4,"3":4,"4":4,"5":4,"6":4,"7":0,"8":4,"9":4,"10":4,"11":4,"12":4,"13":1,"14":1,"15":1,"16":1,"17":1,"18":0,"19":0,"20":0,"21":0,"22":0,"23":4,"24":4,"25":1,"26":4},"f":{"0":4,"1":0,"2":1,"3":4,"4":4},"b":{"0":[4,0],"1":[0,4],"2":[4,4],"3":[4,4],"4":[4,4],"5":[4,4],"6":[1,0],"7":[0,0],"8":[0,4],"9":[4,0],"10":[0,4]},"_coverageSchema":"1a1c01bbd47fc00a2c39e90264f33305004495a9","hash":"f4a1043c92742e2674498de002a1b20f75e680a9"}
,"/Users/jaamaalxyz/training/capital-cohort/app/onboarding.tsx": {"path":"/Users/jaamaalxyz/training/capital-cohort/app/onboarding.tsx","statementMap":{"0":{"start":{"line":28,"column":17},"end":{"line":28,"column":28}},"1":{"start":{"line":29,"column":22},"end":{"line":29,"column":38}},"2":{"start":{"line":31,"column":4},"end":{"line":31,"column":15}},"3":{"start":{"line":32,"column":21},"end":{"line":32,"column":31}},"4":{"start":{"line":34,"column":17},"end":{"line":34,"column":37}},"5":{"start":{"line":36,"column":26},"end":{"line":36,"column":37}},"6":{"start":{"line":37,"column":38},"end":{"line":37,"column":53}},"7":{"start":{"line":38,"column":44},"end":{"line":38,"column":73}},"8":{"start":{"line":39,"column":46},"end":{"line":39,"column":58}},"9":{"start":{"line":42,"column":34},"end":{"line":47,"column":4}},"10":{"start":{"line":49,"column":21},"end":{"line":59,"column":3}},"11":{"start":{"line":50,"column":4},"end":{"line":58,"column":5}},"12":{"start":{"line":51,"column":6},"end":{"line":51,"column":24}},"13":{"start":{"line":54,"column":6},"end":{"line":54,"column":37}},"14":{"start":{"line":55,"column":6},"end":{"line":55,"column":37}},"15":{"start":{"line":56,"column":6},"end":{"line":56,"column":33}},"16":{"start":{"line":57,"column":6},"end":{"line":57,"column":27}},"17":{"start":{"line":61,"column":21},"end":{"line":65,"column":3}},"18":{"start":{"line":62,"column":4},"end":{"line":64,"column":5}},"19":{"start":{"line":63,"column":6},"end":{"line":63,"column":24}},"20":{"start":{"line":67,"column":28},"end":{"line":113,"column":3}},"21":{"start":{"line":68,"column":4},"end":{"line":68,"column":24}},"22":{"start":{"line":69,"column":4},"end":{"line":69,"column":27}},"23":{"start":{"line":70,"column":4},"end":{"line":112,"column":5}},"24":{"start":{"line":71,"column":23},"end":{"line":71,"column":73}},"25":{"start":{"line":72,"column":6},"end":{"line":76,"column":7}},"26":{"start":{"line":73,"column":8},"end":{"line":73,"column":46}},"27":{"start":{"line":74,"column":8},"end":{"line":74,"column":29}},"28":{"start":{"line":75,"column":8},"end":{"line":75,"column":15}},"29":{"start":{"line":78,"column":21},"end":{"line":78,"column":63}},"30":{"start":{"line":79,"column":24},"end":{"line":82,"column":8}},"31":{"start":{"line":84,"column":31},"end":{"line":92,"column":7}},"32":{"start":{"line":94,"column":23},"end":{"line":94,"column":74}},"33":{"start":{"line":96,"column":6},"end":{"line":101,"column":10}},"34":{"start":{"line":96,"column":29},"end":{"line":101,"column":7}},"35":{"start":{"line":104,"column":6},"end":{"line":104,"column":62}},"36":{"start":{"line":106,"column":6},"end":{"line":106,"column":19}},"37":{"start":{"line":108,"column":6},"end":{"line":108,"column":27}},"38":{"start":{"line":109,"column":6},"end":{"line":109,"column":49}},"39":{"start":{"line":111,"column":6},"end":{"line":111,"column":27}},"40":{"start":{"line":115,"column":19},"end":{"line":128,"column":3}},"41":{"start":{"line":116,"column":4},"end":{"line":127,"column":11}},"42":{"start":{"line":118,"column":8},"end":{"line":125,"column":10}},"43":{"start":{"line":130,"column":21},"end":{"line":141,"column":3}},"44":{"start":{"line":137,"column":4},"end":{"line":140,"column":11}},"45":{"start":{"line":143,"column":24},"end":{"line":162,"column":3}},"46":{"start":{"line":144,"column":4},"end":{"line":161,"column":11}},"47":{"start":{"line":164,"column":25},"end":{"line":200,"column":3}},"48":{"start":{"line":165,"column":4},"end":{"line":199,"column":11}},"49":{"start":{"line":202,"column":25},"end":{"line":250,"column":3}},"50":{"start":{"line":203,"column":4},"end":{"line":249,"column":11}},"51":{"start":{"line":210,"column":10},"end":{"line":239,"column":22}},"52":{"start":{"line":217,"column":14},"end":{"line":220,"column":18}},"53":{"start":{"line":217,"column":37},"end":{"line":220,"column":15}},"54":{"start":{"line":221,"column":14},"end":{"line":221,"column":62}},"55":{"start":{"line":252,"column":25},"end":{"line":318,"column":3}},"56":{"start":{"line":253,"column":31},"end":{"line":257,"column":5}},"57":{"start":{"line":255,"column":8},"end":{"line":256,"column":70}},"58":{"start":{"line":259,"column":4},"end":{"line":317,"column":6}},"59":{"start":{"line":278,"column":34},"end":{"line":278,"column":43}},"60":{"start":{"line":282,"column":12},"end":{"line":299,"column":24}},"61":{"start":{"line":288,"column":16},"end":{"line":288,"column":73}},"62":{"start":{"line":288,"column":39},"end":{"line":288,"column":71}},"63":{"start":{"line":320,"column":23},"end":{"line":355,"column":3}},"64":{"start":{"line":321,"column":21},"end":{"line":321,"column":57}},"65":{"start":{"line":322,"column":4},"end":{"line":354,"column":6}},"66":{"start":{"line":332,"column":14},"end":{"line":332,"column":65}},"67":{"start":{"line":332,"column":37},"end":{"line":332,"column":63}},"68":{"start":{"line":357,"column":24},"end":{"line":438,"column":3}},"69":{"start":{"line":358,"column":21},"end":{"line":358,"column":57}},"70":{"start":{"line":359,"column":17},"end":{"line":359,"column":77}},"71":{"start":{"line":359,"column":48},"end":{"line":359,"column":76}},"72":{"start":{"line":361,"column":4},"end":{"line":437,"column":6}},"73":{"start":{"line":382,"column":41},"end":{"line":382,"column":67}},"74":{"start":{"line":440,"column":2},"end":{"line":470,"column":4}},"75":{"start":{"line":473,"column":21},"end":{"line":734,"column":4}},"76":{"start":{"line":474,"column":2},"end":{"line":734,"column":4}}},"fnMap":{"0":{"name":"OnboardingScreen","decl":{"start":{"line":27,"column":24},"end":{"line":27,"column":40}},"loc":{"start":{"line":27,"column":43},"end":{"line":471,"column":1}},"line":27},"1":{"name":"(anonymous_1)","decl":{"start":{"line":49,"column":21},"end":{"line":49,"column":22}},"loc":{"start":{"line":49,"column":27},"end":{"line":59,"column":3}},"line":49},"2":{"name":"(anonymous_2)","decl":{"start":{"line":61,"column":21},"end":{"line":61,"column":22}},"loc":{"start":{"line":61,"column":27},"end":{"line":65,"column":3}},"line":61},"3":{"name":"(anonymous_3)","decl":{"start":{"line":67,"column":28},"end":{"line":67,"column":29}},"loc":{"start":{"line":67,"column":40},"end":{"line":113,"column":3}},"line":67},"4":{"name":"(anonymous_4)","decl":{"start":{"line":96,"column":18},"end":{"line":96,"column":19}},"loc":{"start":{"line":96,"column":29},"end":{"line":101,"column":7}},"line":96},"5":{"name":"(anonymous_5)","decl":{"start":{"line":115,"column":19},"end":{"line":115,"column":20}},"loc":{"start":{"line":116,"column":4},"end":{"line":127,"column":11}},"line":116},"6":{"name":"(anonymous_6)","decl":{"start":{"line":117,"column":30},"end":{"line":117,"column":31}},"loc":{"start":{"line":118,"column":8},"end":{"line":125,"column":10}},"line":118},"7":{"name":"(anonymous_7)","decl":{"start":{"line":130,"column":21},"end":{"line":130,"column":22}},"loc":{"start":{"line":137,"column":4},"end":{"line":140,"column":11}},"line":137},"8":{"name":"(anonymous_8)","decl":{"start":{"line":143,"column":24},"end":{"line":143,"column":25}},"loc":{"start":{"line":144,"column":4},"end":{"line":161,"column":11}},"line":144},"9":{"name":"(anonymous_9)","decl":{"start":{"line":164,"column":25},"end":{"line":164,"column":26}},"loc":{"start":{"line":165,"column":4},"end":{"line":199,"column":11}},"line":165},"10":{"name":"(anonymous_10)","decl":{"start":{"line":202,"column":25},"end":{"line":202,"column":26}},"loc":{"start":{"line":203,"column":4},"end":{"line":249,"column":11}},"line":203},"11":{"name":"(anonymous_11)","decl":{"start":{"line":209,"column":32},"end":{"line":209,"column":33}},"loc":{"start":{"line":210,"column":10},"end":{"line":239,"column":22}},"line":210},"12":{"name":"(anonymous_12)","decl":{"start":{"line":216,"column":21},"end":{"line":216,"column":22}},"loc":{"start":{"line":216,"column":33},"end":{"line":222,"column":13}},"line":216},"13":{"name":"(anonymous_13)","decl":{"start":{"line":217,"column":26},"end":{"line":217,"column":27}},"loc":{"start":{"line":217,"column":37},"end":{"line":220,"column":15}},"line":217},"14":{"name":"(anonymous_14)","decl":{"start":{"line":252,"column":25},"end":{"line":252,"column":26}},"loc":{"start":{"line":252,"column":31},"end":{"line":318,"column":3}},"line":252},"15":{"name":"(anonymous_15)","decl":{"start":{"line":254,"column":6},"end":{"line":254,"column":7}},"loc":{"start":{"line":255,"column":8},"end":{"line":256,"column":70}},"line":255},"16":{"name":"(anonymous_16)","decl":{"start":{"line":278,"column":24},"end":{"line":278,"column":25}},"loc":{"start":{"line":278,"column":34},"end":{"line":278,"column":43}},"line":278},"17":{"name":"(anonymous_17)","decl":{"start":{"line":281,"column":22},"end":{"line":281,"column":23}},"loc":{"start":{"line":282,"column":12},"end":{"line":299,"column":24}},"line":282},"18":{"name":"(anonymous_18)","decl":{"start":{"line":287,"column":23},"end":{"line":287,"column":24}},"loc":{"start":{"line":288,"column":16},"end":{"line":288,"column":73}},"line":288},"19":{"name":"(anonymous_19)","decl":{"start":{"line":288,"column":28},"end":{"line":288,"column":29}},"loc":{"start":{"line":288,"column":39},"end":{"line":288,"column":71}},"line":288},"20":{"name":"(anonymous_20)","decl":{"start":{"line":320,"column":23},"end":{"line":320,"column":24}},"loc":{"start":{"line":320,"column":29},"end":{"line":355,"column":3}},"line":320},"21":{"name":"(anonymous_21)","decl":{"start":{"line":331,"column":27},"end":{"line":331,"column":28}},"loc":{"start":{"line":332,"column":14},"end":{"line":332,"column":65}},"line":332},"22":{"name":"(anonymous_22)","decl":{"start":{"line":332,"column":26},"end":{"line":332,"column":27}},"loc":{"start":{"line":332,"column":37},"end":{"line":332,"column":63}},"line":332},"23":{"name":"(anonymous_23)","decl":{"start":{"line":357,"column":24},"end":{"line":357,"column":25}},"loc":{"start":{"line":357,"column":30},"end":{"line":438,"column":3}},"line":357},"24":{"name":"(anonymous_24)","decl":{"start":{"line":359,"column":41},"end":{"line":359,"column":42}},"loc":{"start":{"line":359,"column":48},"end":{"line":359,"column":76}},"line":359},"25":{"name":"(anonymous_25)","decl":{"start":{"line":382,"column":32},"end":{"line":382,"column":33}},"loc":{"start":{"line":382,"column":41},"end":{"line":382,"column":67}},"line":382},"26":{"name":"(anonymous_26)","decl":{"start":{"line":473,"column":21},"end":{"line":473,"column":22}},"loc":{"start":{"line":474,"column":2},"end":{"line":734,"column":4}},"line":474}},"branchMap":{"0":{"loc":{"start":{"line":50,"column":4},"end":{"line":58,"column":5}},"type":"if","locations":[{"start":{"line":50,"column":4},"end":{"line":58,"column":5}},{"start":{"line":52,"column":11},"end":{"line":58,"column":5}}],"line":50},"1":{"loc":{"start":{"line":62,"column":4},"end":{"line":64,"column":5}},"type":"if","locations":[{"start":{"line":62,"column":4},"end":{"line":64,"column":5}},{"start":{},"end":{}}],"line":62},"2":{"loc":{"start":{"line":72,"column":6},"end":{"line":76,"column":7}},"type":"if","locations":[{"start":{"line":72,"column":6},"end":{"line":76,"column":7}},{"start":{},"end":{}}],"line":72},"3":{"loc":{"start":{"line":87,"column":17},"end":{"line":87,"column":43}},"type":"binary-expr","locations":[{"start":{"line":87,"column":17},"end":{"line":87,"column":30}},{"start":{"line":87,"column":34},"end":{"line":87,"column":43}}],"line":87},"4":{"loc":{"start":{"line":88,"column":14},"end":{"line":88,"column":40}},"type":"binary-expr","locations":[{"start":{"line":88,"column":14},"end":{"line":88,"column":27}},{"start":{"line":88,"column":31},"end":{"line":88,"column":40}}],"line":88},"5":{"loc":{"start":{"line":89,"column":18},"end":{"line":89,"column":48}},"type":"binary-expr","locations":[{"start":{"line":89,"column":18},"end":{"line":89,"column":35}},{"start":{"line":89,"column":39},"end":{"line":89,"column":48}}],"line":89},"6":{"loc":{"start":{"line":90,"column":16},"end":{"line":90,"column":44}},"type":"binary-expr","locations":[{"start":{"line":90,"column":16},"end":{"line":90,"column":31}},{"start":{"line":90,"column":35},"end":{"line":90,"column":44}}],"line":90},"7":{"loc":{"start":{"line":91,"column":17},"end":{"line":91,"column":46}},"type":"binary-expr","locations":[{"start":{"line":91,"column":17},"end":{"line":91,"column":33}},{"start":{"line":91,"column":37},"end":{"line":91,"column":46}}],"line":91},"8":{"loc":{"start":{"line":94,"column":44},"end":{"line":94,"column":73}},"type":"binary-expr","locations":[{"start":{"line":94,"column":44},"end":{"line":94,"column":60}},{"start":{"line":94,"column":64},"end":{"line":94,"column":73}}],"line":94},"9":{"loc":{"start":{"line":122,"column":12},"end":{"line":122,"column":49}},"type":"binary-expr","locations":[{"start":{"line":122,"column":12},"end":{"line":122,"column":21}},{"start":{"line":122,"column":25},"end":{"line":122,"column":49}}],"line":122},"10":{"loc":{"start":{"line":123,"column":12},"end":{"line":123,"column":52}},"type":"binary-expr","locations":[{"start":{"line":123,"column":12},"end":{"line":123,"column":22}},{"start":{"line":123,"column":26},"end":{"line":123,"column":52}}],"line":123},"11":{"loc":{"start":{"line":178,"column":40},"end":{"line":178,"column":69}},"type":"binary-expr","locations":[{"start":{"line":178,"column":40},"end":{"line":178,"column":50}},{"start":{"line":178,"column":54},"end":{"line":178,"column":69}}],"line":178},"12":{"loc":{"start":{"line":182,"column":11},"end":{"line":188,"column":11}},"type":"cond-expr","locations":[{"start":{"line":183,"column":12},"end":{"line":183,"column":46}},{"start":{"line":185,"column":12},"end":{"line":187,"column":19}}],"line":182},"13":{"loc":{"start":{"line":197,"column":9},"end":{"line":197,"column":79}},"type":"binary-expr","locations":[{"start":{"line":197,"column":9},"end":{"line":197,"column":22}},{"start":{"line":197,"column":26},"end":{"line":197,"column":79}}],"line":197},"14":{"loc":{"start":{"line":214,"column":14},"end":{"line":214,"column":78}},"type":"binary-expr","locations":[{"start":{"line":214,"column":14},"end":{"line":214,"column":45}},{"start":{"line":214,"column":49},"end":{"line":214,"column":78}}],"line":214},"15":{"loc":{"start":{"line":228,"column":18},"end":{"line":229,"column":47}},"type":"binary-expr","locations":[{"start":{"line":228,"column":18},"end":{"line":228,"column":49}},{"start":{"line":229,"column":20},"end":{"line":229,"column":47}}],"line":228},"16":{"loc":{"start":{"line":236,"column":13},"end":{"line":238,"column":13}},"type":"binary-expr","locations":[{"start":{"line":236,"column":13},"end":{"line":236,"column":44}},{"start":{"line":237,"column":14},"end":{"line":237,"column":53}}],"line":236},"17":{"loc":{"start":{"line":255,"column":8},"end":{"line":256,"column":70}},"type":"binary-expr","locations":[{"start":{"line":255,"column":8},"end":{"line":255,"column":70}},{"start":{"line":256,"column":8},"end":{"line":256,"column":70}}],"line":255},"18":{"loc":{"start":{"line":285,"column":16},"end":{"line":285,"column":78}},"type":"binary-expr","locations":[{"start":{"line":285,"column":16},"end":{"line":285,"column":47}},{"start":{"line":285,"column":51},"end":{"line":285,"column":78}}],"line":285},"19":{"loc":{"start":{"line":296,"column":15},"end":{"line":298,"column":15}},"type":"binary-expr","locations":[{"start":{"line":296,"column":15},"end":{"line":296,"column":46}},{"start":{"line":297,"column":16},"end":{"line":297,"column":55}}],"line":296},"20":{"loc":{"start":{"line":343,"column":14},"end":{"line":343,"column":53}},"type":"binary-expr","locations":[{"start":{"line":343,"column":14},"end":{"line":343,"column":34}},{"start":{"line":343,"column":38},"end":{"line":343,"column":53}}],"line":343},"21":{"loc":{"start":{"line":375,"column":19},"end":{"line":384,"column":46}},"type":"cond-expr","locations":[{"start":{"line":376,"column":22},"end":{"line":383,"column":35}},{"start":{"line":384,"column":22},"end":{"line":384,"column":46}}],"line":375},"22":{"loc":{"start":{"line":382,"column":41},"end":{"line":382,"column":67}},"type":"binary-expr","locations":[{"start":{"line":382,"column":41},"end":{"line":382,"column":44}},{"start":{"line":382,"column":48},"end":{"line":382,"column":67}}],"line":382},"23":{"loc":{"start":{"line":443,"column":18},"end":{"line":443,"column":62}},"type":"cond-expr","locations":[{"start":{"line":443,"column":42},"end":{"line":443,"column":51}},{"start":{"line":443,"column":54},"end":{"line":443,"column":62}}],"line":443},"24":{"loc":{"start":{"line":447,"column":11},"end":{"line":455,"column":11}},"type":"cond-expr","locations":[{"start":{"line":448,"column":12},"end":{"line":452,"column":24}},{"start":{"line":454,"column":12},"end":{"line":454,"column":46}}],"line":447},"25":{"loc":{"start":{"line":461,"column":11},"end":{"line":461,"column":40}},"type":"binary-expr","locations":[{"start":{"line":461,"column":11},"end":{"line":461,"column":21}},{"start":{"line":461,"column":25},"end":{"line":461,"column":40}}],"line":461},"26":{"loc":{"start":{"line":462,"column":11},"end":{"line":462,"column":41}},"type":"binary-expr","locations":[{"start":{"line":462,"column":11},"end":{"line":462,"column":21}},{"start":{"line":462,"column":25},"end":{"line":462,"column":41}}],"line":462},"27":{"loc":{"start":{"line":463,"column":11},"end":{"line":463,"column":41}},"type":"binary-expr","locations":[{"start":{"line":463,"column":11},"end":{"line":463,"column":21}},{"start":{"line":463,"column":25},"end":{"line":463,"column":41}}],"line":463},"28":{"loc":{"start":{"line":464,"column":11},"end":{"line":464,"column":41}},"type":"binary-expr","locations":[{"start":{"line":464,"column":11},"end":{"line":464,"column":21}},{"start":{"line":464,"column":25},"end":{"line":464,"column":41}}],"line":464},"29":{"loc":{"start":{"line":465,"column":11},"end":{"line":465,"column":39}},"type":"binary-expr","locations":[{"start":{"line":465,"column":11},"end":{"line":465,"column":21}},{"start":{"line":465,"column":25},"end":{"line":465,"column":39}}],"line":465},"30":{"loc":{"start":{"line":466,"column":11},"end":{"line":466,"column":40}},"type":"binary-expr","locations":[{"start":{"line":466,"column":11},"end":{"line":466,"column":21}},{"start":{"line":466,"column":25},"end":{"line":466,"column":40}}],"line":466}},"s":{"0":35,"1":35,"2":35,"3":35,"4":35,"5":35,"6":35,"7":35,"8":35,"9":35,"10":35,"11":8,"12":8,"13":0,"14":0,"15":0,"16":0,"17":35,"18":1,"19":1,"20":35,"21":0,"22":0,"23":0,"24":0,"25":0,"26":0,"27":0,"28":0,"29":0,"30":0,"31":0,"32":0,"33":0,"34":0,"35":0,"36":0,"37":0,"38":0,"39":0,"40":35,"41":35,"42":210,"43":35,"44":35,"45":35,"46":27,"47":35,"48":7,"49":35,"50":1,"51":2,"52":0,"53":0,"54":0,"55":35,"56":0,"57":0,"58":0,"59":0,"60":0,"61":0,"62":0,"63":35,"64":0,"65":0,"66":0,"67":0,"68":35,"69":0,"70":0,"71":0,"72":0,"73":0,"74":35,"75":1,"76":35},"f":{"0":35,"1":8,"2":1,"3":0,"4":0,"5":35,"6":210,"7":35,"8":27,"9":7,"10":1,"11":2,"12":0,"13":0,"14":0,"15":0,"16":0,"17":0,"18":0,"19":0,"20":0,"21":0,"22":0,"23":0,"24":0,"25":0,"26":35},"b":{"0":[8,0],"1":[1,0],"2":[0,0],"3":[0,0],"4":[0,0],"5":[0,0],"6":[0,0],"7":[0,0],"8":[0,0],"9":[210,44],"10":[210,35],"11":[7,0],"12":[0,7],"13":[7,0],"14":[2,1],"15":[2,1],"16":[2,1],"17":[0,0],"18":[0,0],"19":[0,0],"20":[0,0],"21":[0,0],"22":[0,0],"23":[35,0],"24":[8,27],"25":[35,27],"26":[35,7],"27":[35,1],"28":[35,0],"29":[35,0],"30":[35,0]},"_coverageSchema":"1a1c01bbd47fc00a2c39e90264f33305004495a9","hash":"8acca695a2b4ce5341ef158bda93160e61b536e3"}
,"/Users/jaamaalxyz/training/capital-cohort/app/recurring.tsx": {"path":"/Users/jaamaalxyz/training/capital-cohort/app/recurring.tsx","statementMap":{"0":{"start":{"line":19,"column":45},"end":{"line":19,"column":56}},"1":{"start":{"line":20,"column":21},"end":{"line":20,"column":31}},"2":{"start":{"line":21,"column":17},"end":{"line":21,"column":28}},"3":{"start":{"line":22,"column":17},"end":{"line":22,"column":37}},"4":{"start":{"line":24,"column":25},"end":{"line":24,"column":73}},"5":{"start":{"line":26,"column":21},"end":{"line":28,"column":3}},"6":{"start":{"line":27,"column":4},"end":{"line":27,"column":84}},"7":{"start":{"line":30,"column":23},"end":{"line":43,"column":3}},"8":{"start":{"line":31,"column":4},"end":{"line":42,"column":6}},"9":{"start":{"line":39,"column":25},"end":{"line":39,"column":52}},"10":{"start":{"line":45,"column":2},"end":{"line":83,"column":4}},"11":{"start":{"line":64,"column":12},"end":{"line":70,"column":14}},"12":{"start":{"line":77,"column":32},"end":{"line":77,"column":74}},"13":{"start":{"line":78,"column":23},"end":{"line":78,"column":52}},"14":{"start":{"line":86,"column":21},"end":{"line":151,"column":4}},"15":{"start":{"line":87,"column":2},"end":{"line":151,"column":4}}},"fnMap":{"0":{"name":"RecurringScreen","decl":{"start":{"line":18,"column":24},"end":{"line":18,"column":39}},"loc":{"start":{"line":18,"column":42},"end":{"line":84,"column":1}},"line":18},"1":{"name":"(anonymous_1)","decl":{"start":{"line":26,"column":21},"end":{"line":26,"column":22}},"loc":{"start":{"line":26,"column":54},"end":{"line":28,"column":3}},"line":26},"2":{"name":"(anonymous_2)","decl":{"start":{"line":30,"column":23},"end":{"line":30,"column":24}},"loc":{"start":{"line":30,"column":39},"end":{"line":43,"column":3}},"line":30},"3":{"name":"(anonymous_3)","decl":{"start":{"line":39,"column":19},"end":{"line":39,"column":20}},"loc":{"start":{"line":39,"column":25},"end":{"line":39,"column":52}},"line":39},"4":{"name":"(anonymous_4)","decl":{"start":{"line":63,"column":40},"end":{"line":63,"column":41}},"loc":{"start":{"line":64,"column":12},"end":{"line":70,"column":14}},"line":64},"5":{"name":"(anonymous_5)","decl":{"start":{"line":77,"column":15},"end":{"line":77,"column":16}},"loc":{"start":{"line":77,"column":32},"end":{"line":77,"column":74}},"line":77},"6":{"name":"(anonymous_6)","decl":{"start":{"line":78,"column":17},"end":{"line":78,"column":18}},"loc":{"start":{"line":78,"column":23},"end":{"line":78,"column":52}},"line":78},"7":{"name":"(anonymous_7)","decl":{"start":{"line":86,"column":21},"end":{"line":86,"column":22}},"loc":{"start":{"line":87,"column":2},"end":{"line":151,"column":4}},"line":87}},"branchMap":{"0":{"loc":{"start":{"line":24,"column":25},"end":{"line":24,"column":73}},"type":"binary-expr","locations":[{"start":{"line":24,"column":25},"end":{"line":24,"column":66}},{"start":{"line":24,"column":70},"end":{"line":24,"column":73}}],"line":24},"1":{"loc":{"start":{"line":49,"column":7},"end":{"line":73,"column":7}},"type":"cond-expr","locations":[{"start":{"line":50,"column":8},"end":{"line":56,"column":15}},{"start":{"line":58,"column":8},"end":{"line":72,"column":21}}],"line":49},"2":{"loc":{"start":{"line":77,"column":45},"end":{"line":77,"column":73}},"type":"binary-expr","locations":[{"start":{"line":77,"column":45},"end":{"line":77,"column":52}},{"start":{"line":77,"column":56},"end":{"line":77,"column":73}}],"line":77}},"s":{"0":9,"1":9,"2":9,"3":9,"4":9,"5":9,"6":0,"7":9,"8":0,"9":0,"10":9,"11":2,"12":9,"13":1,"14":1,"15":9},"f":{"0":9,"1":0,"2":0,"3":0,"4":2,"5":9,"6":1,"7":9},"b":{"0":[9,0],"1":[7,2],"2":[9,0]},"_coverageSchema":"1a1c01bbd47fc00a2c39e90264f33305004495a9","hash":"3a5b07725c8706932b912e745a09d1eca6ae3bee"}
,"/Users/jaamaalxyz/training/capital-cohort/app/(tabs)/_layout.tsx": {"path":"/Users/jaamaalxyz/training/capital-cohort/app/(tabs)/_layout.tsx","statementMap":{"0":{"start":{"line":9,"column":17},"end":{"line":9,"column":36}},"1":{"start":{"line":10,"column":16},"end":{"line":10,"column":32}},"2":{"start":{"line":11,"column":21},"end":{"line":11,"column":31}},"3":{"start":{"line":13,"column":17},"end":{"line":13,"column":37}},"4":{"start":{"line":15,"column":2},"end":{"line":65,"column":4}},"5":{"start":{"line":33,"column":12},"end":{"line":33,"column":63}},"6":{"start":{"line":42,"column":12},"end":{"line":42,"column":63}},"7":{"start":{"line":51,"column":12},"end":{"line":51,"column":63}},"8":{"start":{"line":60,"column":12},"end":{"line":60,"column":63}},"9":{"start":{"line":68,"column":21},"end":{"line":82,"column":4}},"10":{"start":{"line":69,"column":2},"end":{"line":82,"column":4}}},"fnMap":{"0":{"name":"TabLayout","decl":{"start":{"line":8,"column":24},"end":{"line":8,"column":33}},"loc":{"start":{"line":8,"column":36},"end":{"line":66,"column":1}},"line":8},"1":{"name":"(anonymous_1)","decl":{"start":{"line":32,"column":22},"end":{"line":32,"column":23}},"loc":{"start":{"line":33,"column":12},"end":{"line":33,"column":63}},"line":33},"2":{"name":"(anonymous_2)","decl":{"start":{"line":41,"column":22},"end":{"line":41,"column":23}},"loc":{"start":{"line":42,"column":12},"end":{"line":42,"column":63}},"line":42},"3":{"name":"(anonymous_3)","decl":{"start":{"line":50,"column":22},"end":{"line":50,"column":23}},"loc":{"start":{"line":51,"column":12},"end":{"line":51,"column":63}},"line":51},"4":{"name":"(anonymous_4)","decl":{"start":{"line":59,"column":22},"end":{"line":59,"column":23}},"loc":{"start":{"line":60,"column":12},"end":{"line":60,"column":63}},"line":60},"5":{"name":"(anonymous_5)","decl":{"start":{"line":68,"column":21},"end":{"line":68,"column":22}},"loc":{"start":{"line":69,"column":2},"end":{"line":82,"column":4}},"line":69}},"branchMap":{},"s":{"0":0,"1":0,"2":0,"3":0,"4":0,"5":0,"6":0,"7":0,"8":0,"9":0,"10":0},"f":{"0":0,"1":0,"2":0,"3":0,"4":0,"5":0},"b":{}}
,"/Users/jaamaalxyz/training/capital-cohort/app/(tabs)/expenses.tsx": {"path":"/Users/jaamaalxyz/training/capital-cohort/app/(tabs)/expenses.tsx","statementMap":{"0":{"start":{"line":24,"column":16},"end":{"line":24,"column":32}},"1":{"start":{"line":25,"column":57},"end":{"line":25,"column":68}},"2":{"start":{"line":26,"column":42},"end":{"line":26,"column":65}},"3":{"start":{"line":27,"column":21},"end":{"line":27,"column":31}},"4":{"start":{"line":28,"column":25},"end":{"line":28,"column":73}},"5":{"start":{"line":30,"column":17},"end":{"line":30,"column":37}},"6":{"start":{"line":32,"column":52},"end":{"line":37,"column":3}},"7":{"start":{"line":39,"column":27},"end":{"line":44,"column":42}},"8":{"start":{"line":40,"column":4},"end":{"line":42,"column":5}},"9":{"start":{"line":41,"column":6},"end":{"line":41,"column":34}},"10":{"start":{"line":43,"column":4},"end":{"line":43,"column":75}},"11":{"start":{"line":43,"column":46},"end":{"line":43,"column":73}},"12":{"start":{"line":46,"column":26},"end":{"line":49,"column":3}},"13":{"start":{"line":47,"column":10},"end":{"line":47,"column":47}},"14":{"start":{"line":51,"column":23},"end":{"line":60,"column":3}},"15":{"start":{"line":52,"column":4},"end":{"line":59,"column":7}},"16":{"start":{"line":57,"column":23},"end":{"line":57,"column":40}},"17":{"start":{"line":62,"column":28},"end":{"line":77,"column":3}},"18":{"start":{"line":63,"column":29},"end":{"line":63,"column":33}},"19":{"start":{"line":64,"column":4},"end":{"line":76,"column":6}},"20":{"start":{"line":68,"column":10},"end":{"line":73,"column":12}},"21":{"start":{"line":79,"column":2},"end":{"line":142,"column":4}},"22":{"start":{"line":90,"column":27},"end":{"line":90,"column":54}},"23":{"start":{"line":92,"column":12},"end":{"line":94,"column":46}},"24":{"start":{"line":96,"column":10},"end":{"line":119,"column":12}},"25":{"start":{"line":103,"column":29},"end":{"line":103,"column":56}},"26":{"start":{"line":136,"column":36},"end":{"line":136,"column":40}},"27":{"start":{"line":145,"column":21},"end":{"line":217,"column":4}},"28":{"start":{"line":146,"column":2},"end":{"line":217,"column":4}}},"fnMap":{"0":{"name":"ExpensesScreen","decl":{"start":{"line":23,"column":24},"end":{"line":23,"column":38}},"loc":{"start":{"line":23,"column":41},"end":{"line":143,"column":1}},"line":23},"1":{"name":"(anonymous_1)","decl":{"start":{"line":39,"column":35},"end":{"line":39,"column":36}},"loc":{"start":{"line":39,"column":41},"end":{"line":44,"column":3}},"line":39},"2":{"name":"(anonymous_2)","decl":{"start":{"line":43,"column":39},"end":{"line":43,"column":40}},"loc":{"start":{"line":43,"column":46},"end":{"line":43,"column":73}},"line":43},"3":{"name":"(anonymous_3)","decl":{"start":{"line":47,"column":4},"end":{"line":47,"column":5}},"loc":{"start":{"line":47,"column":10},"end":{"line":47,"column":47}},"line":47},"4":{"name":"(anonymous_4)","decl":{"start":{"line":51,"column":23},"end":{"line":51,"column":24}},"loc":{"start":{"line":51,"column":39},"end":{"line":60,"column":3}},"line":51},"5":{"name":"(anonymous_5)","decl":{"start":{"line":57,"column":17},"end":{"line":57,"column":18}},"loc":{"start":{"line":57,"column":23},"end":{"line":57,"column":40}},"line":57},"6":{"name":"(anonymous_6)","decl":{"start":{"line":62,"column":28},"end":{"line":62,"column":29}},"loc":{"start":{"line":62,"column":73},"end":{"line":77,"column":3}},"line":62},"7":{"name":"(anonymous_7)","decl":{"start":{"line":67,"column":22},"end":{"line":67,"column":23}},"loc":{"start":{"line":68,"column":10},"end":{"line":73,"column":12}},"line":68},"8":{"name":"(anonymous_8)","decl":{"start":{"line":89,"column":21},"end":{"line":89,"column":22}},"loc":{"start":{"line":89,"column":33},"end":{"line":120,"column":9}},"line":89},"9":{"name":"(anonymous_9)","decl":{"start":{"line":103,"column":23},"end":{"line":103,"column":24}},"loc":{"start":{"line":103,"column":29},"end":{"line":103,"column":56}},"line":103},"10":{"name":"(anonymous_10)","decl":{"start":{"line":136,"column":24},"end":{"line":136,"column":25}},"loc":{"start":{"line":136,"column":36},"end":{"line":136,"column":40}},"line":136},"11":{"name":"(anonymous_11)","decl":{"start":{"line":145,"column":21},"end":{"line":145,"column":22}},"loc":{"start":{"line":146,"column":2},"end":{"line":217,"column":4}},"line":146}},"branchMap":{"0":{"loc":{"start":{"line":28,"column":25},"end":{"line":28,"column":73}},"type":"binary-expr","locations":[{"start":{"line":28,"column":25},"end":{"line":28,"column":66}},{"start":{"line":28,"column":70},"end":{"line":28,"column":73}}],"line":28},"1":{"loc":{"start":{"line":40,"column":4},"end":{"line":42,"column":5}},"type":"if","locations":[{"start":{"line":40,"column":4},"end":{"line":42,"column":5}},{"start":{},"end":{}}],"line":40},"2":{"loc":{"start":{"line":92,"column":12},"end":{"line":94,"column":46}},"type":"cond-expr","locations":[{"start":{"line":93,"column":16},"end":{"line":93,"column":34}},{"start":{"line":94,"column":16},"end":{"line":94,"column":46}}],"line":92},"3":{"loc":{"start":{"line":101,"column":16},"end":{"line":101,"column":74}},"type":"binary-expr","locations":[{"start":{"line":101,"column":16},"end":{"line":101,"column":24}},{"start":{"line":101,"column":28},"end":{"line":101,"column":74}}],"line":101},"4":{"loc":{"start":{"line":108,"column":18},"end":{"line":113,"column":19}},"type":"binary-expr","locations":[{"start":{"line":108,"column":18},"end":{"line":108,"column":26}},{"start":{"line":108,"column":30},"end":{"line":113,"column":19}}],"line":108},"5":{"loc":{"start":{"line":110,"column":22},"end":{"line":112,"column":35}},"type":"cond-expr","locations":[{"start":{"line":111,"column":26},"end":{"line":111,"column":43}},{"start":{"line":112,"column":26},"end":{"line":112,"column":35}}],"line":110},"6":{"loc":{"start":{"line":124,"column":7},"end":{"line":140,"column":7}},"type":"cond-expr","locations":[{"start":{"line":125,"column":8},"end":{"line":131,"column":15}},{"start":{"line":133,"column":8},"end":{"line":139,"column":10}}],"line":124}},"s":{"0":18,"1":18,"2":18,"3":18,"4":18,"5":18,"6":18,"7":18,"8":18,"9":17,"10":1,"11":0,"12":18,"13":18,"14":18,"15":0,"16":0,"17":18,"18":2,"19":2,"20":2,"21":18,"22":72,"23":72,"24":72,"25":2,"26":4,"27":2,"28":18},"f":{"0":18,"1":18,"2":0,"3":18,"4":0,"5":0,"6":2,"7":2,"8":72,"9":2,"10":4,"11":18},"b":{"0":[18,0],"1":[17,1],"2":[18,54],"3":[72,18],"4":[72,18],"5":[17,1],"6":[16,2]},"_coverageSchema":"1a1c01bbd47fc00a2c39e90264f33305004495a9","hash":"5218ecd5acd04e11e522af77af6a55ec307ed113"}
,"/Users/jaamaalxyz/training/capital-cohort/app/(tabs)/index.tsx": {"path":"/Users/jaamaalxyz/training/capital-cohort/app/(tabs)/index.tsx","statementMap":{"0":{"start":{"line":27,"column":17},"end":{"line":27,"column":28}},"1":{"start":{"line":28,"column":16},"end":{"line":28,"column":32}},"2":{"start":{"line":29,"column":39},"end":{"line":29,"column":50}},"3":{"start":{"line":30,"column":21},"end":{"line":30,"column":31}},"4":{"start":{"line":32,"column":17},"end":{"line":32,"column":37}},"5":{"start":{"line":34,"column":2},"end":{"line":40,"column":3}},"6":{"start":{"line":35,"column":4},"end":{"line":39,"column":6}},"7":{"start":{"line":42,"column":25},"end":{"line":42,"column":65}},"8":{"start":{"line":43,"column":25},"end":{"line":43,"column":73}},"9":{"start":{"line":45,"column":2},"end":{"line":144,"column":4}},"10":{"start":{"line":55,"column":27},"end":{"line":55,"column":73}},"11":{"start":{"line":64,"column":27},"end":{"line":64,"column":69}},"12":{"start":{"line":84,"column":29},"end":{"line":84,"column":60}},"13":{"start":{"line":138,"column":32},"end":{"line":138,"column":74}},"14":{"start":{"line":139,"column":23},"end":{"line":139,"column":50}},"15":{"start":{"line":147,"column":21},"end":{"line":262,"column":4}},"16":{"start":{"line":148,"column":2},"end":{"line":262,"column":4}}},"fnMap":{"0":{"name":"DashboardScreen","decl":{"start":{"line":26,"column":24},"end":{"line":26,"column":39}},"loc":{"start":{"line":26,"column":42},"end":{"line":145,"column":1}},"line":26},"1":{"name":"(anonymous_1)","decl":{"start":{"line":55,"column":21},"end":{"line":55,"column":22}},"loc":{"start":{"line":55,"column":27},"end":{"line":55,"column":73}},"line":55},"2":{"name":"(anonymous_2)","decl":{"start":{"line":64,"column":21},"end":{"line":64,"column":22}},"loc":{"start":{"line":64,"column":27},"end":{"line":64,"column":69}},"line":64},"3":{"name":"(anonymous_3)","decl":{"start":{"line":84,"column":23},"end":{"line":84,"column":24}},"loc":{"start":{"line":84,"column":29},"end":{"line":84,"column":60}},"line":84},"4":{"name":"(anonymous_4)","decl":{"start":{"line":138,"column":15},"end":{"line":138,"column":16}},"loc":{"start":{"line":138,"column":32},"end":{"line":138,"column":74}},"line":138},"5":{"name":"(anonymous_5)","decl":{"start":{"line":139,"column":17},"end":{"line":139,"column":18}},"loc":{"start":{"line":139,"column":23},"end":{"line":139,"column":50}},"line":139},"6":{"name":"(anonymous_6)","decl":{"start":{"line":147,"column":21},"end":{"line":147,"column":22}},"loc":{"start":{"line":148,"column":2},"end":{"line":262,"column":4}},"line":148}},"branchMap":{"0":{"loc":{"start":{"line":34,"column":2},"end":{"line":40,"column":3}},"type":"if","locations":[{"start":{"line":34,"column":2},"end":{"line":40,"column":3}},{"start":{},"end":{}}],"line":34},"1":{"loc":{"start":{"line":43,"column":25},"end":{"line":43,"column":73}},"type":"binary-expr","locations":[{"start":{"line":43,"column":25},"end":{"line":43,"column":66}},{"start":{"line":43,"column":70},"end":{"line":43,"column":73}}],"line":43},"2":{"loc":{"start":{"line":69,"column":41},"end":{"line":69,"column":74}},"type":"binary-expr","locations":[{"start":{"line":69,"column":41},"end":{"line":69,"column":55}},{"start":{"line":69,"column":59},"end":{"line":69,"column":74}}],"line":69},"3":{"loc":{"start":{"line":82,"column":11},"end":{"line":91,"column":11}},"type":"binary-expr","locations":[{"start":{"line":82,"column":11},"end":{"line":82,"column":36}},{"start":{"line":83,"column":12},"end":{"line":90,"column":24}}],"line":82},"4":{"loc":{"start":{"line":127,"column":16},"end":{"line":127,"column":61}},"type":"binary-expr","locations":[{"start":{"line":127,"column":16},"end":{"line":127,"column":42}},{"start":{"line":127,"column":46},"end":{"line":127,"column":61}}],"line":127},"5":{"loc":{"start":{"line":138,"column":45},"end":{"line":138,"column":73}},"type":"binary-expr","locations":[{"start":{"line":138,"column":45},"end":{"line":138,"column":52}},{"start":{"line":138,"column":56},"end":{"line":138,"column":73}}],"line":138}},"s":{"0":15,"1":15,"2":15,"3":15,"4":15,"5":15,"6":7,"7":8,"8":8,"9":8,"10":1,"11":0,"12":0,"13":8,"14":1,"15":1,"16":15},"f":{"0":15,"1":1,"2":0,"3":0,"4":8,"5":1,"6":15},"b":{"0":[7,8],"1":[8,0],"2":[8,7],"3":[8,8],"4":[8,0],"5":[8,0]},"_coverageSchema":"1a1c01bbd47fc00a2c39e90264f33305004495a9","hash":"c384a3fd658e512d2f8c4b298efedba205a23e9f"}
,"/Users/jaamaalxyz/training/capital-cohort/app/(tabs)/reports.tsx": {"path":"/Users/jaamaalxyz/training/capital-cohort/app/(tabs)/reports.tsx","statementMap":{"0":{"start":{"line":18,"column":23},"end":{"line":18,"column":24}},"1":{"start":{"line":21,"column":20},"end":{"line":21,"column":31}},"2":{"start":{"line":22,"column":21},"end":{"line":22,"column":31}},"3":{"start":{"line":24,"column":21},"end":{"line":27,"column":3}},"4":{"start":{"line":25,"column":10},"end":{"line":25,"column":77}},"5":{"start":{"line":29,"column":22},"end":{"line":29,"column":47}},"6":{"start":{"line":31,"column":2},"end":{"line":119,"column":4}},"7":{"start":{"line":122,"column":15},"end":{"line":181,"column":2}}},"fnMap":{"0":{"name":"ReportsScreen","decl":{"start":{"line":20,"column":24},"end":{"line":20,"column":37}},"loc":{"start":{"line":20,"column":40},"end":{"line":120,"column":1}},"line":20},"1":{"name":"(anonymous_1)","decl":{"start":{"line":25,"column":4},"end":{"line":25,"column":5}},"loc":{"start":{"line":25,"column":10},"end":{"line":25,"column":77}},"line":25}},"branchMap":{"0":{"loc":{"start":{"line":41,"column":7},"end":{"line":117,"column":7}},"type":"cond-expr","locations":[{"start":{"line":43,"column":8},"end":{"line":51,"column":15}},{"start":{"line":53,"column":8},"end":{"line":116,"column":11}}],"line":41},"1":{"loc":{"start":{"line":62,"column":13},"end":{"line":69,"column":13}},"type":"binary-expr","locations":[{"start":{"line":62,"column":13},"end":{"line":62,"column":35}},{"start":{"line":63,"column":14},"end":{"line":68,"column":16}}],"line":62}},"s":{"0":1,"1":18,"2":18,"3":18,"4":18,"5":18,"6":18,"7":1},"f":{"0":18,"1":18},"b":{"0":[12,6],"1":[6,6]},"_coverageSchema":"1a1c01bbd47fc00a2c39e90264f33305004495a9","hash":"3fe00f9b3e4dd8082955659376c3bc58b60531b5"}
,"/Users/jaamaalxyz/training/capital-cohort/app/(tabs)/settings.tsx": {"path":"/Users/jaamaalxyz/training/capital-cohort/app/(tabs)/settings.tsx","statementMap":{"0":{"start":{"line":41,"column":16},"end":{"line":41,"column":32}},"1":{"start":{"line":42,"column":17},"end":{"line":42,"column":28}},"2":{"start":{"line":43,"column":77},"end":{"line":43,"column":88}},"3":{"start":{"line":44,"column":29},"end":{"line":44,"column":39}},"4":{"start":{"line":45,"column":40},"end":{"line":45,"column":69}},"5":{"start":{"line":46,"column":38},"end":{"line":46,"column":53}},"6":{"start":{"line":47,"column":60},"end":{"line":47,"column":75}},"7":{"start":{"line":48,"column":46},"end":{"line":48,"column":58}},"8":{"start":{"line":49,"column":60},"end":{"line":49,"column":75}},"9":{"start":{"line":50,"column":46},"end":{"line":50,"column":58}},"10":{"start":{"line":52,"column":4},"end":{"line":52,"column":48}},"11":{"start":{"line":54,"column":2},"end":{"line":56,"column":28}},"12":{"start":{"line":55,"column":4},"end":{"line":55,"column":40}},"13":{"start":{"line":58,"column":26},"end":{"line":58,"column":59}},"14":{"start":{"line":59,"column":25},"end":{"line":59,"column":55}},"15":{"start":{"line":61,"column":29},"end":{"line":74,"column":22}},"16":{"start":{"line":62,"column":19},"end":{"line":62,"column":54}},"17":{"start":{"line":64,"column":4},"end":{"line":66,"column":5}},"18":{"start":{"line":65,"column":6},"end":{"line":65,"column":24}},"19":{"start":{"line":68,"column":4},"end":{"line":73,"column":6}},"20":{"start":{"line":70,"column":8},"end":{"line":72,"column":33}},"21":{"start":{"line":76,"column":28},"end":{"line":89,"column":22}},"22":{"start":{"line":77,"column":19},"end":{"line":77,"column":54}},"23":{"start":{"line":79,"column":4},"end":{"line":81,"column":5}},"24":{"start":{"line":80,"column":6},"end":{"line":80,"column":32}},"25":{"start":{"line":83,"column":4},"end":{"line":88,"column":6}},"26":{"start":{"line":85,"column":8},"end":{"line":87,"column":51}},"27":{"start":{"line":91,"column":29},"end":{"line":94,"column":3}},"28":{"start":{"line":92,"column":4},"end":{"line":92,"column":26}},"29":{"start":{"line":93,"column":4},"end":{"line":93,"column":21}},"30":{"start":{"line":96,"column":26},"end":{"line":106,"column":3}},"31":{"start":{"line":97,"column":4},"end":{"line":105,"column":5}},"32":{"start":{"line":98,"column":18},"end":{"line":98,"column":47}},"33":{"start":{"line":99,"column":23},"end":{"line":99,"column":69}},"34":{"start":{"line":100,"column":18},"end":{"line":100,"column":67}},"35":{"start":{"line":101,"column":6},"end":{"line":101,"column":52}},"36":{"start":{"line":102,"column":6},"end":{"line":102,"column":105}},"37":{"start":{"line":104,"column":6},"end":{"line":104,"column":65}},"38":{"start":{"line":108,"column":27},"end":{"line":118,"column":3}},"39":{"start":{"line":109,"column":4},"end":{"line":117,"column":5}},"40":{"start":{"line":110,"column":19},"end":{"line":110,"column":86}},"41":{"start":{"line":111,"column":23},"end":{"line":111,"column":70}},"42":{"start":{"line":112,"column":18},"end":{"line":112,"column":67}},"43":{"start":{"line":113,"column":6},"end":{"line":113,"column":53}},"44":{"start":{"line":114,"column":6},"end":{"line":114,"column":90}},"45":{"start":{"line":116,"column":6},"end":{"line":116,"column":68}},"46":{"start":{"line":120,"column":27},"end":{"line":148,"column":3}},"47":{"start":{"line":121,"column":4},"end":{"line":147,"column":5}},"48":{"start":{"line":122,"column":21},"end":{"line":122,"column":88}},"49":{"start":{"line":123,"column":6},"end":{"line":123,"column":60}},"50":{"start":{"line":123,"column":53},"end":{"line":123,"column":60}},"51":{"start":{"line":124,"column":18},"end":{"line":124,"column":38}},"52":{"start":{"line":125,"column":18},"end":{"line":125,"column":57}},"53":{"start":{"line":126,"column":22},"end":{"line":126,"column":42}},"54":{"start":{"line":127,"column":6},"end":{"line":144,"column":8}},"55":{"start":{"line":136,"column":14},"end":{"line":140,"column":17}},"56":{"start":{"line":146,"column":6},"end":{"line":146,"column":80}},"57":{"start":{"line":150,"column":22},"end":{"line":163,"column":3}},"58":{"start":{"line":151,"column":4},"end":{"line":162,"column":7}},"59":{"start":{"line":157,"column":10},"end":{"line":157,"column":21}},"60":{"start":{"line":158,"column":10},"end":{"line":158,"column":28}},"61":{"start":{"line":159,"column":10},"end":{"line":159,"column":40}},"62":{"start":{"line":165,"column":31},"end":{"line":172,"column":3}},"63":{"start":{"line":167,"column":6},"end":{"line":167,"column":33}},"64":{"start":{"line":168,"column":6},"end":{"line":168,"column":38}},"65":{"start":{"line":169,"column":6},"end":{"line":169,"column":28}},"66":{"start":{"line":174,"column":31},"end":{"line":177,"column":3}},"67":{"start":{"line":175,"column":4},"end":{"line":175,"column":35}},"68":{"start":{"line":176,"column":4},"end":{"line":176,"column":29}},"69":{"start":{"line":179,"column":28},"end":{"line":211,"column":3}},"70":{"start":{"line":180,"column":4},"end":{"line":180,"column":24}},"71":{"start":{"line":181,"column":4},"end":{"line":210,"column":5}},"72":{"start":{"line":182,"column":23},"end":{"line":182,"column":73}},"73":{"start":{"line":183,"column":6},"end":{"line":190,"column":7}},"74":{"start":{"line":184,"column":8},"end":{"line":187,"column":10}},"75":{"start":{"line":188,"column":8},"end":{"line":188,"column":29}},"76":{"start":{"line":189,"column":8},"end":{"line":189,"column":15}},"77":{"start":{"line":192,"column":21},"end":{"line":192,"column":63}},"78":{"start":{"line":193,"column":24},"end":{"line":196,"column":8}},"79":{"start":{"line":198,"column":6},"end":{"line":204,"column":9}},"80":{"start":{"line":206,"column":6},"end":{"line":206,"column":27}},"81":{"start":{"line":207,"column":6},"end":{"line":207,"column":59}},"82":{"start":{"line":209,"column":6},"end":{"line":209,"column":27}},"83":{"start":{"line":213,"column":29},"end":{"line":216,"column":3}},"84":{"start":{"line":214,"column":4},"end":{"line":214,"column":26}},"85":{"start":{"line":215,"column":4},"end":{"line":215,"column":35}},"86":{"start":{"line":218,"column":30},"end":{"line":221,"column":3}},"87":{"start":{"line":219,"column":4},"end":{"line":219,"column":36}},"88":{"start":{"line":220,"column":4},"end":{"line":220,"column":26}},"89":{"start":{"line":223,"column":29},"end":{"line":226,"column":3}},"90":{"start":{"line":224,"column":4},"end":{"line":224,"column":26}},"91":{"start":{"line":225,"column":4},"end":{"line":225,"column":35}},"92":{"start":{"line":228,"column":30},"end":{"line":231,"column":3}},"93":{"start":{"line":229,"column":4},"end":{"line":229,"column":36}},"94":{"start":{"line":230,"column":4},"end":{"line":230,"column":26}},"95":{"start":{"line":233,"column":26},"end":{"line":235,"column":3}},"96":{"start":{"line":236,"column":26},"end":{"line":238,"column":3}},"97":{"start":{"line":239,"column":28},"end":{"line":241,"column":3}},"98":{"start":{"line":243,"column":23},"end":{"line":243,"column":79}},"99":{"start":{"line":243,"column":42},"end":{"line":243,"column":79}},"100":{"start":{"line":245,"column":17},"end":{"line":245,"column":37}},"101":{"start":{"line":247,"column":55},"end":{"line":268,"column":3}},"102":{"start":{"line":249,"column":25},"end":{"line":249,"column":53}},"103":{"start":{"line":250,"column":6},"end":{"line":265,"column":8}},"104":{"start":{"line":256,"column":25},"end":{"line":256,"column":51}},"105":{"start":{"line":272,"column":6},"end":{"line":295,"column":3}},"106":{"start":{"line":274,"column":25},"end":{"line":274,"column":50}},"107":{"start":{"line":275,"column":6},"end":{"line":292,"column":8}},"108":{"start":{"line":282,"column":12},"end":{"line":282,"column":60}},"109":{"start":{"line":283,"column":12},"end":{"line":283,"column":34}},"110":{"start":{"line":297,"column":2},"end":{"line":718,"column":4}},"111":{"start":{"line":398,"column":38},"end":{"line":401,"column":15}},"112":{"start":{"line":421,"column":38},"end":{"line":424,"column":15}},"113":{"start":{"line":431,"column":51},"end":{"line":431,"column":73}},"114":{"start":{"line":436,"column":50},"end":{"line":436,"column":72}},"115":{"start":{"line":447,"column":38},"end":{"line":451,"column":15}},"116":{"start":{"line":499,"column":38},"end":{"line":502,"column":15}},"117":{"start":{"line":503,"column":29},"end":{"line":503,"column":54}},"118":{"start":{"line":551,"column":38},"end":{"line":554,"column":15}},"119":{"start":{"line":561,"column":38},"end":{"line":565,"column":15}},"120":{"start":{"line":572,"column":38},"end":{"line":576,"column":15}},"121":{"start":{"line":589,"column":38},"end":{"line":592,"column":15}},"122":{"start":{"line":645,"column":36},"end":{"line":645,"column":45}},"123":{"start":{"line":649,"column":42},"end":{"line":649,"column":75}},"124":{"start":{"line":702,"column":36},"end":{"line":702,"column":45}},"125":{"start":{"line":706,"column":42},"end":{"line":706,"column":75}},"126":{"start":{"line":721,"column":21},"end":{"line":1020,"column":4}},"127":{"start":{"line":722,"column":2},"end":{"line":1020,"column":4}}},"fnMap":{"0":{"name":"SettingsScreen","decl":{"start":{"line":40,"column":24},"end":{"line":40,"column":38}},"loc":{"start":{"line":40,"column":41},"end":{"line":719,"column":1}},"line":40},"1":{"name":"(anonymous_1)","decl":{"start":{"line":54,"column":12},"end":{"line":54,"column":13}},"loc":{"start":{"line":54,"column":18},"end":{"line":56,"column":3}},"line":54},"2":{"name":"(anonymous_2)","decl":{"start":{"line":61,"column":37},"end":{"line":61,"column":38}},"loc":{"start":{"line":61,"column":43},"end":{"line":74,"column":3}},"line":61},"3":{"name":"(anonymous_3)","decl":{"start":{"line":69,"column":6},"end":{"line":69,"column":7}},"loc":{"start":{"line":70,"column":8},"end":{"line":72,"column":33}},"line":70},"4":{"name":"(anonymous_4)","decl":{"start":{"line":76,"column":36},"end":{"line":76,"column":37}},"loc":{"start":{"line":76,"column":42},"end":{"line":89,"column":3}},"line":76},"5":{"name":"(anonymous_5)","decl":{"start":{"line":84,"column":6},"end":{"line":84,"column":7}},"loc":{"start":{"line":85,"column":8},"end":{"line":87,"column":51}},"line":85},"6":{"name":"(anonymous_6)","decl":{"start":{"line":91,"column":29},"end":{"line":91,"column":30}},"loc":{"start":{"line":91,"column":48},"end":{"line":94,"column":3}},"line":91},"7":{"name":"(anonymous_7)","decl":{"start":{"line":96,"column":26},"end":{"line":96,"column":27}},"loc":{"start":{"line":96,"column":38},"end":{"line":106,"column":3}},"line":96},"8":{"name":"(anonymous_8)","decl":{"start":{"line":108,"column":27},"end":{"line":108,"column":28}},"loc":{"start":{"line":108,"column":39},"end":{"line":118,"column":3}},"line":108},"9":{"name":"(anonymous_9)","decl":{"start":{"line":120,"column":27},"end":{"line":120,"column":28}},"loc":{"start":{"line":120,"column":39},"end":{"line":148,"column":3}},"line":120},"10":{"name":"(anonymous_10)","decl":{"start":{"line":135,"column":21},"end":{"line":135,"column":22}},"loc":{"start":{"line":135,"column":27},"end":{"line":141,"column":13}},"line":135},"11":{"name":"(anonymous_11)","decl":{"start":{"line":150,"column":22},"end":{"line":150,"column":23}},"loc":{"start":{"line":150,"column":28},"end":{"line":163,"column":3}},"line":150},"12":{"name":"(anonymous_12)","decl":{"start":{"line":156,"column":17},"end":{"line":156,"column":18}},"loc":{"start":{"line":156,"column":23},"end":{"line":160,"column":9}},"line":156},"13":{"name":"(anonymous_13)","decl":{"start":{"line":166,"column":4},"end":{"line":166,"column":5}},"loc":{"start":{"line":166,"column":28},"end":{"line":170,"column":5}},"line":166},"14":{"name":"(anonymous_14)","decl":{"start":{"line":174,"column":31},"end":{"line":174,"column":32}},"loc":{"start":{"line":174,"column":65},"end":{"line":177,"column":3}},"line":174},"15":{"name":"(anonymous_15)","decl":{"start":{"line":179,"column":28},"end":{"line":179,"column":29}},"loc":{"start":{"line":179,"column":40},"end":{"line":211,"column":3}},"line":179},"16":{"name":"(anonymous_16)","decl":{"start":{"line":213,"column":29},"end":{"line":213,"column":30}},"loc":{"start":{"line":213,"column":35},"end":{"line":216,"column":3}},"line":213},"17":{"name":"(anonymous_17)","decl":{"start":{"line":218,"column":30},"end":{"line":218,"column":31}},"loc":{"start":{"line":218,"column":36},"end":{"line":221,"column":3}},"line":218},"18":{"name":"(anonymous_18)","decl":{"start":{"line":223,"column":29},"end":{"line":223,"column":30}},"loc":{"start":{"line":223,"column":35},"end":{"line":226,"column":3}},"line":223},"19":{"name":"(anonymous_19)","decl":{"start":{"line":228,"column":30},"end":{"line":228,"column":31}},"loc":{"start":{"line":228,"column":36},"end":{"line":231,"column":3}},"line":228},"20":{"name":"(anonymous_20)","decl":{"start":{"line":243,"column":23},"end":{"line":243,"column":24}},"loc":{"start":{"line":243,"column":42},"end":{"line":243,"column":79}},"line":243},"21":{"name":"(anonymous_21)","decl":{"start":{"line":248,"column":4},"end":{"line":248,"column":5}},"loc":{"start":{"line":248,"column":18},"end":{"line":266,"column":5}},"line":248},"22":{"name":"(anonymous_22)","decl":{"start":{"line":256,"column":19},"end":{"line":256,"column":20}},"loc":{"start":{"line":256,"column":25},"end":{"line":256,"column":51}},"line":256},"23":{"name":"(anonymous_23)","decl":{"start":{"line":273,"column":4},"end":{"line":273,"column":5}},"loc":{"start":{"line":273,"column":18},"end":{"line":293,"column":5}},"line":273},"24":{"name":"(anonymous_24)","decl":{"start":{"line":281,"column":19},"end":{"line":281,"column":20}},"loc":{"start":{"line":281,"column":25},"end":{"line":284,"column":11}},"line":281},"25":{"name":"(anonymous_25)","decl":{"start":{"line":398,"column":21},"end":{"line":398,"column":22}},"loc":{"start":{"line":398,"column":38},"end":{"line":401,"column":15}},"line":398},"26":{"name":"(anonymous_26)","decl":{"start":{"line":421,"column":21},"end":{"line":421,"column":22}},"loc":{"start":{"line":421,"column":38},"end":{"line":424,"column":15}},"line":421},"27":{"name":"(anonymous_27)","decl":{"start":{"line":431,"column":44},"end":{"line":431,"column":45}},"loc":{"start":{"line":431,"column":51},"end":{"line":431,"column":73}},"line":431},"28":{"name":"(anonymous_28)","decl":{"start":{"line":436,"column":43},"end":{"line":436,"column":44}},"loc":{"start":{"line":436,"column":50},"end":{"line":436,"column":72}},"line":436},"29":{"name":"(anonymous_29)","decl":{"start":{"line":447,"column":21},"end":{"line":447,"column":22}},"loc":{"start":{"line":447,"column":38},"end":{"line":451,"column":15}},"line":447},"30":{"name":"(anonymous_30)","decl":{"start":{"line":499,"column":21},"end":{"line":499,"column":22}},"loc":{"start":{"line":499,"column":38},"end":{"line":502,"column":15}},"line":499},"31":{"name":"(anonymous_31)","decl":{"start":{"line":503,"column":23},"end":{"line":503,"column":24}},"loc":{"start":{"line":503,"column":29},"end":{"line":503,"column":54}},"line":503},"32":{"name":"(anonymous_32)","decl":{"start":{"line":551,"column":21},"end":{"line":551,"column":22}},"loc":{"start":{"line":551,"column":38},"end":{"line":554,"column":15}},"line":551},"33":{"name":"(anonymous_33)","decl":{"start":{"line":561,"column":21},"end":{"line":561,"column":22}},"loc":{"start":{"line":561,"column":38},"end":{"line":565,"column":15}},"line":561},"34":{"name":"(anonymous_34)","decl":{"start":{"line":572,"column":21},"end":{"line":572,"column":22}},"loc":{"start":{"line":572,"column":38},"end":{"line":576,"column":15}},"line":572},"35":{"name":"(anonymous_35)","decl":{"start":{"line":589,"column":21},"end":{"line":589,"column":22}},"loc":{"start":{"line":589,"column":38},"end":{"line":592,"column":15}},"line":589},"36":{"name":"(anonymous_36)","decl":{"start":{"line":645,"column":26},"end":{"line":645,"column":27}},"loc":{"start":{"line":645,"column":36},"end":{"line":645,"column":45}},"line":645},"37":{"name":"(anonymous_37)","decl":{"start":{"line":649,"column":36},"end":{"line":649,"column":37}},"loc":{"start":{"line":649,"column":42},"end":{"line":649,"column":75}},"line":649},"38":{"name":"(anonymous_38)","decl":{"start":{"line":702,"column":26},"end":{"line":702,"column":27}},"loc":{"start":{"line":702,"column":36},"end":{"line":702,"column":45}},"line":702},"39":{"name":"(anonymous_39)","decl":{"start":{"line":706,"column":36},"end":{"line":706,"column":37}},"loc":{"start":{"line":706,"column":42},"end":{"line":706,"column":75}},"line":706},"40":{"name":"(anonymous_40)","decl":{"start":{"line":721,"column":21},"end":{"line":721,"column":22}},"loc":{"start":{"line":722,"column":2},"end":{"line":1020,"column":4}},"line":722}},"branchMap":{"0":{"loc":{"start":{"line":59,"column":25},"end":{"line":59,"column":55}},"type":"binary-expr","locations":[{"start":{"line":59,"column":25},"end":{"line":59,"column":48}},{"start":{"line":59,"column":52},"end":{"line":59,"column":55}}],"line":59},"1":{"loc":{"start":{"line":64,"column":4},"end":{"line":66,"column":5}},"type":"if","locations":[{"start":{"line":64,"column":4},"end":{"line":66,"column":5}},{"start":{},"end":{}}],"line":64},"2":{"loc":{"start":{"line":70,"column":8},"end":{"line":72,"column":33}},"type":"binary-expr","locations":[{"start":{"line":70,"column":8},"end":{"line":70,"column":45}},{"start":{"line":71,"column":8},"end":{"line":71,"column":45}},{"start":{"line":72,"column":8},"end":{"line":72,"column":33}}],"line":70},"3":{"loc":{"start":{"line":79,"column":4},"end":{"line":81,"column":5}},"type":"if","locations":[{"start":{"line":79,"column":4},"end":{"line":81,"column":5}},{"start":{},"end":{}}],"line":79},"4":{"loc":{"start":{"line":85,"column":8},"end":{"line":87,"column":51}},"type":"binary-expr","locations":[{"start":{"line":85,"column":8},"end":{"line":85,"column":45}},{"start":{"line":86,"column":8},"end":{"line":86,"column":45}},{"start":{"line":87,"column":8},"end":{"line":87,"column":51}}],"line":85},"5":{"loc":{"start":{"line":100,"column":19},"end":{"line":100,"column":55}},"type":"binary-expr","locations":[{"start":{"line":100,"column":19},"end":{"line":100,"column":44}},{"start":{"line":100,"column":48},"end":{"line":100,"column":55}}],"line":100},"6":{"loc":{"start":{"line":112,"column":19},"end":{"line":112,"column":55}},"type":"binary-expr","locations":[{"start":{"line":112,"column":19},"end":{"line":112,"column":44}},{"start":{"line":112,"column":48},"end":{"line":112,"column":55}}],"line":112},"7":{"loc":{"start":{"line":123,"column":6},"end":{"line":123,"column":60}},"type":"if","locations":[{"start":{"line":123,"column":6},"end":{"line":123,"column":60}},{"start":{},"end":{}}],"line":123},"8":{"loc":{"start":{"line":123,"column":10},"end":{"line":123,"column":51}},"type":"binary-expr","locations":[{"start":{"line":123,"column":10},"end":{"line":123,"column":25}},{"start":{"line":123,"column":29},"end":{"line":123,"column":51}}],"line":123},"9":{"loc":{"start":{"line":146,"column":35},"end":{"line":146,"column":78}},"type":"binary-expr","locations":[{"start":{"line":146,"column":35},"end":{"line":146,"column":47}},{"start":{"line":146,"column":51},"end":{"line":146,"column":78}}],"line":146},"10":{"loc":{"start":{"line":183,"column":6
[...]
,"end":{"line":76,"column":74}},"37":{"start":{"line":85,"column":20},"end":{"line":85,"column":77}},"38":{"start":{"line":86,"column":31},"end":{"line":88,"column":3}},"39":{"start":{"line":87,"column":4},"end":{"line":87,"column":35}},"40":{"start":{"line":90,"column":32},"end":{"line":100,"column":3}},"41":{"start":{"line":92,"column":21},"end":{"line":92,"column":43}},"42":{"start":{"line":93,"column":24},"end":{"line":93,"column":36}},"43":{"start":{"line":95,"column":21},"end":{"line":95,"column":43}},"44":{"start":{"line":96,"column":24},"end":{"line":96,"column":36}},"45":{"start":{"line":98,"column":21},"end":{"line":98,"column":45}},"46":{"start":{"line":99,"column":24},"end":{"line":99,"column":36}},"47":{"start":{"line":102,"column":2},"end":{"line":108,"column":4}},"48":{"start":{"line":107,"column":49},"end":{"line":107,"column":61}}},"fnMap":{"0":{"name":"getDaysInMonth","decl":{"start":{"line":8,"column":16},"end":{"line":8,"column":30}},"loc":{"start":{"line":8,"column":54},"end":{"line":11,"column":1}},"line":8},"1":{"name":"subtractMonths","decl":{"start":{"line":14,"column":9},"end":{"line":14,"column":23}},"loc":{"start":{"line":14,"column":58},"end":{"line":18,"column":1}},"line":14},"2":{"name":"buildMonthlySnapshots","decl":{"start":{"line":28,"column":16},"end":{"line":28,"column":37}},"loc":{"start":{"line":32,"column":21},"end":{"line":51,"column":1}},"line":32},"3":{"name":"(anonymous_3)","decl":{"start":{"line":38,"column":20},"end":{"line":38,"column":21}},"loc":{"start":{"line":38,"column":31},"end":{"line":50,"column":3}},"line":38},"4":{"name":"(anonymous_4)","decl":{"start":{"line":39,"column":42},"end":{"line":39,"column":43}},"loc":{"start":{"line":39,"column":49},"end":{"line":39,"column":73}},"line":39},"5":{"name":"(anonymous_5)","decl":{"start":{"line":41,"column":14},"end":{"line":41,"column":15}},"loc":{"start":{"line":41,"column":21},"end":{"line":41,"column":43}},"line":41},"6":{"name":"(anonymous_6)","decl":{"start":{"line":42,"column":14},"end":{"line":42,"column":15}},"loc":{"start":{"line":42,"column":24},"end":{"line":42,"column":36}},"line":42},"7":{"name":"(anonymous_7)","decl":{"start":{"line":44,"column":14},"end":{"line":44,"column":15}},"loc":{"start":{"line":44,"column":21},"end":{"line":44,"column":43}},"line":44},"8":{"name":"(anonymous_8)","decl":{"start":{"line":45,"column":14},"end":{"line":45,"column":15}},"loc":{"start":{"line":45,"column":24},"end":{"line":45,"column":36}},"line":45},"9":{"name":"(anonymous_9)","decl":{"start":{"line":47,"column":14},"end":{"line":47,"column":15}},"loc":{"start":{"line":47,"column":21},"end":{"line":47,"column":45}},"line":47},"10":{"name":"(anonymous_10)","decl":{"start":{"line":48,"column":14},"end":{"line":48,"column":15}},"loc":{"start":{"line":48,"column":24},"end":{"line":48,"column":36}},"line":48},"11":{"name":"getAverageDailySpend","decl":{"start":{"line":57,"column":16},"end":{"line":57,"column":36}},"loc":{"start":{"line":57,"column":81},"end":{"line":62,"column":1}},"line":57},"12":{"name":"(anonymous_12)","decl":{"start":{"line":58,"column":40},"end":{"line":58,"column":41}},"loc":{"start":{"line":58,"column":47},"end":{"line":58,"column":71}},"line":58},"13":{"name":"(anonymous_13)","decl":{"start":{"line":60,"column":37},"end":{"line":60,"column":38}},"loc":{"start":{"line":60,"column":47},"end":{"line":60,"column":59}},"line":60},"14":{"name":"getTopCategory","decl":{"start":{"line":69,"column":16},"end":{"line":69,"column":30}},"loc":{"start":{"line":69,"column":69},"end":{"line":77,"column":1}},"line":69},"15":{"name":"(anonymous_15)","decl":{"start":{"line":72,"column":19},"end":{"line":72,"column":20}},"loc":{"start":{"line":72,"column":26},"end":{"line":74,"column":3}},"line":72},"16":{"name":"(anonymous_16)","decl":{"start":{"line":76,"column":22},"end":{"line":76,"column":23}},"loc":{"start":{"line":76,"column":37},"end":{"line":76,"column":74}},"line":76},"17":{"name":"buildReportData","decl":{"start":{"line":80,"column":16},"end":{"line":80,"column":31}},"loc":{"start":{"line":84,"column":14},"end":{"line":109,"column":1}},"line":84},"18":{"name":"(anonymous_18)","decl":{"start":{"line":86,"column":47},"end":{"line":86,"column":48}},"loc":{"start":{"line":87,"column":4},"end":{"line":87,"column":35}},"line":87},"19":{"name":"(anonymous_19)","decl":{"start":{"line":92,"column":14},"end":{"line":92,"column":15}},"loc":{"start":{"line":92,"column":21},"end":{"line":92,"column":43}},"line":92},"20":{"name":"(anonymous_20)","decl":{"start":{"line":93,"column":14},"end":{"line":93,"column":15}},"loc":{"start":{"line":93,"column":24},"end":{"line":93,"column":36}},"line":93},"21":{"name":"(anonymous_21)","decl":{"start":{"line":95,"column":14},"end":{"line":95,"column":15}},"loc":{"start":{"line":95,"column":21},"end":{"line":95,"column":43}},"line":95},"22":{"name":"(anonymous_22)","decl":{"start":{"line":96,"column":14},"end":{"line":96,"column":15}},"loc":{"start":{"line":96,"column":24},"end":{"line":96,"column":36}},"line":96},"23":{"name":"(anonymous_23)","decl":{"start":{"line":98,"column":14},"end":{"line":98,"column":15}},"loc":{"start":{"line":98,"column":21},"end":{"line":98,"column":45}},"line":98},"24":{"name":"(anonymous_24)","decl":{"start":{"line":99,"column":14},"end":{"line":99,"column":15}},"loc":{"start":{"line":99,"column":24},"end":{"line":99,"column":36}},"line":99},"25":{"name":"(anonymous_25)","decl":{"start":{"line":107,"column":39},"end":{"line":107,"column":40}},"loc":{"start":{"line":107,"column":49},"end":{"line":107,"column":61}},"line":107}},"branchMap":{"0":{"loc":{"start":{"line":59,"column":2},"end":{"line":59,"column":43}},"type":"if","locations":[{"start":{"line":59,"column":2},"end":{"line":59,"column":43}},{"start":{},"end":{}}],"line":59},"1":{"loc":{"start":{"line":70,"column":2},"end":{"line":70,"column":41}},"type":"if","locations":[{"start":{"line":70,"column":2},"end":{"line":70,"column":41}},{"start":{},"end":{}}],"line":70},"2":{"loc":{"start":{"line":76,"column":37},"end":{"line":76,"column":74}},"type":"cond-expr","locations":[{"start":{"line":76,"column":65},"end":{"line":76,"column":68}},{"start":{"line":76,"column":71},"end":{"line":76,"column":74}}],"line":76}},"s":{"0":18,"1":18,"2":143,"3":143,"4":143,"5":29,"6":29,"7":29,"8":143,"9":29,"10":143,"11":144,"12":143,"13":33,"14":16,"15":143,"16":33,"17":9,"18":143,"19":33,"20":8,"21":143,"22":27,"23":27,"24":27,"25":14,"26":13,"27":26,"28":13,"29":28,"30":14,"31":14,"32":14,"33":31,"34":14,"35":14,"36":28,"37":23,"38":23,"39":25,"40":23,"41":22,"42":10,"43":22,"44":6,"45":22,"46":6,"47":23,"48":25},"f":{"0":18,"1":143,"2":29,"3":143,"4":144,"5":33,"6":16,"7":33,"8":9,"9":33,"10":8,"11":27,"12":27,"13":26,"14":28,"15":31,"16":28,"17":23,"18":25,"19":22,"20":10,"21":22,"22":6,"23":22,"24":6,"25":25},"b":{"0":[14,13],"1":[14,14],"2":[2,26]},"_coverageSchema":"1a1c01bbd47fc00a2c39e90264f33305004495a9","hash":"8005951a3c6d453d99f2312ea880c26e3c1ca3d5"}
,"/Users/jaamaalxyz/training/capital-cohort/utils/storage.ts": {"path":"/Users/jaamaalxyz/training/capital-cohort/utils/storage.ts","statementMap":{"0":{"start":{"line":7,"column":2},"end":{"line":11,"column":3}},"1":{"start":{"line":8,"column":4},"end":{"line":8,"column":76}},"2":{"start":{"line":10,"column":4},"end":{"line":10,"column":49}},"3":{"start":{"line":15,"column":2},"end":{"line":21,"column":3}},"4":{"start":{"line":16,"column":18},"end":{"line":16,"column":65}},"5":{"start":{"line":17,"column":4},"end":{"line":17,"column":41}},"6":{"start":{"line":19,"column":4},"end":{"line":19,"column":50}},"7":{"start":{"line":20,"column":4},"end":{"line":20,"column":13}},"8":{"start":{"line":25,"column":2},"end":{"line":29,"column":3}},"9":{"start":{"line":26,"column":4},"end":{"line":26,"column":80}},"10":{"start":{"line":28,"column":4},"end":{"line":28,"column":51}},"11":{"start":{"line":33,"column":2},"end":{"line":39,"column":3}},"12":{"start":{"line":34,"column":18},"end":{"line":34,"column":67}},"13":{"start":{"line":35,"column":4},"end":{"line":35,"column":42}},"14":{"start":{"line":37,"column":4},"end":{"line":37,"column":52}},"15":{"start":{"line":38,"column":4},"end":{"line":38,"column":14}},"16":{"start":{"line":43,"column":2},"end":{"line":47,"column":3}},"17":{"start":{"line":44,"column":4},"end":{"line":44,"column":64}},"18":{"start":{"line":46,"column":4},"end":{"line":46,"column":51}},"19":{"start":{"line":51,"column":2},"end":{"line":57,"column":3}},"20":{"start":{"line":52,"column":18},"end":{"line":52,"column":67}},"21":{"start":{"line":53,"column":4},"end":{"line":53,"column":37}},"22":{"start":{"line":55,"column":4},"end":{"line":55,"column":52}},"23":{"start":{"line":56,"column":4},"end":{"line":56,"column":28}},"24":{"start":{"line":61,"column":2},"end":{"line":72,"column":3}},"25":{"start":{"line":62,"column":4},"end":{"line":69,"column":5}},"26":{"start":{"line":63,"column":6},"end":{"line":63,"column":59}},"27":{"start":{"line":65,"column":6},"end":{"line":68,"column":8}},"28":{"start":{"line":71,"column":4},"end":{"line":71,"column":51}},"29":{"start":{"line":76,"column":2},"end":{"line":82,"column":3}},"30":{"start":{"line":77,"column":18},"end":{"line":77,"column":67}},"31":{"start":{"line":78,"column":4},"end":{"line":78,"column":49}},"32":{"start":{"line":80,"column":4},"end":{"line":80,"column":52}},"33":{"start":{"line":81,"column":4},"end":{"line":81,"column":21}},"34":{"start":{"line":88,"column":2},"end":{"line":95,"column":3}},"35":{"start":{"line":89,"column":4},"end":{"line":92,"column":6}},"36":{"start":{"line":94,"column":4},"end":{"line":94,"column":60}},"37":{"start":{"line":99,"column":2},"end":{"line":105,"column":3}},"38":{"start":{"line":100,"column":18},"end":{"line":100,"column":79}},"39":{"start":{"line":101,"column":4},"end":{"line":101,"column":45}},"40":{"start":{"line":103,"column":4},"end":{"line":103,"column":61}},"41":{"start":{"line":104,"column":4},"end":{"line":104,"column":17}},"42":{"start":{"line":109,"column":2},"end":{"line":113,"column":3}},"43":{"start":{"line":110,"column":4},"end":{"line":110,"column":92}},"44":{"start":{"line":112,"column":4},"end":{"line":112,"column":62}},"45":{"start":{"line":117,"column":2},"end":{"line":123,"column":3}},"46":{"start":{"line":118,"column":18},"end":{"line":118,"column":78}},"47":{"start":{"line":119,"column":4},"end":{"line":119,"column":42}},"48":{"start":{"line":121,"column":4},"end":{"line":121,"column":63}},"49":{"start":{"line":122,"column":4},"end":{"line":122,"column":14}},"50":{"start":{"line":127,"column":2},"end":{"line":131,"column":3}},"51":{"start":{"line":128,"column":4},"end":{"line":128,"column":58}},"52":{"start":{"line":130,"column":4},"end":{"line":130,"column":48}},"53":{"start":{"line":135,"column":2},"end":{"line":141,"column":3}},"54":{"start":{"line":136,"column":18},"end":{"line":136,"column":64}},"55":{"start":{"line":137,"column":4},"end":{"line":137,"column":37}},"56":{"start":{"line":139,"column":4},"end":{"line":139,"column":49}},"57":{"start":{"line":140,"column":4},"end":{"line":140,"column":16}},"58":{"start":{"line":145,"column":2},"end":{"line":159,"column":3}},"59":{"start":{"line":146,"column":4},"end":{"line":156,"column":7}},"60":{"start":{"line":158,"column":4},"end":{"line":158,"column":49}}},"fnMap":{"0":{"name":"saveIncome","decl":{"start":{"line":6,"column":22},"end":{"line":6,"column":32}},"loc":{"start":{"line":6,"column":64},"end":{"line":12,"column":1}},"line":6},"1":{"name":"loadIncome","decl":{"start":{"line":14,"column":22},"end":{"line":14,"column":32}},"loc":{"start":{"line":14,"column":52},"end":{"line":22,"column":1}},"line":14},"2":{"name":"saveExpenses","decl":{"start":{"line":24,"column":22},"end":{"line":24,"column":34}},"loc":{"start":{"line":24,"column":71},"end":{"line":30,"column":1}},"line":24},"3":{"name":"loadExpenses","decl":{"start":{"line":32,"column":22},"end":{"line":32,"column":34}},"loc":{"start":{"line":32,"column":57},"end":{"line":40,"column":1}},"line":32},"4":{"name":"saveCurrency","decl":{"start":{"line":42,"column":22},"end":{"line":42,"column":34}},"loc":{"start":{"line":42,"column":68},"end":{"line":48,"column":1}},"line":42},"5":{"name":"loadCurrency","decl":{"start":{"line":50,"column":22},"end":{"line":50,"column":34}},"loc":{"start":{"line":50,"column":54},"end":{"line":58,"column":1}},"line":50},"6":{"name":"saveLocation","decl":{"start":{"line":60,"column":22},"end":{"line":60,"column":34}},"loc":{"start":{"line":60,"column":65},"end":{"line":73,"column":1}},"line":60},"7":{"name":"loadLocation","decl":{"start":{"line":75,"column":22},"end":{"line":75,"column":34}},"loc":{"start":{"line":75,"column":51},"end":{"line":83,"column":1}},"line":75},"8":{"name":"saveOnboardingCompleted","decl":{"start":{"line":85,"column":22},"end":{"line":85,"column":45}},"loc":{"start":{"line":87,"column":17},"end":{"line":96,"column":1}},"line":87},"9":{"name":"loadOnboardingCompleted","decl":{"start":{"line":98,"column":22},"end":{"line":98,"column":45}},"loc":{"start":{"line":98,"column":66},"end":{"line":106,"column":1}},"line":98},"10":{"name":"saveRecurringTemplates","decl":{"start":{"line":108,"column":22},"end":{"line":108,"column":44}},"loc":{"start":{"line":108,"column":92},"end":{"line":114,"column":1}},"line":108},"11":{"name":"loadRecurringTemplates","decl":{"start":{"line":116,"column":22},"end":{"line":116,"column":44}},"loc":{"start":{"line":116,"column":77},"end":{"line":124,"column":1}},"line":116},"12":{"name":"saveTheme","decl":{"start":{"line":126,"column":22},"end":{"line":126,"column":31}},"loc":{"start":{"line":126,"column":65},"end":{"line":132,"column":1}},"line":126},"13":{"name":"loadTheme","decl":{"start":{"line":134,"column":22},"end":{"line":134,"column":31}},"loc":{"start":{"line":134,"column":61},"end":{"line":142,"column":1}},"line":134},"14":{"name":"clearAllData","decl":{"start":{"line":144,"column":22},"end":{"line":144,"column":34}},"loc":{"start":{"line":144,"column":52},"end":{"line":160,"column":1}},"line":144}},"branchMap":{"0":{"loc":{"start":{"line":17,"column":11},"end":{"line":17,"column":40}},"type":"cond-expr","locations":[{"start":{"line":17,"column":19},"end":{"line":17,"column":36}},{"start":{"line":17,"column":39},"end":{"line":17,"column":40}}],"line":17},"1":{"loc":{"start":{"line":35,"column":11},"end":{"line":35,"column":41}},"type":"cond-expr","locations":[{"start":{"line":35,"column":19},"end":{"line":35,"column":36}},{"start":{"line":35,"column":39},"end":{"line":35,"column":41}}],"line":35},"2":{"loc":{"start":{"line":53,"column":11},"end":{"line":53,"column":36}},"type":"binary-expr","locations":[{"start":{"line":53,"column":11},"end":{"line":53,"column":16}},{"start":{"line":53,"column":20},"end":{"line":53,"column":36}}],"line":53},"3":{"loc":{"start":{"line":62,"column":4},"end":{"line":69,"column":5}},"type":"if","locations":[{"start":{"line":62,"column":4},"end":{"line":69,"column":5}},{"start":{"line":64,"column":11},"end":{"line":69,"column":5}}],"line":62},"4":{"loc":{"start":{"line":62,"column":8},"end":{"line":62,"column":51}},"type":"binary-expr","locations":[{"start":{"line":62,"column":8},"end":{"line":62,"column":30}},{"start":{"line":62,"column":34},"end":{"line":62,"column":51}}],"line":62},"5":{"loc":{"start":{"line":78,"column":11},"end":{"line":78,"column":48}},"type":"cond-expr","locations":[{"start":{"line":78,"column":19},"end":{"line":78,"column":36}},{"start":{"line":78,"column":39},"end":{"line":78,"column":48}}],"line":78},"6":{"loc":{"start":{"line":101,"column":11},"end":{"line":101,"column":44}},"type":"cond-expr","locations":[{"start":{"line":101,"column":19},"end":{"line":101,"column":36}},{"start":{"line":101,"column":39},"end":{"line":101,"column":44}}],"line":101},"7":{"loc":{"start":{"line":119,"column":11},"end":{"line":119,"column":41}},"type":"cond-expr","locations":[{"start":{"line":119,"column":19},"end":{"line":119,"column":36}},{"start":{"line":119,"column":39},"end":{"line":119,"column":41}}],"line":119}},"s":{"0":91,"1":91,"2":1,"3":87,"4":87,"5":86,"6":1,"7":1,"8":99,"9":99,"10":1,"11":88,"12":88,"13":87,"14":1,"15":1,"16":85,"17":85,"18":1,"19":87,"20":87,"21":86,"22":1,"23":1,"24":87,"25":87,"26":85,"27":2,"28":0,"29":87,"30":87,"31":86,"32":1,"33":1,"34":86,"35":86,"36":1,"37":88,"38":88,"39":87,"40":1,"41":1,"42":92,"43":92,"44":0,"45":88,"46":88,"47":87,"48":1,"49":1,"50":7,"51":7,"52":1,"53":114,"54":114,"55":113,"56":1,"57":1,"58":4,"59":4,"60":1},"f":{"0":91,"1":87,"2":99,"3":88,"4":85,"5":87,"6":87,"7":87,"8":86,"9":88,"10":92,"11":88,"12":7,"13":114,"14":4},"b":{"0":[1,85],"1":[10,77],"2":[86,85],"3":[85,2],"4":[87,3],"5":[1,85],"6":[21,66],"7":[6,81]},"_coverageSchema":"1a1c01bbd47fc00a2c39e90264f33305004495a9","hash":"097c5fdb7e984f14ecd4b1f044cac37087ef6ce2"}
,"/Users/jaamaalxyz/training/capital-cohort/utils/validation.ts": {"path":"/Users/jaamaalxyz/training/capital-cohort/utils/validation.ts","statementMap":{"0":{"start":{"line":4,"column":2},"end":{"line":6,"column":3}},"1":{"start":{"line":5,"column":4},"end":{"line":5,"column":70}},"2":{"start":{"line":8,"column":2},"end":{"line":10,"column":3}},"3":{"start":{"line":9,"column":4},"end":{"line":9,"column":64}},"4":{"start":{"line":12,"column":2},"end":{"line":14,"column":3}},"5":{"start":{"line":13,"column":4},"end":{"line":13,"column":81}},"6":{"start":{"line":16,"column":2},"end":{"line":18,"column":3}},"7":{"start":{"line":17,"column":4},"end":{"line":17,"column":65}},"8":{"start":{"line":20,"column":2},"end":{"line":20,"column":27}},"9":{"start":{"line":24,"column":2},"end":{"line":26,"column":3}},"10":{"start":{"line":25,"column":4},"end":{"line":25,"column":66}},"11":{"start":{"line":28,"column":2},"end":{"line":30,"column":3}},"12":{"start":{"line":29,"column":4},"end":{"line":29,"column":71}},"13":{"start":{"line":32,"column":2},"end":{"line":32,"column":27}}},"fnMap":{"0":{"name":"validateExpense","decl":{"start":{"line":3,"column":16},"end":{"line":3,"column":31}},"loc":{"start":{"line":3,"column":77},"end":{"line":21,"column":1}},"line":3},"1":{"name":"validateIncome","decl":{"start":{"line":23,"column":16},"end":{"line":23,"column":30}},"loc":{"start":{"line":23,"column":65},"end":{"line":33,"column":1}},"line":23}},"branchMap":{"0":{"loc":{"start":{"line":4,"column":2},"end":{"line":6,"column":3}},"type":"if","locations":[{"start":{"line":4,"column":2},"end":{"line":6,"column":3}},{"start":{},"end":{}}],"line":4},"1":{"loc":{"start":{"line":4,"column":6},"end":{"line":4,"column":44}},"type":"binary-expr","locations":[{"start":{"line":4,"column":6},"end":{"line":4,"column":21}},{"start":{"line":4,"column":25},"end":{"line":4,"column":44}}],"line":4},"2":{"loc":{"start":{"line":8,"column":2},"end":{"line":10,"column":3}},"type":"if","locations":[{"start":{"line":8,"column":2},"end":{"line":10,"column":3}},{"start":{},"end":{}}],"line":8},"3":{"loc":{"start":{"line":12,"column":2},"end":{"line":14,"column":3}},"type":"if","locations":[{"start":{"line":12,"column":2},"end":{"line":14,"column":3}},{"start":{},"end":{}}],"line":12},"4":{"loc":{"start":{"line":16,"column":2},"end":{"line":18,"column":3}},"type":"if","locations":[{"start":{"line":16,"column":2},"end":{"line":18,"column":3}},{"start":{},"end":{}}],"line":16},"5":{"loc":{"start":{"line":24,"column":2},"end":{"line":26,"column":3}},"type":"if","locations":[{"start":{"line":24,"column":2},"end":{"line":26,"column":3}},{"start":{},"end":{}}],"line":24},"6":{"loc":{"start":{"line":28,"column":2},"end":{"line":30,"column":3}},"type":"if","locations":[{"start":{"line":28,"column":2},"end":{"line":30,"column":3}},{"start":{},"end":{}}],"line":28}},"s":{"0":14,"1":4,"2":10,"3":2,"4":8,"5":1,"6":7,"7":2,"8":5,"9":5,"10":1,"11":4,"12":1,"13":3},"f":{"0":14,"1":5},"b":{"0":[4,10],"1":[14,11],"2":[2,8],"3":[1,7],"4":[2,5],"5":[1,4],"6":[1,3]},"_coverageSchema":"1a1c01bbd47fc00a2c39e90264f33305004495a9","hash":"c12eac0e00b34b864be313aad0ebcfcf0e058250"}
}
