TN:
SF:app/+html.tsx
FN:8,Root
FNF:1
FNH:0
FNDA:0,Root
DA:9,0
DA:27,0
LF:2
LH:0
BRF:0
BRH:0
end_of_record
TN:
SF:app/+not-found.tsx
FN:8,NotFoundScreen
FN:20,(anonymous_1)
FN:24,(anonymous_2)
FN:32,(anonymous_3)
FNF:4
FNH:0
FNDA:0,NotFoundScreen
FNDA:0,(anonymous_1)
FNDA:0,(anonymous_2)
FNDA:0,(anonymous_3)
DA:9,0
DA:10,0
DA:11,0
DA:12,0
DA:14,0
DA:20,0
DA:24,0
DA:32,0
DA:33,0
LF:9
LH:0
BRDA:22,0,0,0
BRDA:22,0,1,0
BRF:2
BRH:0
end_of_record
TN:
SF:app/_layout.tsx
FN:14,AppContent
FN:20,(anonymous_1)
FN:80,RootLayout
FN:83,(anonymous_3)
FN:84,(anonymous_4)
FNF:5
FNH:0
FNDA:0,AppContent
FNDA:0,(anonymous_1)
FNDA:0,RootLayout
FNDA:0,(anonymous_3)
FNDA:0,(anonymous_4)
DA:15,0
DA:16,0
DA:17,0
DA:18,0
DA:20,0
DA:21,0
DA:23,0
DA:25,0
DA:27,0
DA:28,0
DA:30,0
DA:34,0
DA:35,0
DA:49,0
DA:81,0
DA:83,0
DA:84,0
DA:85,0
DA:89,0
DA:90,0
DA:104,0
LF:21
LH:0
BRDA:21,0,0,0
BRDA:21,0,1,0
BRDA:25,1,0,0
BRDA:25,1,1,0
BRDA:25,2,0,0
BRDA:25,2,1,0
BRDA:28,3,0,0
BRDA:28,3,1,0
BRDA:28,4,0,0
BRDA:28,4,1,0
BRDA:34,5,0,0
BRDA:34,5,1,0
BRDA:51,6,0,0
BRDA:51,6,1,0
BRDA:89,7,0,0
BRDA:89,7,1,0
BRF:16
BRH:0
end_of_record
TN:
SF:app/add-expense.tsx
FN:25,AddExpenseScreen
FN:40,(anonymous_1)
FN:75,(anonymous_2)
FN:85,(anonymous_3)
FN:119,(anonymous_4)
FN:121,(anonymous_5)
FN:138,(anonymous_6)
FN:140,(anonymous_7)
FN:156,(anonymous_8)
FN:158,(anonymous_9)
FN:182,(anonymous_10)
FN:197,(anonymous_11)
FNF:12
FNH:5
FNDA:21,AddExpenseScreen
FNDA:1,(anonymous_1)
FNDA:1,(anonymous_2)
FNDA:0,(anonymous_3)
FNDA:0,(anonymous_4)
FNDA:0,(anonymous_5)
FNDA:0,(anonymous_6)
FNDA:0,(anonymous_7)
FNDA:0,(anonymous_8)
FNDA:0,(anonymous_9)
FNDA:21,(anonymous_10)
FNDA:21,(anonymous_11)
DA:26,21
DA:27,21
DA:28,21
DA:29,21
DA:31,21
DA:32,21
DA:34,21
DA:35,21
DA:36,21
DA:37,21
DA:38,21
DA:40,21
DA:41,1
DA:48,1
DA:50,1
DA:52,1
DA:53,1
DA:54,0
DA:55,0
DA:56,0
DA:57,0
DA:59,1
DA:62,0
DA:71,0
DA:72,0
DA:75,21
DA:76,1
DA:77,0
DA:85,0
DA:90,1
DA:94,21
DA:120,0
DA:121,0
DA:139,0
DA:140,0
DA:157,0
DA:158,0
DA:182,21
DA:197,1
DA:198,21
LF:40
LH:25
BRDA:32,0,0,21
BRDA:32,0,1,0
BRDA:44,1,0,1
BRDA:44,1,1,1
BRDA:50,2,0,1
BRDA:50,2,1,0
BRDA:52,3,0,1
BRDA:52,3,1,0
BRDA:52,4,0,1
BRDA:52,4,1,0
BRDA:54,5,0,0
BRDA:54,5,1,0
BRDA:56,6,0,0
BRDA:56,6,1,0
BRDA:76,7,0,0
BRDA:76,7,1,1
BRDA:76,8,0,1
BRDA:76,8,1,1
BRDA:97,9,0,21
BRDA:97,9,1,0
BRDA:135,10,0,21
BRDA:135,10,1,0
BRDA:146,11,0,21
BRDA:146,11,1,0
BRDA:161,12,0,21
BRDA:161,12,1,0
BRDA:171,13,0,21
BRDA:171,13,1,0
BRDA:184,14,0,21
BRDA:184,14,1,0
BRF:30
BRH:15
end_of_record
TN:
SF:app/add-recurring.tsx
FN:22,AddRecurringScreen
FN:30,(anonymous_1)
FN:37,(anonymous_2)
FN:114,(anonymous_3)
FN:123,(anonymous_4)
FNF:5
FNH:4
FNDA:4,AddRecurringScreen
FNDA:0,(anonymous_1)
FNDA:1,(anonymous_2)
FNDA:4,(anonymous_3)
FNDA:4,(anonymous_4)
DA:23,4
DA:24,4
DA:25,4
DA:26,4
DA:27,4
DA:29,4
DA:30,4
DA:32,4
DA:33,4
DA:34,4
DA:35,4
DA:37,4
DA:38,1
DA:39,1
DA:40,1
DA:41,1
DA:42,1
DA:45,0
DA:46,0
DA:48,0
DA:57,0
DA:59,0
DA:62,4
DA:114,4
DA:123,1
DA:124,4
LF:26
LH:21
BRDA:29,0,0,4
BRDA:29,0,1,0
BRDA:30,1,0,0
BRDA:30,1,1,4
BRDA:32,2,0,4
BRDA:32,2,1,4
BRDA:33,3,0,4
BRDA:33,3,1,4
BRDA:34,4,0,4
BRDA:34,4,1,4
BRDA:35,5,0,4
BRDA:35,5,1,4
BRDA:40,6,0,1
BRDA:40,6,1,0
BRDA:45,7,0,0
BRDA:45,7,1,0
BRDA:69,8,0,0
BRDA:69,8,1,4
BRDA:114,9,0,4
BRDA:114,9,1,0
BRDA:117,10,0,0
BRDA:117,10,1,4
BRF:22
BRH:14
end_of_record
TN:
SF:app/onboarding.tsx
FN:27,OnboardingScreen
FN:49,(anonymous_1)
FN:61,(anonymous_2)
FN:67,(anonymous_3)
FN:96,(anonymous_4)
FN:115,(anonymous_5)
FN:117,(anonymous_6)
FN:130,(anonymous_7)
FN:143,(anonymous_8)
FN:164,(anonymous_9)
FN:202,(anonymous_10)
FN:209,(anonymous_11)
FN:216,(anonymous_12)
FN:217,(anonymous_13)
FN:252,(anonymous_14)
FN:254,(anonymous_15)
FN:278,(anonymous_16)
FN:281,(anonymous_17)
FN:287,(anonymous_18)
FN:288,(anonymous_19)
FN:320,(anonymous_20)
FN:331,(anonymous_21)
FN:332,(anonymous_22)
FN:357,(anonymous_23)
FN:359,(anonymous_24)
FN:382,(anonymous_25)
FN:473,(anonymous_26)
FNF:27
FNH:11
FNDA:35,OnboardingScreen
FNDA:8,(anonymous_1)
FNDA:1,(anonymous_2)
FNDA:0,(anonymous_3)
FNDA:0,(anonymous_4)
FNDA:35,(anonymous_5)
FNDA:210,(anonymous_6)
FNDA:35,(anonymous_7)
FNDA:27,(anonymous_8)
FNDA:7,(anonymous_9)
FNDA:1,(anonymous_10)
FNDA:2,(anonymous_11)
FNDA:0,(anonymous_12)
FNDA:0,(anonymous_13)
FNDA:0,(anonymous_14)
FNDA:0,(anonymous_15)
FNDA:0,(anonymous_16)
FNDA:0,(anonymous_17)
FNDA:0,(anonymous_18)
FNDA:0,(anonymous_19)
FNDA:0,(anonymous_20)
FNDA:0,(anonymous_21)
FNDA:0,(anonymous_22)
FNDA:0,(anonymous_23)
FNDA:0,(anonymous_24)
FNDA:0,(anonymous_25)
FNDA:35,(anonymous_26)
DA:28,35
DA:29,35
DA:31,35
DA:32,35
DA:34,35
DA:36,35
DA:37,35
DA:38,35
DA:39,35
DA:42,35
DA:49,35
DA:50,8
DA:51,8
DA:54,0
DA:55,0
DA:56,0
DA:57,0
DA:61,35
DA:62,1
DA:63,1
DA:67,35
DA:68,0
DA:69,0
DA:70,0
DA:71,0
DA:72,0
DA:73,0
DA:74,0
DA:75,0
DA:78,0
DA:79,0
DA:84,0
DA:94,0
DA:96,0
DA:104,0
DA:106,0
DA:108,0
DA:109,0
DA:111,0
DA:115,35
DA:116,35
DA:118,210
DA:130,35
DA:137,35
DA:143,35
DA:144,27
DA:164,35
DA:165,7
DA:202,35
DA:203,1
DA:210,2
DA:217,0
DA:221,0
DA:252,35
DA:253,0
DA:255,0
DA:259,0
DA:278,0
DA:282,0
DA:288,0
DA:320,35
DA:321,0
DA:322,0
DA:332,0
DA:357,35
DA:358,0
DA:359,0
DA:361,0
DA:382,0
DA:440,35
DA:473,1
DA:474,35
LF:72
LH:35
BRDA:50,0,0,8
BRDA:50,0,1,0
BRDA:62,1,0,1
BRDA:62,1,1,0
BRDA:72,2,0,0
BRDA:72,2,1,0
BRDA:87,3,0,0
BRDA:87,3,1,0
BRDA:88,4,0,0
BRDA:88,4,1,0
BRDA:89,5,0,0
BRDA:89,5,1,0
BRDA:90,6,0,0
BRDA:90,6,1,0
BRDA:91,7,0,0
BRDA:91,7,1,0
BRDA:94,8,0,0
BRDA:94,8,1,0
BRDA:122,9,0,210
BRDA:122,9,1,44
BRDA:123,10,0,210
BRDA:123,10,1,35
BRDA:178,11,0,7
BRDA:178,11,1,0
BRDA:182,12,0,0
BRDA:182,12,1,7
BRDA:197,13,0,7
BRDA:197,13,1,0
BRDA:214,14,0,2
BRDA:214,14,1,1
BRDA:228,15,0,2
BRDA:228,15,1,1
BRDA:236,16,0,2
BRDA:236,16,1,1
BRDA:255,17,0,0
BRDA:255,17,1,0
BRDA:285,18,0,0
BRDA:285,18,1,0
BRDA:296,19,0,0
BRDA:296,19,1,0
BRDA:343,20,0,0
BRDA:343,20,1,0
BRDA:375,21,0,0
BRDA:375,21,1,0
BRDA:382,22,0,0
BRDA:382,22,1,0
BRDA:443,23,0,35
BRDA:443,23,1,0
BRDA:447,24,0,8
BRDA:447,24,1,27
BRDA:461,25,0,35
BRDA:461,25,1,27
BRDA:462,26,0,35
BRDA:462,26,1,7
BRDA:463,27,0,35
BRDA:463,27,1,1
BRDA:464,28,0,35
BRDA:464,28,1,0
BRDA:465,29,0,35
BRDA:465,29,1,0
BRDA:466,30,0,35
BRDA:466,30,1,0
BRF:62
BRH:27
end_of_record
TN:
SF:app/recurring.tsx
FN:18,RecurringScreen
FN:26,(anonymous_1)
FN:30,(anonymous_2)
FN:39,(anonymous_3)
FN:63,(anonymous_4)
FN:77,(anonymous_5)
FN:78,(anonymous_6)
FN:86,(anonymous_7)
FNF:8
FNH:5
FNDA:9,RecurringScreen
FNDA:0,(anonymous_1)
FNDA:0,(anonymous_2)
FNDA:0,(anonymous_3)
FNDA:2,(anonymous_4)
FNDA:9,(anonymous_5)
FNDA:1,(anonymous_6)
FNDA:9,(anonymous_7)
DA:19,9
DA:20,9
DA:21,9
DA:22,9
DA:24,9
DA:26,9
DA:27,0
DA:30,9
DA:31,0
DA:39,0
DA:45,9
DA:64,2
DA:77,9
DA:78,1
DA:86,1
DA:87,9
LF:16
LH:13
BRDA:24,0,0,9
BRDA:24,0,1,0
BRDA:49,1,0,7
BRDA:49,1,1,2
BRDA:77,2,0,9
BRDA:77,2,1,0
BRF:6
BRH:4
end_of_record
TN:
SF:app/(tabs)/_layout.tsx
FN:8,TabLayout
FN:32,(anonymous_1)
FN:41,(anonymous_2)
FN:50,(anonymous_3)
FN:59,(anonymous_4)
FN:68,(anonymous_5)
FNF:6
FNH:0
FNDA:0,TabLayout
FNDA:0,(anonymous_1)
FNDA:0,(anonymous_2)
FNDA:0,(anonymous_3)
FNDA:0,(anonymous_4)
FNDA:0,(anonymous_5)
DA:9,0
DA:10,0
DA:11,0
DA:13,0
DA:15,0
DA:33,0
DA:42,0
DA:51,0
DA:60,0
DA:68,0
DA:69,0
LF:11
LH:0
BRF:0
BRH:0
end_of_record
TN:
SF:app/(tabs)/expenses.tsx
FN:23,ExpensesScreen
FN:39,(anonymous_1)
FN:43,(anonymous_2)
FN:47,(anonymous_3)
FN:51,(anonymous_4)
FN:57,(anonymous_5)
FN:62,(anonymous_6)
FN:67,(anonymous_7)
FN:89,(anonymous_8)
FN:103,(anonymous_9)
FN:136,(anonymous_10)
FN:145,(anonymous_11)
FNF:12
FNH:9
FNDA:18,ExpensesScreen
FNDA:18,(anonymous_1)
FNDA:0,(anonymous_2)
FNDA:18,(anonymous_3)
FNDA:0,(anonymous_4)
FNDA:0,(anonymous_5)
FNDA:2,(anonymous_6)
FNDA:2,(anonymous_7)
FNDA:72,(anonymous_8)
FNDA:2,(anonymous_9)
FNDA:4,(anonymous_10)
FNDA:18,(anonymous_11)
DA:24,18
DA:25,18
DA:26,18
DA:27,18
DA:28,18
DA:30,18
DA:32,18
DA:39,18
DA:40,18
DA:41,17
DA:43,1
DA:46,18
DA:47,18
DA:51,18
DA:52,0
DA:57,0
DA:62,18
DA:63,2
DA:64,2
DA:68,2
DA:79,18
DA:90,72
DA:92,72
DA:96,72
DA:103,2
DA:136,4
DA:145,2
DA:146,18
LF:28
LH:26
BRDA:28,0,0,18
BRDA:28,0,1,0
BRDA:40,1,0,17
BRDA:40,1,1,1
BRDA:92,2,0,18
BRDA:92,2,1,54
BRDA:101,3,0,72
BRDA:101,3,1,18
BRDA:108,4,0,72
BRDA:108,4,1,18
BRDA:110,5,0,17
BRDA:110,5,1,1
BRDA:124,6,0,16
BRDA:124,6,1,2
BRF:14
BRH:13
end_of_record
TN:
SF:app/(tabs)/index.tsx
FN:26,DashboardScreen
FN:55,(anonymous_1)
FN:64,(anonymous_2)
FN:84,(anonymous_3)
FN:138,(anonymous_4)
FN:139,(anonymous_5)
FN:147,(anonymous_6)
FNF:7
FNH:5
FNDA:15,DashboardScreen
FNDA:1,(anonymous_1)
FNDA:0,(anonymous_2)
FNDA:0,(anonymous_3)
FNDA:8,(anonymous_4)
FNDA:1,(anonymous_5)
FNDA:15,(anonymous_6)
DA:27,15
DA:28,15
DA:29,15
DA:30,15
DA:32,15
DA:34,15
DA:35,7
DA:42,8
DA:43,8
DA:45,8
DA:55,1
DA:64,0
DA:84,0
DA:138,8
DA:139,1
DA:147,1
DA:148,15
LF:17
LH:15
BRDA:34,0,0,7
BRDA:34,0,1,8
BRDA:43,1,0,8
BRDA:43,1,1,0
BRDA:69,2,0,8
BRDA:69,2,1,7
BRDA:82,3,0,8
BRDA:82,3,1,8
BRDA:127,4,0,8
BRDA:127,4,1,0
BRDA:138,5,0,8
BRDA:138,5,1,0
BRF:12
BRH:9
end_of_record
TN:
SF:app/(tabs)/reports.tsx
FN:20,ReportsScreen
FN:25,(anonymous_1)
FNF:2
FNH:2
FNDA:18,ReportsScreen
FNDA:18,(anonymous_1)
DA:18,1
DA:21,18
DA:22,18
DA:24,18
DA:25,18
DA:29,18
DA:31,18
DA:122,1
LF:8
LH:8
BRDA:41,0,0,12
BRDA:41,0,1,6
BRDA:62,1,0,6
BRDA:62,1,1,6
BRF:4
BRH:4
end_of_record
TN:
SF:app/(tabs)/settings.tsx
FN:40,SettingsScreen
FN:54,(anonymous_1)
FN:61,(anonymous_2)
FN:69,(anonymous_3)
FN:76,(anonymous_4)
FN:84,(anonymous_5)
FN:91,(anonymous_6)
FN:96,(anonymous_7)
FN:108,(anonymous_8)
FN:120,(anonymous_9)
FN:135,(anonymous_10)
FN:150,(anonymous_11)
FN:156,(anonymous_12)
FN:166,(anonymous_13)
FN:174,(anonymous_14)
FN:179,(anonymous_15)
FN:213,(anonymous_16)
FN:218,(anonymous_17)
FN:223,(anonymous_18)
FN:228,(anonymous_19)
FN:243,(anonymous_20)
FN:248,(anonymous_21)
FN:256,(anonymous_22)
FN:273,(anonymous_23)
FN:281,(anonymous_24)
FN:398,(anonymous_25)
FN:421,(anonymous_26)
FN:431,(anonymous_27)
FN:436,(anonymous_28)
FN:447,(anonymous_29)
FN:499,(anonymous_30)
FN:503,(anonymous_31)
FN:551,(anonymous_32)
FN:561,(anonymous_33)
FN:572,(anonymous_34)
FN:589,(anonymous_35)
FN:645,(anonymous_36)
FN:649,(anonymous_37)
FN:702,(anonymous_38)
FN:706,(anonymous_39)
FN:721,(anonymous_40)
FNF:41
FNH:28
FNDA:26,SettingsScreen
FNDA:10,(anonymous_1)
FNDA:11,(anonymous_2)
FNDA:138,(anonymous_3)
FNDA:11,(anonymous_4)
FNDA:2,(anonymous_5)
FNDA:0,(anonymous_6)
FNDA:1,(anonymous_7)
FNDA:1,(anonymous_8)
FNDA:1,(anonymous_9)
FNDA:0,(anonymous_10)
FNDA:0,(anonymous_11)
FNDA:0,(anonymous_12)
FNDA:0,(anonymous_13)
FNDA:0,(anonymous_14)
FNDA:0,(anonymous_15)
FNDA:2,(anonymous_16)
FNDA:0,(anonymous_17)
FNDA:2,(anonymous_18)
FNDA:0,(anonymous_19)
FNDA:0,(anonymous_20)
FNDA:21,(anonymous_21)
FNDA:0,(anonymous_22)
FNDA:4,(anonymous_23)
FNDA:0,(anonymous_24)
FNDA:26,(anonymous_25)
FNDA:26,(anonymous_26)
FNDA:26,(anonymous_27)
FNDA:26,(anonymous_28)
FNDA:26,(anonymous_29)
FNDA:26,(anonymous_30)
FNDA:0,(anonymous_31)
FNDA:26,(anonymous_32)
FNDA:26,(anonymous_33)
FNDA:26,(anonymous_34)
FNDA:26,(anonymous_35)
FNDA:30,(anonymous_36)
FNDA:20,(anonymous_37)
FNDA:6,(anonymous_38)
FNDA:2,(anonymous_39)
FNDA:26,(anonymous_40)
DA:41,26
DA:42,26
DA:43,26
DA:44,26
DA:45,26
DA:46,26
DA:47,26
DA:48,26
DA:49,26
DA:50,26
DA:52,26
DA:54,26
DA:55,10
DA:58,26
DA:59,26
DA:61,26
DA:62,11
DA:64,11
DA:65,10
DA:68,1
DA:70,138
DA:76,26
DA:77,11
DA:79,11
DA:80,10
DA:83,1
DA:85,2
DA:91,26
DA:92,0
DA:93,0
DA:96,26
DA:97,1
DA:98,1
DA:99,1
DA:100,1
DA:101,1
DA:102,1
DA:104,0
DA:108,26
DA:109,1
DA:110,1
DA:111,1
DA:112,1
DA:113,1
DA:114,1
DA:116,0
DA:120,26
DA:121,1
DA:122,1
DA:123,1
DA:124,0
DA:125,0
DA:126,0
DA:127,0
DA:136,0
DA:146,0
DA:150,26
DA:151,0
DA:157,0
DA:158,0
DA:159,0
DA:165,26
DA:167,0
DA:168,0
DA:169,0
DA:174,26
DA:175,0
DA:176,0
DA:179,26
DA:180,0
DA:181,0
DA:182,0
DA:183,0
DA:184,0
DA:188,0
DA:189,0
DA:192,0
DA:193,0
DA:198,0
DA:206,0
DA:207,0
DA:209,0
DA:213,26
DA:214,2
DA:215,2
DA:218,26
DA:219,0
DA:220,0
DA:223,26
DA:224,2
DA:225,2
DA:228,26
DA:229,0
DA:230,0
DA:233,26
DA:236,26
DA:239,26
DA:243,26
DA:245,26
DA:247,26
DA:249,21
DA:250,21
DA:256,0
DA:272,26
DA:274,4
DA:275,4
DA:282,0
DA:283,0
DA:297,26
DA:398,26
DA:421,26
DA:431,26
DA:436,26
DA:447,26
DA:499,26
DA:503,0
DA:551,26
DA:561,26
DA:572,26
DA:589,26
DA:645,30
DA:649,20
DA:702,6
DA:706,2
DA:721,2
DA:722,26
LF:126
LH:86
BRDA:59,0,0,26
BRDA:59,0,1,0
BRDA:64,1,0,10
BRDA:64,1,1,1
BRDA:70,2,0,138
BRDA:70,2,1,138
BRDA:70,2,2,137
BRDA:79,3,0,10
BRDA:79,3,1,1
BRDA:85,4,0,2
BRDA:85,4,1,2
BRDA:85,4,2,2
BRDA:100,5,0,1
BRDA:100,5,1,0
BRDA:112,6,0,1
BRDA:112,6,1,0
BRDA:123,7,0,1
BRDA:123,7,1,0
BRDA:123,8,0,1
BRDA:123,8,1,0
BRDA:146,9,0,0
BRDA:146,9,1,0
BRDA:183,10,0,0
BRDA:183,10,1,0
BRDA:201,11,0,0
BRDA:201,11,1,0
BRDA:202,12,0,0
BRDA:202,12,1,0
BRDA:203,13,0,0
BRDA:203,13,1,0
BRDA:254,14,0,21
BRDA:254,14,1,2
BRDA:263,15,0,21
BRDA:263,15,1,2
BRDA:279,16,0,4
BRDA:279,16,1,2
BRDA:290,17,0,4
BRDA:290,17,1,2
BRDA:301,18,0,26
BRDA:301,18,1,0
BRDA:330,19,0,26
BRDA:330,19,1,0
BRDA:400,20,0,26
BRDA:400,20,1,0
BRDA:423,21,0,26
BRDA:423,21,1,0
BRDA:449,22,0,26
BRDA:449,22,1,0
BRDA:450,23,0,26
BRDA:450,23,1,0
BRDA:456,24,0,0
BRDA:456,24,1,26
BRDA:462,25,0,0
BRDA:462,25,1,0
BRDA:476,26,0,0
BRDA:476,26,1,26
BRDA:501,27,0,26
BRDA:501,27,1,0
BRDA:553,28,0,26
BRDA:553,28,1,0
BRDA:563,29,0,26
BRDA:563,29,1,0
BRDA:574,30,0,26
BRDA:574,30,1,0
BRDA:591,31,0,26
BRDA:591,31,1,0
BRF:66
BRH:36
end_of_record
TN:
SF:components/AmountInput.tsx
FN:15,AmountInput
FN:28,(anonymous_1)
FN:36,(anonymous_2)
FN:77,(anonymous_3)
FNF:4
FNH:4
FNDA:65,AmountInput
FNDA:32,(anonymous_1)
FNDA:4,(anonymous_2)
FNDA:65,(anonymous_3)
DA:22,65
DA:23,65
DA:24,65
DA:26,65
DA:28,65
DA:29,32
DA:30,1
DA:32,31
DA:36,65
DA:38,4
DA:41,4
DA:42,4
DA:43,4
DA:44,2
DA:47,4
DA:50,4
DA:51,4
DA:52,3
DA:54,1
DA:58,65
DA:77,6
DA:78,65
LF:22
LH:22
BRDA:18,0,0,0
BRDA:29,1,0,1
BRDA:29,1,1,31
BRDA:43,2,0,2
BRDA:43,2,1,2
BRDA:51,3,0,3
BRDA:51,3,1,1
BRDA:60,4,0,65
BRDA:60,4,1,2
BRDA:72,5,0,65
BRDA:72,5,1,2
BRF:11
BRH:10
end_of_record
TN:
SF:components/BudgetCard.tsx
FN:17,BudgetCard
FN:32,(anonymous_1)
FN:78,(anonymous_2)
FNF:3
FNH:3
FNDA:34,BudgetCard
FNDA:34,(anonymous_1)
FNDA:34,(anonymous_2)
DA:23,34
DA:24,34
DA:25,34
DA:27,34
DA:28,34
DA:30,34
DA:32,34
DA:78,2
DA:79,34
LF:9
LH:9
BRDA:20,0,0,0
BRDA:32,1,0,34
BRDA:32,1,1,0
BRDA:51,2,0,34
BRDA:51,2,1,1
BRDA:67,3,0,34
BRDA:67,3,1,1
BRDA:71,4,0,34
BRDA:71,4,1,33
BRDA:71,4,2,33
BRF:10
BRH:8
end_of_record
TN:
SF:components/CategoryPicker.tsx
FN:15,CategoryPicker
FN:23,(anonymous_1)
FN:37,(anonymous_2)
FN:55,(anonymous_3)
FNF:4
FNH:4
FNDA:33,CategoryPicker
FNDA:99,(anonymous_1)
FNDA:3,(anonymous_2)
FNDA:33,(anonymous_3)
DA:13,3
DA:16,33
DA:17,33
DA:19,33
DA:21,33
DA:24,99
DA:25,99
DA:27,99
DA:37,3
DA:55,3
DA:56,33
LF:11
LH:11
BRDA:32,0,0,99
BRDA:32,0,1,5
BRDA:41,1,0,99
BRDA:41,1,1,5
BRF:4
BRH:4
end_of_record
TN:
SF:components/ExpenseItem.tsx
FN:15,ExpenseItem
FN:53,(anonymous_1)
FN:66,(anonymous_2)
FNF:3
FNH:3
FNDA:12,ExpenseItem
FNDA:1,(anonymous_1)
FNDA:12,(anonymous_2)
DA:20,12
DA:21,12
DA:22,12
DA:24,12
DA:26,12
DA:53,1
DA:66,3
DA:67,12
LF:8
LH:8
BRDA:17,0,0,0
BRDA:36,1,0,12
BRDA:36,1,1,1
BRDA:51,2,0,12
BRDA:51,2,1,4
BRF:5
BRH:4
end_of_record
TN:
SF:components/ProgressBar.tsx
FN:11,ProgressBar
FN:37,(anonymous_1)
FNF:2
FNH:2
FNDA:41,ProgressBar
FNDA:41,(anonymous_1)
DA:16,41
DA:17,41
DA:18,41
DA:20,41
DA:22,41
DA:37,3
DA:38,41
LF:7
LH:7
BRDA:18,0,0,2
BRDA:18,0,1,39
BRF:2
BRH:2
end_of_record
TN:
SF:components/RecurringItem.tsx
FN:15,RecurringItem
FN:43,(anonymous_1)
FN:51,(anonymous_2)
FN:63,(anonymous_3)
FNF:4
FNH:4
FNDA:10,RecurringItem
FNDA:1,(anonymous_1)
FNDA:1,(anonymous_2)
FNDA:10,(anonymous_3)
DA:16,10
DA:17,10
DA:18,10
DA:20,10
DA:43,1
DA:51,1
DA:63,2
DA:64,10
LF:8
LH:8
BRDA:15,0,0,8
BRDA:26,1,0,10
BRDA:26,1,1,1
BRF:3
BRH:3
end_of_record
TN:
SF:components/ScreenContainer.tsx
FN:12,ScreenContainer
FNF:1
FNH:1
FNDA:75,ScreenContainer
DA:17,75
DA:18,75
DA:29,5
LF:3
LH:3
BRDA:15,0,0,40
BRF:1
BRH:1
end_of_record
TN:
SF:components/ThemePicker.tsx
FN:8,ThemePicker
FN:40,(anonymous_1)
FN:52,(anonymous_2)
FNF:3
FNH:3
FNDA:17,ThemePicker
FNDA:51,(anonymous_1)
FNDA:1,(anonymous_2)
DA:9,17
DA:10,17
DA:17,17
DA:38,17
DA:41,51
DA:42,51
DA:52,1
DA:83,2
LF:8
LH:8
BRDA:49,0,0,17
BRDA:49,0,1,34
BRDA:59,1,0,17
BRDA:59,1,1,34
BRDA:69,2,0,17
BRDA:69,2,1,34
BRDA:70,3,0,17
BRDA:70,3,1,34
BRDA:74,4,0,51
BRDA:74,4,1,17
BRF:10
BRH:10
end_of_record
TN:
SF:components/charts/BarChart.tsx
FN:21,(anonymous_0)
FN:32,(anonymous_1)
FN:37,(anonymous_2)
FNF:3
FNH:3
FNDA:14,(anonymous_0)
FNDA:49,(anonymous_1)
FNDA:49,(anonymous_2)
DA:7,2
DA:12,2
DA:13,2
DA:14,2
DA:21,2
DA:22,14
DA:23,1
DA:32,49
DA:34,13
DA:38,49
DA:39,49
DA:41,49
DA:42,49
DA:43,49
DA:45,49
DA:85,2
LF:16
LH:16
BRDA:21,0,0,14
BRDA:22,1,0,1
BRDA:22,1,1,13
BRF:3
BRH:3
end_of_record
TN:
SF:components/charts/ChartLegend.tsx
FN:12,(anonymous_0)
FNF:1
FNH:1
FNDA:18,(anonymous_0)
DA:12,1
DA:13,18
DA:20,1
LF:3
LH:3
BRF:0
BRH:0
end_of_record
TN:
SF:components/charts/DonutChart.tsx
FN:33,describeArc
FN:64,(anonymous_1)
FN:83,(anonymous_2)
FN:95,(anonymous_3)
FNF:4
FNH:4
FNDA:34,describeArc
FNDA:14,(anonymous_1)
FNDA:39,(anonymous_2)
FNDA:34,(anonymous_3)
DA:8,2
DA:9,2
DA:10,2
DA:11,2
DA:12,2
DA:14,2
DA:42,34
DA:43,34
DA:45,34
DA:46,34
DA:47,34
DA:48,34
DA:49,34
DA:50,34
DA:51,34
DA:52,34
DA:53,34
DA:55,34
DA:64,2
DA:69,14
DA:71,14
DA:72,1
DA:79,13
DA:83,39
DA:85,13
DA:86,13
DA:87,13
DA:88,13
DA:90,13
DA:92,13
DA:96,34
DA:97,34
DA:98,34
DA:99,34
DA:100,34
DA:119,2
LF:36
LH:36
BRDA:53,0,0,3
BRDA:53,0,1,31
BRDA:67,1,0,14
BRDA:71,2,0,1
BRDA:71,2,1,13
BRF:5
BRH:5
end_of_record
TN:
SF:components/charts/SpendingInsightCard.tsx
FN:11,(anonymous_0)
FNF:1
FNH:1
FNDA:12,(anonymous_0)
DA:11,1
DA:17,12
DA:26,1
LF:3
LH:3
BRF:0
BRH:0
end_of_record
TN:
SF:context/BudgetContext.tsx
FN:51,budgetReducer
FN:62,(anonymous_1)
FN:79,(anonymous_2)
FN:86,(anonymous_3)
FN:125,BudgetProvider
FN:129,(anonymous_5)
FN:130,loadData
FN:161,(anonymous_7)
FN:168,(anonymous_8)
FN:175,(anonymous_9)
FN:182,(anonymous_10)
FN:189,(anonymous_11)
FN:196,(anonymous_12)
FN:203,(anonymous_13)
FN:219,(anonymous_14)
FN:224,(anonymous_15)
FN:228,(anonymous_16)
FN:232,(anonymous_17)
FN:236,(anonymous_18)
FN:240,(anonymous_19)
FN:244,(anonymous_20)
FN:248,(anonymous_21)
FN:252,(anonymous_22)
FN:256,(anonymous_23)
FN:261,(anonymous_24)
FN:265,(anonymous_25)
FN:269,(anonymous_26)
FN:273,(anonymous_27)
FN:302,useBudget
FNF:29
FNH:26
FNDA:114,budgetReducer
FNDA:2,(anonymous_1)
FNDA:1,(anonymous_2)
FNDA:1,(anonymous_3)
FNDA:191,BudgetProvider
FNDA:84,(anonymous_5)
FNDA:84,loadData
FNDA:172,(anonymous_7)
FNDA:179,(anonymous_8)
FNDA:167,(anonymous_9)
FNDA:168,(anonymous_10)
FNDA:167,(anonymous_11)
FNDA:174,(anonymous_12)
FNDA:173,(anonymous_13)
FNDA:185,(anonymous_14)
FNDA:186,(anonymous_15)
FNDA:4,(anonymous_16)
FNDA:12,(anonymous_17)
FNDA:1,(anonymous_18)
FNDA:6,(anonymous_19)
FNDA:0,(anonymous_20)
FNDA:1,(anonymous_21)
FNDA:0,(anonymous_22)
FNDA:1,(anonymous_23)
FNDA:0,(anonymous_24)
FNDA:2,(anonymous_25)
FNDA:1,(anonymous_26)
FNDA:1,(anonymous_27)
FNDA:211,useBudget
DA:40,14
DA:52,114
DA:54,0
DA:56,4
DA:58,12
DA:60,1
DA:62,2
DA:65,83
DA:67,6
DA:69,0
DA:71,1
DA:73,0
DA:75,2
DA:77,1
DA:80,1
DA:84,1
DA:86,1
DA:89,2
DA:95,1
DA:101,0
DA:123,14
DA:126,191
DA:129,191
DA:131,84
DA:133,84
DA:141,84
DA:153,0
DA:154,0
DA:157,84
DA:161,191
DA:162,172
DA:163,88
DA:168,191
DA:169,179
DA:170,95
DA:175,191
DA:176,167
DA:177,83
DA:182,191
DA:183,168
DA:184,84
DA:189,191
DA:190,167
DA:191,83
DA:196,191
DA:197,174
DA:198,90
DA:203,191
DA:204,173
DA:205,89
DA:209,89
DA:210,2
DA:218,191
DA:219,185
DA:223,191
DA:224,186
DA:228,191
DA:229,4
DA:232,191
DA:233,12
DA:236,191
DA:237,1
DA:240,191
DA:241,6
DA:244,191
DA:245,0
DA:248,191
DA:249,1
DA:252,191
DA:253,0
DA:256,191
DA:257,1
DA:258,1
DA:261,191
DA:262,0
DA:265,191
DA:266,2
DA:269,191
DA:270,1
DA:273,191
DA:274,1
DA:277,191
DA:303,211
DA:304,210
DA:305,2
DA:307,208
LF:86
LH:77
BRDA:52,0,0,0
BRDA:52,0,1,4
BRDA:52,0,2,12
BRDA:52,0,3,1
BRDA:52,0,4,83
BRDA:52,0,5,6
BRDA:52,0,6,0
BRDA:52,0,7,1
BRDA:52,0,8,0
BRDA:52,0,9,2
BRDA:52,0,10,1
BRDA:52,0,11,1
BRDA:52,0,12,2
BRDA:52,0,13,1
BRDA:52,0,14,0
BRDA:80,1,0,1
BRDA:80,1,1,0
BRDA:162,2,0,88
BRDA:162,2,1,84
BRDA:169,3,0,95
BRDA:169,3,1,84
BRDA:176,4,0,83
BRDA:176,4,1,84
BRDA:183,5,0,84
BRDA:183,5,1,84
BRDA:190,6,0,83
BRDA:190,6,1,84
BRDA:197,7,0,90
BRDA:197,7,1,84
BRDA:204,8,0,89
BRDA:204,8,1,84
BRDA:209,9,0,2
BRDA:209,9,1,87
BRDA:304,10,0,2
BRDA:304,10,1,208
BRF:35
BRH:30
end_of_record
TN:
SF:context/ThemeContext.tsx
FN:17,ThemeProvider
FN:22,(anonymous_1)
FN:23,initTheme
FN:33,(anonymous_3)
FN:63,useTheme
FNF:5
FNH:5
FNDA:218,ThemeProvider
FNDA:108,(anonymous_1)
FNDA:108,initTheme
FNDA:2,(anonymous_3)
FNDA:383,useTheme
DA:15,16
DA:18,218
DA:19,218
DA:20,218
DA:22,218
DA:24,108
DA:25,108
DA:26,2
DA:28,108
DA:30,108
DA:33,218
DA:34,2
DA:35,2
DA:39,218
DA:41,218
DA:42,218
DA:44,218
DA:45,108
DA:48,110
DA:64,383
DA:65,382
DA:66,2
DA:68,380
LF:23
LH:23
BRDA:25,0,0,2
BRDA:25,0,1,106
BRDA:39,1,0,214
BRDA:39,1,1,4
BRDA:39,2,0,214
BRDA:39,2,1,0
BRDA:42,3,0,3
BRDA:42,3,1,215
BRDA:44,4,0,108
BRDA:44,4,1,110
BRDA:65,5,0,2
BRDA:65,5,1,380
BRF:12
BRH:11
end_of_record
TN:
SF:utils/calculations.ts
FN:4,getExpensesForMonth
FN:5,(anonymous_1)
FN:8,calculateCategoryBudget
FN:16,(anonymous_3)
FN:17,(anonymous_4)
FN:28,calculateBudgetSummary
FN:48,groupExpensesByDate
FN:52,(anonymous_7)
FN:55,(anonymous_8)
FNF:9
FNH:9
FNDA:189,getExpensesForMonth
FNDA:48,(anonymous_1)
FNDA:582,calculateCategoryBudget
FNDA:126,(anonymous_3)
FNDA:45,(anonymous_4)
FNDA:191,calculateBudgetSummary
FNDA:22,groupExpensesByDate
FNDA:7,(anonymous_7)
FNDA:9,(anonymous_8)
DA:5,189
DA:13,582
DA:14,582
DA:15,582
DA:16,126
DA:17,45
DA:19,582
DA:32,191
DA:33,191
DA:34,191
DA:36,191
DA:38,191
DA:49,22
DA:51,22
DA:52,7
DA:55,22
DA:56,9
DA:57,9
DA:60,22
LF:19
LH:19
BRDA:23,0,0,35
BRDA:23,0,1,547
BRDA:56,1,0,9
BRDA:56,1,1,8
BRF:4
BRH:4
end_of_record
TN:
SF:utils/exportData.ts
FN:5,escapeCSVField
FN:12,expensesToCSV
FN:13,(anonymous_2)
FN:24,expensesToJSON
FN:39,buildExportFilename
FNF:5
FNH:5
FNDA:5,escapeCSVField
FNDA:7,expensesToCSV
FNDA:5,(anonymous_2)
FNDA:5,expensesToJSON
FNDA:5,buildExportFilename
DA:3,3
DA:6,5
DA:7,2
DA:9,3
DA:13,7
DA:14,5
DA:21,7
DA:29,5
DA:36,5
DA:40,5
LF:10
LH:10
BRDA:6,0,0,2
BRDA:6,0,1,3
BRDA:6,1,0,5
BRDA:6,1,1,4
BRDA:6,1,2,3
BRF:5
BRH:5
end_of_record
TN:
SF:utils/formatters.ts
FN:3,formatCurrency
FN:16,parseCurrency
FN:22,getCurrentMonth
FN:27,formatMonth
FN:35,formatDate
FN:46,getToday
FN:51,generateId
FN:52,(anonymous_7)
FN:59,getPreviousMonth
FN:65,getNextMonth
FNF:10
FNH:10
FNDA:189,formatCurrency
FNDA:6,parseCurrency
FNDA:49,getCurrentMonth
FNDA:26,formatMonth
FNDA:23,formatDate
FNDA:44,getToday
FNDA:14,generateId
FNDA:434,(anonymous_7)
FNDA:8,getPreviousMonth
FNDA:4,getNextMonth
DA:4,189
DA:5,189
DA:6,189
DA:8,189
DA:13,189
DA:17,6
DA:18,6
DA:19,6
DA:23,49
DA:24,49
DA:28,26
DA:29,26
DA:30,26
DA:31,26
DA:32,26
DA:36,23
DA:37,23
DA:38,23
DA:39,23
DA:47,44
DA:48,44
DA:52,14
DA:53,434
DA:54,434
DA:55,434
DA:60,8
DA:61,8
DA:62,8
DA:66,4
DA:67,4
DA:68,4
LF:31
LH:31
BRDA:3,0,0,1
BRDA:5,1,0,189
BRDA:5,1,1,0
BRDA:6,2,0,0
BRDA:6,2,1,189
BRDA:19,3,0,2
BRDA:19,3,1,4
BRDA:30,4,0,26
BRDA:30,4,1,0
BRDA:31,5,0,0
BRDA:31,5,1,26
BRDA:37,6,0,23
BRDA:37,6,1,0
BRDA:38,7,0,0
BRDA:38,7,1,23
BRDA:54,8,0,420
BRDA:54,8,1,14
BRF:17
BRH:11
end_of_record
TN:
SF:utils/importData.ts
FN:4,(anonymous_0)
FN:12,validateExpense
FN:28,parseImportJSON
FN:39,(anonymous_3)
FNF:4
FNH:4
FNDA:6,(anonymous_0)
FNDA:4,validateExpense
FNDA:7,parseImportJSON
FNDA:4,(anonymous_3)
DA:5,6
DA:6,6
DA:10,3
DA:13,4
DA:14,0
DA:16,4
DA:17,4
DA:18,4
DA:19,21
DA:21,3
DA:22,2
DA:23,1
DA:25,1
DA:30,7
DA:31,7
DA:33,1
DA:35,6
DA:36,6
DA:37,6
DA:38,5
DA:39,4
DA:40,1
LF:22
LH:21
BRDA:13,0,0,0
BRDA:13,0,1,4
BRDA:13,1,0,4
BRDA:13,1,1,4
BRDA:19,2,0,1
BRDA:19,2,1,20
BRDA:21,3,0,1
BRDA:21,3,1,2
BRDA:22,4,0,1
BRDA:22,4,1,1
BRDA:35,5,0,0
BRDA:35,5,1,6
BRDA:35,6,0,6
BRDA:35,6,1,6
BRDA:37,7,0,1
BRDA:37,7,1,5
BRDA:38,8,0,1
BRDA:38,8,1,4
BRF:18
BRH:16
end_of_record
TN:
SF:utils/localization.ts
FN:98,getDefaultsByCountry
FNF:1
FNH:1
FNDA:14,getDefaultsByCountry
DA:6,2
DA:15,2
DA:101,14
DA:102,2
DA:105,12
DA:110,12
LF:6
LH:6
BRDA:101,0,0,2
BRDA:101,0,1,12
BRDA:110,1,0,12
BRDA:110,1,1,1
BRF:4
BRH:4
end_of_record
TN:
SF:utils/recurringExpenses.ts
FN:4,shouldMaterialize
FN:10,getLastDayOfMonth
FN:15,materializeTemplate
FN:30,materializeAllForMonth
FN:35,(anonymous_4)
FN:43,validateRecurringTemplate
FNF:6
FNH:6
FNDA:14,shouldMaterialize
FNDA:11,getLastDayOfMonth
FNDA:11,materializeTemplate
FNDA:94,materializeAllForMonth
FNDA:10,(anonymous_4)
FNDA:7,validateRecurringTemplate
DA:5,14
DA:6,11
DA:7,5
DA:11,11
DA:12,11
DA:16,11
DA:17,11
DA:18,11
DA:19,11
DA:34,94
DA:35,94
DA:36,10
DA:37,5
DA:38,5
DA:40,94
DA:46,7
DA:47,2
DA:49,5
DA:50,1
DA:52,4
DA:53,2
DA:55,2
LF:22
LH:22
BRDA:5,0,0,3
BRDA:5,0,1,11
BRDA:6,1,0,6
BRDA:6,1,1,5
BRDA:36,2,0,5
BRDA:36,2,1,5
BRDA:46,3,0,2
BRDA:46,3,1,5
BRDA:46,4,0,7
BRDA:46,4,1,5
BRDA:49,5,0,1
BRDA:49,5,1,4
BRDA:52,6,0,2
BRDA:52,6,1,2
BRDA:52,7,0,4
BRDA:52,7,1,3
BRF:16
BRH:16
end_of_record
TN:
SF:utils/reportCalculations.ts
FN:8,getDaysInMonth
FN:14,subtractMonths
FN:28,buildMonthlySnapshots
FN:38,(anonymous_3)
FN:39,(anonymous_4)
FN:41,(anonymous_5)
FN:42,(anonymous_6)
FN:44,(anonymous_7)
FN:45,(anonymous_8)
FN:47,(anonymous_9)
FN:48,(anonymous_10)
FN:57,getAverageDailySpend
FN:58,(anonymous_12)
FN:60,(anonymous_13)
FN:69,getTopCategory
FN:72,(anonymous_15)
FN:76,(anonymous_16)
FN:80,buildReportData
FN:86,(anonymous_18)
FN:92,(anonymous_19)
FN:93,(anonymous_20)
FN:95,(anonymous_21)
FN:96,(anonymous_22)
FN:98,(anonymous_23)
FN:99,(anonymous_24)
FN:107,(anonymous_25)
FNF:26
FNH:26
FNDA:18,getDaysInMonth
FNDA:143,subtractMonths
FNDA:29,buildMonthlySnapshots
FNDA:143,(anonymous_3)
FNDA:144,(anonymous_4)
FNDA:33,(anonymous_5)
FNDA:16,(anonymous_6)
FNDA:33,(anonymous_7)
FNDA:9,(anonymous_8)
FNDA:33,(anonymous_9)
FNDA:8,(anonymous_10)
FNDA:27,getAverageDailySpend
FNDA:27,(anonymous_12)
FNDA:26,(anonymous_13)
FNDA:28,getTopCategory
FNDA:31,(anonymous_15)
FNDA:28,(anonymous_16)
FNDA:23,buildReportData
FNDA:25,(anonymous_18)
FNDA:22,(anonymous_19)
FNDA:10,(anonymous_20)
FNDA:22,(anonymous_21)
FNDA:6,(anonymous_22)
FNDA:22,(anonymous_23)
FNDA:6,(anonymous_24)
FNDA:25,(anonymous_25)
DA:9,18
DA:10,18
DA:15,143
DA:16,143
DA:17,143
DA:33,29
DA:34,29
DA:35,143
DA:38,29
DA:39,144
DA:40,143
DA:41,33
DA:42,16
DA:43,143
DA:44,33
DA:45,9
DA:46,143
DA:47,33
DA:48,8
DA:49,143
DA:58,27
DA:59,27
DA:60,26
DA:61,13
DA:70,28
DA:71,14
DA:72,14
DA:73,31
DA:75,14
DA:76,28
DA:85,23
DA:86,23
DA:87,25
DA:90,23
DA:92,22
DA:93,10
DA:95,22
DA:96,6
DA:98,22
DA:99,6
DA:102,23
DA:107,25
LF:42
LH:42
BRDA:59,0,0,14
BRDA:59,0,1,13
BRDA:70,1,0,14
BRDA:70,1,1,14
BRDA:76,2,0,2
BRDA:76,2,1,26
BRF:6
BRH:6
end_of_record
TN:
SF:utils/storage.ts
FN:6,saveIncome
FN:14,loadIncome
FN:24,saveExpenses
FN:32,loadExpenses
FN:42,saveCurrency
FN:50,loadCurrency
FN:60,saveLocation
FN:75,loadLocation
FN:85,saveOnboardingCompleted
FN:98,loadOnboardingCompleted
FN:108,saveRecurringTemplates
FN:116,loadRecurringTemplates
FN:126,saveTheme
FN:134,loadTheme
FN:144,clearAllData
FNF:15
FNH:15
FNDA:91,saveIncome
FNDA:87,loadIncome
FNDA:99,saveExpenses
FNDA:88,loadExpenses
FNDA:85,saveCurrency
FNDA:87,loadCurrency
FNDA:87,saveLocation
FNDA:87,loadLocation
FNDA:86,saveOnboardingCompleted
FNDA:88,loadOnboardingCompleted
FNDA:92,saveRecurringTemplates
FNDA:88,loadRecurringTemplates
FNDA:7,saveTheme
FNDA:114,loadTheme
FNDA:4,clearAllData
DA:7,91
DA:8,91
DA:10,1
DA:15,87
DA:16,87
DA:17,86
DA:19,1
DA:20,1
DA:25,99
DA:26,99
DA:28,1
DA:33,88
DA:34,88
DA:35,87
DA:37,1
DA:38,1
DA:43,85
DA:44,85
DA:46,1
DA:51,87
DA:52,87
DA:53,86
DA:55,1
DA:56,1
DA:61,87
DA:62,87
DA:63,85
DA:65,2
DA:71,0
DA:76,87
DA:77,87
DA:78,86
DA:80,1
DA:81,1
DA:88,86
DA:89,86
DA:94,1
DA:99,88
DA:100,88
DA:101,87
DA:103,1
DA:104,1
DA:109,92
DA:110,92
DA:112,0
DA:117,88
DA:118,88
DA:119,87
DA:121,1
DA:122,1
DA:127,7
DA:128,7
DA:130,1
DA:135,114
DA:136,114
DA:137,113
DA:139,1
DA:140,1
DA:145,4
DA:146,4
DA:158,1
LF:61
LH:59
BRDA:17,0,0,1
BRDA:17,0,1,85
BRDA:35,1,0,10
BRDA:35,1,1,77
BRDA:53,2,0,86
BRDA:53,2,1,85
BRDA:62,3,0,85
BRDA:62,3,1,2
BRDA:62,4,0,87
BRDA:62,4,1,3
BRDA:78,5,0,1
BRDA:78,5,1,85
BRDA:101,6,0,21
BRDA:101,6,1,66
BRDA:119,7,0,6
BRDA:119,7,1,81
BRF:16
BRH:16
end_of_record
TN:
SF:utils/validation.ts
FN:3,validateExpense
FN:23,validateIncome
FNF:2
FNH:2
FNDA:14,validateExpense
FNDA:5,validateIncome
DA:4,14
DA:5,4
DA:8,10
DA:9,2
DA:12,8
DA:13,1
DA:16,7
DA:17,2
DA:20,5
DA:24,5
DA:25,1
DA:28,4
DA:29,1
DA:32,3
LF:14
LH:14
BRDA:4,0,0,4
BRDA:4,0,1,10
BRDA:4,1,0,14
BRDA:4,1,1,11
BRDA:8,2,0,2
BRDA:8,2,1,8
BRDA:12,3,0,1
BRDA:12,3,1,7
BRDA:16,4,0,2
BRDA:16,4,1,5
BRDA:24,5,0,1
BRDA:24,5,1,4
BRDA:28,6,0,1
BRDA:28,6,1,3
BRF:14
BRH:14
end_of_record
